#
# A fatal error has been detected by the Java Runtime Environment:
#
#  SIGSEGV (0xb) at pc=0x00007fff5dee9697, pid=8735, tid=96515
#
# JRE version: OpenJDK Runtime Environment AdoptOpenJDK (15.0.1+9) (build 15.0.1+9)
# Java VM: OpenJDK 64-Bit Server VM AdoptOpenJDK (15.0.1+9, mixed mode, sharing, tiered, compressed oops, g1 gc, bsd-amd64)
# Problematic frame:
# C  [libobjc.A.dylib+0x6697]  objc_msgSend+0x17
#
# No core dump will be written. Core dumps have been disabled. To enable core dumping, try "ulimit -c unlimited" before starting Java again
#
# If you would like to submit a bug report, please visit:
#   https://github.com/AdoptOpenJDK/openjdk-support/issues
# The crash happened outside the Java Virtual Machine in native code.
# See problematic frame for where to report the bug.
#

---------------  S U M M A R Y ------------

Command Line: --add-modules=javafx.controls,javafx.swing --module-path=/Users/marinebijon/.gradle/caches/modules-2/files-2.1/org.openjfx/javafx-controls/15.0.1/cb743a50156d7eca281bfc3547aff4d146972e02/javafx-controls-15.0.1-mac.jar:/Users/marinebijon/.gradle/caches/modules-2/files-2.1/org.openjfx/javafx-swing/15.0.1/1dcabb4f0d50c00fc9cc92306131762fc4977abd/javafx-swing-15.0.1-mac.jar:/Users/marinebijon/.gradle/caches/modules-2/files-2.1/org.openjfx/javafx-graphics/15.0.1/98ced13a06ad705ce0014df60794cedbf297080b/javafx-graphics-15.0.1-mac.jar:/Users/marinebijon/.gradle/caches/modules-2/files-2.1/org.openjfx/javafx-base/15.0.1/b91bc3dfc230b46f11146686648a42921de0c23/javafx-base-15.0.1-mac.jar -Dfile.encoding=UTF-8 -Duser.country=FR -Duser.language=fr -Duser.variant Main

Host: MacBookPro14,1 x86_64 2300 MHz, 4 cores, 8G, Darwin 18.7.0
Time: Thu Jan 21 23:42:59 2021 CET elapsed time: 69.867521 seconds (0d 0h 1m 9s)

---------------  T H R E A D  ---------------

Current thread (0x00007fcf316ec000):  JavaThread "pool-3-thread-1" [_thread_in_native, id=96515, stack(0x0000700007527000,0x0000700007627000)]

Stack: [0x0000700007527000,0x0000700007627000],  sp=0x00007000076265c8,  free space=1021k
Native frames: (J=compiled Java code, A=aot compiled Java code, j=interpreted, Vv=VM code, C=native code)
C  [libobjc.A.dylib+0x6697]  objc_msgSend+0x17
C  [libopencv_videoio.4.4.dylib+0x2e15b]  cv::AVIWriteContainer::jflushStream(unsigned int, int)+0x2f5b
C  [libopencv_videoio.4.4.dylib+0xd46f]  cvGrabFrame+0xf
C  [libopencv_videoio.4.4.dylib+0x30f12]  cv::AVIWriteContainer::jflushStream(unsigned int, int)+0x5d12
C  [libopencv_videoio.4.4.dylib+0x1107d]  cv::VideoCapture::grab()+0x2d
C  [libjniopencv_videoio.dylib+0x68d3]  Java_org_bytedeco_opencv_opencv_1videoio_VideoCapture_grab+0x53
J 3850  org.bytedeco.opencv.opencv_videoio.VideoCapture.grab()Z (0 bytes) @ 0x00000001177bdbd9 [0x00000001177bdb20+0x00000000000000b9]
J 3865 c1 org.bytedeco.javacv.OpenCVFrameGrabber.grab()Lorg/bytedeco/javacv/Frame; (255 bytes) @ 0x00000001107ded64 [0x00000001107dec00+0x0000000000000164]
J 3864 c1 org.bytedeco.javacv.FrameGrabber.grabFrame()Lorg/bytedeco/javacv/Frame; (5 bytes) @ 0x00000001107de724 [0x00000001107de620+0x0000000000000104]
j  ClassifyWebcam.lambda$new$1(Lorg/bytedeco/javacv/OpenCVFrameGrabber;Lorg/bytedeco/javacv/OpenCVFrameConverter$ToIplImage;Ljavafx/scene/control/Label;Ljavafx/scene/image/ImageView;Ljavafx/stage/Stage;)V+62
j  ClassifyWebcam$$Lambda$385+0x0000000800d96f68.run()V+24
j  java.util.concurrent.ThreadPoolExecutor.runWorker(Ljava/util/concurrent/ThreadPoolExecutor$Worker;)V+92 java.base@15.0.1
j  java.util.concurrent.ThreadPoolExecutor$Worker.run()V+5 java.base@15.0.1
j  java.lang.Thread.run()V+11 java.base@15.0.1
v  ~StubRoutines::call_stub
V  [libjvm.dylib+0x4bb5e2]  JavaCalls::call_helper(JavaValue*, methodHandle const&, JavaCallArguments*, Thread*)+0x2e2
V  [libjvm.dylib+0x4ba4c9]  JavaCalls::call_virtual(JavaValue*, Klass*, Symbol*, Symbol*, JavaCallArguments*, Thread*)+0x1e9
V  [libjvm.dylib+0x4ba593]  JavaCalls::call_virtual(JavaValue*, Handle, Klass*, Symbol*, Symbol*, Thread*)+0x63
V  [libjvm.dylib+0x568ea0]  thread_entry(JavaThread*, Thread*)+0xb0
V  [libjvm.dylib+0xa20452]  JavaThread::thread_main_inner()+0xb2
V  [libjvm.dylib+0xa1d521]  Thread::call_run()+0x71
V  [libjvm.dylib+0x83f987]  thread_native_entry(Thread*)+0x197
C  [libsystem_pthread.dylib+0x32eb]  _pthread_body+0x7e
C  [libsystem_pthread.dylib+0x6249]  _pthread_start+0x42
C  [libsystem_pthread.dylib+0x240d]  thread_start+0xd

Java frames: (J=compiled Java code, j=interpreted, Vv=VM code)
J 3850  org.bytedeco.opencv.opencv_videoio.VideoCapture.grab()Z (0 bytes) @ 0x00000001177bdb68 [0x00000001177bdb20+0x0000000000000048]
J 3865 c1 org.bytedeco.javacv.OpenCVFrameGrabber.grab()Lorg/bytedeco/javacv/Frame; (255 bytes) @ 0x00000001107ded64 [0x00000001107dec00+0x0000000000000164]
J 3864 c1 org.bytedeco.javacv.FrameGrabber.grabFrame()Lorg/bytedeco/javacv/Frame; (5 bytes) @ 0x00000001107de724 [0x00000001107de620+0x0000000000000104]
j  ClassifyWebcam.lambda$new$1(Lorg/bytedeco/javacv/OpenCVFrameGrabber;Lorg/bytedeco/javacv/OpenCVFrameConverter$ToIplImage;Ljavafx/scene/control/Label;Ljavafx/scene/image/ImageView;Ljavafx/stage/Stage;)V+62
j  ClassifyWebcam$$Lambda$385+0x0000000800d96f68.run()V+24
j  java.util.concurrent.ThreadPoolExecutor.runWorker(Ljava/util/concurrent/ThreadPoolExecutor$Worker;)V+92 java.base@15.0.1
j  java.util.concurrent.ThreadPoolExecutor$Worker.run()V+5 java.base@15.0.1
j  java.lang.Thread.run()V+11 java.base@15.0.1
v  ~StubRoutines::call_stub

siginfo: si_signo: 11 (SIGSEGV), si_code: 0 (unknown), si_addr: 0x0000000000000000

Register to memory mapping:

RAX=0x0 is NULL
RBX=0x00007fcf3485ad40 points into unknown readable memory: 0x00000000434f4e44 | 44 4e 4f 43 00 00 00 00
RCX=0x0 is NULL
RDX=0x0 is NULL
RSP=0x00007000076265c8 is pointing into the stack for thread: 0x00007fcf316ec000
RBP=0x00007000076265f0 is pointing into the stack for thread: 0x00007fcf316ec000
RSI=0x00007fff318f2c41: GCC_except_table7+0x65a5 in /System/Library/Frameworks/AppKit.framework/Versions/C/AppKit at 0x00007fff30d4f000
RDI=0x8000000000000000 is an unknown value
R8 =0x000000005f67ff00 is an unknown value
R9 =0x00007fcf3485af10 points into unknown readable memory: 0x0000000000000000 | 00 00 00 00 00 00 00 00
R10=0x00007ffffffffff8 is an unknown value
R11=0x00007fcf3485af0c points into unknown readable memory: 03 80 00 00
R12=0x0000000000000010 is an unknown value
R13=0x0000700007626878 is pointing into the stack for thread: 0x00007fcf316ec000
R14=0x0 is NULL
R15=0x0000000000000008 is an unknown value


Registers:
RAX=0x0000000000000000, RBX=0x00007fcf3485ad40, RCX=0x0000000000000000, RDX=0x0000000000000000
RSP=0x00007000076265c8, RBP=0x00007000076265f0, RSI=0x00007fff318f2c41, RDI=0x8000000000000000
R8 =0x000000005f67ff00, R9 =0x00007fcf3485af10, R10=0x00007ffffffffff8, R11=0x00007fcf3485af0c
R12=0x0000000000000010, R13=0x0000700007626878, R14=0x0000000000000000, R15=0x0000000000000008
RIP=0x00007fff5dee9697, EFLAGS=0x0000000000010246, ERR=0x0000000000000000
  TRAPNO=0x000000000000000d

Top of Stack: (sp=0x00007000076265c8)
0x00007000076265c8:   000000012b770b43 00007fff5dee9680
0x00007000076265d8:   0000000000000000 00007fcf33255060
0x00007000076265e8:   00007fcf334d4480 0000700007626620
0x00007000076265f8:   000000012b77015b 000000012b77d920
0x0000700007626608:   00007fcf334d4450 00007fcf316ec328
0x0000700007626618:   00007000076266d0 0000700007626630
0x0000700007626628:   000000012b74f46f 0000700007626640
0x0000700007626638:   000000012b772f12 0000700007626690
0x0000700007626648:   000000012b75307d 0000700000000000
0x0000700007626658:   0000000000000000 00007fcf334d4450
0x0000700007626668:   00007000076266d8 0000000000000000
0x0000700007626678:   0000000100000000 00007fcf334d4450
0x0000700007626688:   00007fcf316ec328 00007000076266c0
0x0000700007626698:   000000012b6858d3 000000013f9ef388
0x00007000076266a8:   00000007814403e0 0000000000000000
0x00007000076266b8:   00007fcf316ec000 0000700007626710
0x00007000076266c8:   00000001177bdbd9 00000007814403e0
0x00007000076266d8:   0000000781440458 000000078903e580
0x00007000076266e8:   0000000100000000 00000007894fa098
0x00007000076266f8:   000000078903e680 00007000076268c8
0x0000700007626708:   000000011054cca4 00007000076268c8
0x0000700007626718:   00000001107ded64 00007000076268c8
0x0000700007626728:   000000011034ae3c 0000000780a748c0
0x0000700007626738:   000000078903df48 00007000076268c8
0x0000700007626748:   000000011069081c 000000078903df48
0x0000700007626758:   0000000110896246 000000078903dec8
0x0000700007626768:   00000007894fa308 0000000780a748c0
0x0000700007626778:   0000000780a598c0 0000000000000009
0x0000700007626788:   00000007800e5888 0000000000000009
0x0000700007626798:   00000007800e5460 0000000780a1cec8
0x00007000076267a8:   00000007800e5960 00000031221be209
0x00007000076267b8:   000000078903e580 00007000076268c8 

Instructions: (pc=0x00007fff5dee9697)
0x00007fff5dee9597:   89 f8 5d c3 48 8d 05 96 9b db 37 48 8b 30 5d e9
0x00007fff5dee95a7:   d5 00 00 00 5d e9 65 79 00 00 31 f6 5d e9 d5 70
0x00007fff5dee95b7:   00 00 90 90 90 90 90 90 90 31 c0 31 d2 0f 57 c0
0x00007fff5dee95c7:   0f 57 c9 c3 90 d9 ee 31 c0 31 d2 0f 57 c0 0f 57
0x00007fff5dee95d7:   c9 c3 0f 1f 00 d9 ee d9 ee 31 c0 31 d2 0f 57 c0
0x00007fff5dee95e7:   0f 57 c9 c3 90 48 89 f8 c3 49 89 fa 49 89 f3 45
0x00007fff5dee95f7:   23 5a 18 49 c1 e3 04 4d 03 5a 10 49 3b 33 75 05
0x00007fff5dee9607:   49 8b 43 08 c3 49 83 3b 01 76 0e 49 83 c3 10 49
0x00007fff5dee9617:   3b 33 75 f1 49 8b 43 08 c3 72 1c 4d 8b 5b 08 eb
0x00007fff5dee9627:   0a 49 83 3b 01 76 0e 49 83 c3 10 49 3b 33 75 f1
0x00007fff5dee9637:   49 8b 43 08 c3 eb 00 31 c0 c3 66 2e 0f 1f 84 00
0x00007fff5dee9647:   00 00 00 00 66 2e 0f 1f 84 00 00 00 00 00 66 2e
0x00007fff5dee9657:   0f 1f 84 00 00 00 00 00 66 2e 0f 1f 84 00 00 00
0x00007fff5dee9667:   00 00 66 2e 0f 1f 84 00 00 00 00 00 66 2e 0f 1f
0x00007fff5dee9677:   84 00 00 00 00 00 0f 1f 00 48 85 ff 2e 74 62 40
0x00007fff5dee9687:   f6 c7 01 2e 75 66 49 ba f8 ff ff ff ff 7f 00 00
0x00007fff5dee9697:   4c 23 17 49 89 f3 45 23 5a 18 49 c1 e3 04 4d 03
0x00007fff5dee96a7:   5a 10 49 3b 33 75 04 41 ff 63 08 49 83 3b 01 76
0x00007fff5dee96b7:   0d 49 83 c3 10 49 3b 33 75 f1 41 ff 63 08 72 68
0x00007fff5dee96c7:   4d 8b 5b 08 eb 0a 49 83 3b 01 76 0d 49 83 c3 10
0x00007fff5dee96d7:   49 3b 33 75 f1 41 ff 63 08 eb 4d 66 0f 1f 44 00
0x00007fff5dee96e7:   00 31 c0 31 d2 0f 57 c0 0f 57 c9 c3 41 89 fb 41
0x00007fff5dee96f7:   83 e3 0f 4c 8d 15 9f 2c c3 37 4f 8b 14 da 4c 8d
0x00007fff5dee9707:   1d 5c 2a c3 37 4d 39 d3 75 89 41 89 fb 41 c1 eb
0x00007fff5dee9717:   04 41 81 e3 ff 00 00 00 4c 8d 15 fa 2c c3 37 4f
0x00007fff5dee9727:   8b 14 da e9 6b ff ff ff e9 9c 09 00 00 66 2e 0f
0x00007fff5dee9737:   1f 84 00 00 00 00 00 66 90 48 85 ff 2e 74 62 40
0x00007fff5dee9747:   f6 c7 01 2e 75 63 49 ba f8 ff ff ff ff 7f 00 00
0x00007fff5dee9757:   4c 23 17 49 89 f3 45 23 5a 18 49 c1 e3 04 4d 03
0x00007fff5dee9767:   5a 10 49 3b 33 75 05 4d 8b 5b 08 c3 49 83 3b 01
0x00007fff5dee9777:   76 0e 49 83 c3 10 49 3b 33 75 f1 4d 8b 5b 08 c3
0x00007fff5dee9787:   72 63 4d 8b 5b 08 eb 0a 49 83 3b 01 76 0e 49 83 


Stack slot to memory mapping:
stack at sp + 0 slots: 0x000000012b770b43: _ZN2cv17AVIWriteContainer12jflushStreamEji+0x3943 in /Users/marinebijon/.javacpp/cache/opencv-4.4.0-1.5.4-macosx-x86_64.jar/org/bytedeco/opencv/macosx-x86_64/libopencv_videoio.4.4.dylib at 0x000000012b742000
stack at sp + 1 slots: 0x00007fff5dee9680: objc_msgSend+0 in /usr/lib/libobjc.A.dylib at 0x00007fff5dee3000
stack at sp + 2 slots: 0x0 is NULL
stack at sp + 3 slots: 0x00007fcf33255060 points into unknown readable memory: 0x001dffff8eee0329 | 29 03 ee 8e ff ff 1d 00
stack at sp + 4 slots: 0x00007fcf334d4480 points into unknown readable memory: 0x0000000000000000 | 00 00 00 00 00 00 00 00
stack at sp + 5 slots: 0x0000700007626620 is pointing into the stack for thread: 0x00007fcf316ec000
stack at sp + 6 slots: 0x000000012b77015b: _ZN2cv17AVIWriteContainer12jflushStreamEji+0x2f5b in /Users/marinebijon/.javacpp/cache/opencv-4.4.0-1.5.4-macosx-x86_64.jar/org/bytedeco/opencv/macosx-x86_64/libopencv_videoio.4.4.dylib at 0x000000012b742000
stack at sp + 7 slots: 0x000000012b77d920: _ZTINSt3__114basic_ofstreamIcNS_11char_traitsIcEEEE+0xd0 in /Users/marinebijon/.javacpp/cache/opencv-4.4.0-1.5.4-macosx-x86_64.jar/org/bytedeco/opencv/macosx-x86_64/libopencv_videoio.4.4.dylib at 0x000000012b742000


---------------  P R O C E S S  ---------------

Threads class SMR info:
_java_thread_list=0x00007fcf36bbfce0, length=21, elements={
0x00007fcf31000000, 0x00007fcf31022a00, 0x00007fcf32005600, 0x00007fcf32005c00,
0x00007fcf32000400, 0x00007fcf32000a00, 0x00007fcf32021200, 0x00007fcf32021800,
0x00007fcf31024400, 0x00007fcf32801000, 0x00007fcf32079800, 0x00007fcf3191f800,
0x00007fcf3115a000, 0x00007fcf32941200, 0x00007fcf323a3600, 0x00007fcf32a20a00,
0x00007fcf320a0e00, 0x00007fcf316ec000, 0x00007fcf31a78a00, 0x00007fcf316fa400,
0x00007fcf319f9800
}

Java Threads: ( => current thread )
  0x00007fcf31000000 JavaThread "main" [_thread_blocked, id=6659, stack(0x000070000563e000,0x000070000573e000)]
  0x00007fcf31022a00 JavaThread "Reference Handler" daemon [_thread_blocked, id=16899, stack(0x0000700005d53000,0x0000700005e53000)]
  0x00007fcf32005600 JavaThread "Finalizer" daemon [_thread_blocked, id=16387, stack(0x0000700005e56000,0x0000700005f56000)]
  0x00007fcf32005c00 JavaThread "Signal Dispatcher" daemon [_thread_blocked, id=23299, stack(0x0000700005f59000,0x0000700006059000)]
  0x00007fcf32000400 JavaThread "Service Thread" daemon [_thread_blocked, id=42243, stack(0x000070000605c000,0x000070000615c000)]
  0x00007fcf32000a00 JavaThread "C2 CompilerThread0" daemon [_thread_blocked, id=24579, stack(0x000070000615f000,0x000070000625f000)]
  0x00007fcf32021200 JavaThread "C1 CompilerThread0" daemon [_thread_blocked, id=41731, stack(0x0000700006262000,0x0000700006362000)]
  0x00007fcf32021800 JavaThread "Sweeper thread" daemon [_thread_blocked, id=25347, stack(0x0000700006365000,0x0000700006465000)]
  0x00007fcf31024400 JavaThread "Common-Cleaner" daemon [_thread_blocked, id=40451, stack(0x0000700006468000,0x0000700006568000)]
  0x00007fcf32801000 JavaThread "Notification Thread" daemon [_thread_blocked, id=39939, stack(0x000070000656b000,0x000070000666b000)]
  0x00007fcf32079800 JavaThread "QuantumRenderer-0" daemon [_thread_blocked, id=39427, stack(0x0000700006771000,0x0000700006871000)]
  0x00007fcf3191f800 JavaThread "InvokeLaterDispatcher" daemon [_thread_blocked, id=30979, stack(0x0000700006874000,0x0000700006974000)]
  0x00007fcf3115a000 JavaThread "JavaFX Application Thread" [_thread_in_native, id=775, stack(0x00007ffeea1e2000,0x00007ffeea9e2000)]
  0x00007fcf32941200 JavaThread "JavaFX-Launcher" [_thread_blocked, id=56583, stack(0x0000700006e09000,0x0000700006f09000)]
  0x00007fcf323a3600 JavaThread "Prism Font Disposer" daemon [_thread_blocked, id=59139, stack(0x0000700006f0c000,0x000070000700c000)]
  0x00007fcf32a20a00 JavaThread "Cleaner-0" daemon [_thread_blocked, id=65547, stack(0x0000700007092000,0x0000700007192000)]
  0x00007fcf320a0e00 JavaThread "JavaCPP Deallocator" daemon [_thread_blocked, id=67851, stack(0x0000700007195000,0x0000700007295000)]
=>0x00007fcf316ec000 JavaThread "pool-3-thread-1" [_thread_in_native, id=96515, stack(0x0000700007527000,0x0000700007627000)]
  0x00007fcf31a78a00 JavaThread "Timer-0" [_thread_in_native, id=97539, stack(0x000070000762a000,0x000070000772a000)]
  0x00007fcf316fa400 JavaThread "Java2D Disposer" daemon [_thread_blocked, id=120583, stack(0x00007000077b0000,0x00007000078b0000)]
  0x00007fcf319f9800 JavaThread "Java2D Queue Flusher" daemon [_thread_blocked, id=120323, stack(0x00007000078b3000,0x00007000079b3000)]

Other Threads:
  0x00007fcf30e1fe50 VMThread "VM Thread" [stack: 0x0000700005c50000,0x0000700005d50000] [id=17155]
  0x00007fcf30d3c7f0 WatcherThread [stack: 0x000070000666e000,0x000070000676e000] [id=39683]
  0x00007fcf30e03220 GCTaskThread "GC Thread#0" [stack: 0x0000700005741000,0x0000700005841000] [id=19715]
  0x00007fcf30dd5a70 GCTaskThread "GC Thread#1" [stack: 0x0000700006a7d000,0x0000700006b7d000] [id=80903]
  0x00007fcf30dd6510 GCTaskThread "GC Thread#2" [stack: 0x0000700006b80000,0x0000700006c80000] [id=51715]
  0x00007fcf30dd7110 GCTaskThread "GC Thread#3" [stack: 0x0000700006c83000,0x0000700006d83000] [id=80643]
  0x00007fcf30c10000 ConcurrentGCThread "G1 Main Marker" [stack: 0x0000700005844000,0x0000700005944000] [id=13315]
  0x00007fcf30c11070 ConcurrentGCThread "G1 Conc#0" [stack: 0x0000700005947000,0x0000700005a47000] [id=18435]
  0x00007fcf30e1e810 ConcurrentGCThread "G1 Refine#0" [stack: 0x0000700005a4a000,0x0000700005b4a000] [id=13571]
  0x00007fcf30f04f40 ConcurrentGCThread "G1 Young RemSet Sampling" [stack: 0x0000700005b4d000,0x0000700005c4d000] [id=17411]

Threads with active compile tasks:

VM state: not at safepoint (normal execution)

VM Mutex/Monitor currently owned by a thread: None

Heap address: 0x0000000780000000, size: 2048 MB, Compressed Oops mode: Zero based, Oop shift amount: 3
CDS archive(s) mapped at: [0x0000000800000000-0x0000000800b2d000-0x0000000800b2d000), size 11718656, SharedBaseAddress: 0x0000000800000000, ArchiveRelocationMode: 0.
Compressed class space mapped at: 0x0000000800b30000-0x0000000840b30000, size: 1073741824
Narrow klass base: 0x0000000800000000, Narrow klass shift: 3, Narrow klass range: 0x100000000

GC Precious Log:
 CPUs: 4 total, 4 available
 Memory: 8192M
 Large Page Support: Disabled
 NUMA Support: Disabled
 Compressed Oops: Enabled (Zero based)
 Heap Region Size: 1M
 Heap Min Capacity: 8M
 Heap Initial Capacity: 128M
 Heap Max Capacity: 2G
 Pre-touch: Disabled
 Parallel Workers: 4
 Concurrent Workers: 1
 Concurrent Refinement Workers: 4
 Periodic GC: Disabled

Heap:
 garbage-first heap   total 160768K, used 88774K [0x0000000780000000, 0x0000000800000000)
  region size 1024K, 3 young (3072K), 1 survivors (1024K)
 Metaspace       used 25538K, capacity 25845K, committed 26288K, reserved 1073152K
  class space    used 2689K, capacity 2777K, committed 2816K, reserved 1048576K

Heap Regions: E=young(eden), S=young(survivor), O=old, HS=humongous(starts), HC=humongous(continues), CS=collection set, F=free, OA=open archive, CA=closed archive, TAMS=top-at-mark-start (previous, next)
|   0|0x0000000780000000, 0x0000000780100000, 0x0000000780100000|100%| O|  |TAMS 0x0000000780100000, 0x0000000780000000| Untracked 
|   1|0x0000000780100000, 0x0000000780200000, 0x0000000780200000|100%| O|  |TAMS 0x0000000780200000, 0x0000000780100000| Untracked 
|   2|0x0000000780200000, 0x0000000780300000, 0x0000000780300000|100%| O|  |TAMS 0x0000000780300000, 0x0000000780200000| Untracked 
|   3|0x0000000780300000, 0x0000000780400000, 0x0000000780400000|100%| O|  |TAMS 0x0000000780400000, 0x0000000780300000| Untracked 
|   4|0x0000000780400000, 0x0000000780500000, 0x0000000780500000|100%|HS|  |TAMS 0x0000000780500000, 0x0000000780400000| Complete 
|   5|0x0000000780500000, 0x0000000780600000, 0x0000000780600000|100%|HC|  |TAMS 0x0000000780600000, 0x0000000780500000| Complete 
|   6|0x0000000780600000, 0x0000000780700000, 0x0000000780700000|100%| O|  |TAMS 0x0000000780700000, 0x0000000780600000| Untracked 
|   7|0x0000000780700000, 0x0000000780800000, 0x0000000780800000|100%| O|  |TAMS 0x0000000780800000, 0x0000000780700000| Untracked 
|   8|0x0000000780800000, 0x000000078082c800, 0x0000000780900000| 17%| O|  |TAMS 0x000000078082c800, 0x0000000780800000| Untracked 
|   9|0x0000000780900000, 0x0000000780928600, 0x0000000780a00000| 15%| O|  |TAMS 0x0000000780928600, 0x0000000780900000| Untracked 
|  10|0x0000000780a00000, 0x0000000780ab7e00, 0x0000000780b00000| 71%| O|  |TAMS 0x0000000780ab7e00, 0x0000000780a00000| Untracked 
|  11|0x0000000780b00000, 0x0000000780b2fa00, 0x0000000780c00000| 18%| O|  |TAMS 0x0000000780b2fa00, 0x0000000780b00000| Untracked 
|  12|0x0000000780c00000, 0x0000000780d00000, 0x0000000780d00000|100%|HS|  |TAMS 0x0000000780d00000, 0x0000000780c00000| Complete 
|  13|0x0000000780d00000, 0x0000000780e00000, 0x0000000780e00000|100%|HC|  |TAMS 0x0000000780e00000, 0x0000000780d00000| Complete 
|  14|0x0000000780e00000, 0x0000000780f00000, 0x0000000780f00000|100%|HC|  |TAMS 0x0000000780f00000, 0x0000000780e00000| Complete 
|  15|0x0000000780f00000, 0x0000000780f00000, 0x0000000781000000|  0%| F|  |TAMS 0x0000000780f00000, 0x0000000780f00000| Untracked 
|  16|0x0000000781000000, 0x0000000781000000, 0x0000000781100000|  0%| F|  |TAMS 0x0000000781000000, 0x0000000781000000| Untracked 
|  17|0x0000000781100000, 0x0000000781100000, 0x0000000781200000|  0%| F|  |TAMS 0x0000000781100000, 0x0000000781100000| Untracked 
|  18|0x0000000781200000, 0x0000000781200000, 0x0000000781300000|  0%| F|  |TAMS 0x0000000781200000, 0x0000000781200000| Untracked 
|  19|0x0000000781300000, 0x000000078132e000, 0x0000000781400000| 17%| O|  |TAMS 0x000000078132e000, 0x0000000781300000| Untracked 
|  20|0x0000000781400000, 0x0000000781500000, 0x0000000781500000|100%| O|  |TAMS 0x0000000781500000, 0x0000000781400000| Untracked 
|  21|0x0000000781500000, 0x000000078152c400, 0x0000000781600000| 17%| O|  |TAMS 0x000000078152c400, 0x0000000781500000| Untracked 
|  22|0x0000000781600000, 0x000000078162ac00, 0x0000000781700000| 16%| O|  |TAMS 0x000000078162ac00, 0x0000000781600000| Untracked 
|  23|0x0000000781700000, 0x0000000781800000, 0x0000000781800000|100%| O|  |TAMS 0x0000000781800000, 0x0000000781700000| Untracked 
|  24|0x0000000781800000, 0x0000000781900000, 0x0000000781900000|100%| O|  |TAMS 0x0000000781900000, 0x0000000781800000| Untracked 
|  25|0x0000000781900000, 0x0000000781a00000, 0x0000000781a00000|100%| O|  |TAMS 0x0000000781a00000, 0x0000000781900000| Untracked 
|  26|0x0000000781a00000, 0x0000000781a00000, 0x0000000781b00000|  0%| F|  |TAMS 0x0000000781a00000, 0x0000000781a00000| Untracked 
|  27|0x0000000781b00000, 0x0000000781b00000, 0x0000000781c00000|  0%| F|  |TAMS 0x0000000781b00000, 0x0000000781b00000| Untracked 
|  28|0x0000000781c00000, 0x0000000781c00000, 0x0000000781d00000|  0%| F|  |TAMS 0x0000000781c00000, 0x0000000781c00000| Untracked 
|  29|0x0000000781d00000, 0x0000000781d00000, 0x0000000781e00000|  0%| F|  |TAMS 0x0000000781d00000, 0x0000000781d00000| Untracked 
|  30|0x0000000781e00000, 0x0000000781e00000, 0x0000000781f00000|  0%| F|  |TAMS 0x0000000781e00000, 0x0000000781e00000| Untracked 
|  31|0x0000000781f00000, 0x0000000781f00000, 0x0000000782000000|  0%| F|  |TAMS 0x0000000781f00000, 0x0000000781f00000| Untracked 
|  32|0x0000000782000000, 0x0000000782000000, 0x0000000782100000|  0%| F|  |TAMS 0x0000000782000000, 0x0000000782000000| Untracked 
|  33|0x0000000782100000, 0x0000000782200000, 0x0000000782200000|100%|HS|  |TAMS 0x0000000782200000, 0x0000000782100000| Complete 
|  34|0x0000000782200000, 0x0000000782300000, 0x0000000782300000|100%|HC|  |TAMS 0x0000000782300000, 0x0000000782200000| Complete 
|  35|0x0000000782300000, 0x0000000782400000, 0x0000000782400000|100%|HC|  |TAMS 0x0000000782400000, 0x0000000782300000| Complete 
|  36|0x0000000782400000, 0x0000000782500000, 0x0000000782500000|100%|HC|  |TAMS 0x0000000782500000, 0x0000000782400000| Complete 
|  37|0x0000000782500000, 0x0000000782500000, 0x0000000782600000|  0%| F|  |TAMS 0x0000000782500000, 0x0000000782500000| Untracked 
|  38|0x0000000782600000, 0x0000000782600000, 0x0000000782700000|  0%| F|  |TAMS 0x0000000782600000, 0x0000000782600000| Untracked 
|  39|0x0000000782700000, 0x0000000782700000, 0x0000000782800000|  0%| F|  |TAMS 0x0000000782700000, 0x0000000782700000| Untracked 
|  40|0x0000000782800000, 0x0000000782800000, 0x0000000782900000|  0%| F|  |TAMS 0x0000000782800000, 0x0000000782800000| Untracked 
|  41|0x0000000782900000, 0x0000000782900000, 0x0000000782a00000|  0%| F|  |TAMS 0x0000000782900000, 0x0000000782900000| Untracked 
|  42|0x0000000782a00000, 0x0000000782a00000, 0x0000000782b00000|  0%| F|  |TAMS 0x0000000782a00000, 0x0000000782a00000| Untracked 
|  43|0x0000000782b00000, 0x0000000782b00000, 0x0000000782c00000|  0%| F|  |TAMS 0x0000000782b00000, 0x0000000782b00000| Untracked 
|  44|0x0000000782c00000, 0x0000000782c00000, 0x0000000782d00000|  0%| F|  |TAMS 0x0000000782c00000, 0x0000000782c00000| Untracked 
|  45|0x0000000782d00000, 0x0000000782d00000, 0x0000000782e00000|  0%| F|  |TAMS 0x0000000782d00000, 0x0000000782d00000| Untracked 
|  46|0x0000000782e00000, 0x0000000782e00000, 0x0000000782f00000|  0%| F|  |TAMS 0x0000000782e00000, 0x0000000782e00000| Untracked 
|  47|0x0000000782f00000, 0x0000000782f00000, 0x0000000783000000|  0%| F|  |TAMS 0x0000000782f00000, 0x0000000782f00000| Untracked 
|  48|0x0000000783000000, 0x0000000783000000, 0x0000000783100000|  0%| F|  |TAMS 0x0000000783000000, 0x0000000783000000| Untracked 
|  49|0x0000000783100000, 0x0000000783100000, 0x0000000783200000|  0%| F|  |TAMS 0x0000000783100000, 0x0000000783100000| Untracked 
|  50|0x0000000783200000, 0x0000000783200000, 0x0000000783300000|  0%| F|  |TAMS 0x0000000783200000, 0x0000000783200000| Untracked 
|  51|0x0000000783300000, 0x0000000783300000, 0x0000000783400000|  0%| F|  |TAMS 0x0000000783300000, 0x0000000783300000| Untracked 
|  52|0x0000000783400000, 0x0000000783400000, 0x0000000783500000|  0%| F|  |TAMS 0x0000000783400000, 0x0000000783400000| Untracked 
|  53|0x0000000783500000, 0x0000000783500000, 0x0000000783600000|  0%| F|  |TAMS 0x0000000783500000, 0x0000000783500000| Untracked 
|  54|0x0000000783600000, 0x0000000783700000, 0x0000000783700000|100%|HS|  |TAMS 0x0000000783700000, 0x0000000783600000| Complete 
|  55|0x0000000783700000, 0x0000000783800000, 0x0000000783800000|100%|HC|  |TAMS 0x0000000783800000, 0x0000000783700000| Complete 
|  56|0x0000000783800000, 0x0000000783900000, 0x0000000783900000|100%|HC|  |TAMS 0x0000000783900000, 0x0000000783800000| Complete 
|  57|0x0000000783900000, 0x0000000783a00000, 0x0000000783a00000|100%|HC|  |TAMS 0x0000000783a00000, 0x0000000783900000| Complete 
|  58|0x0000000783a00000, 0x0000000783b00000, 0x0000000783b00000|100%|HS|  |TAMS 0x0000000783b00000, 0x0000000783a00000| Complete 
|  59|0x0000000783b00000, 0x0000000783c00000, 0x0000000783c00000|100%|HC|  |TAMS 0x0000000783c00000, 0x0000000783b00000| Complete 
|  60|0x0000000783c00000, 0x0000000783d00000, 0x0000000783d00000|100%|HC|  |TAMS 0x0000000783d00000, 0x0000000783c00000| Complete 
|  61|0x0000000783d00000, 0x0000000783e00000, 0x0000000783e00000|100%|HC|  |TAMS 0x0000000783e00000, 0x0000000783d00000| Complete 
|  62|0x0000000783e00000, 0x0000000783f00000, 0x0000000783f00000|100%|HS|  |TAMS 0x0000000783f00000, 0x0000000783e00000| Complete 
|  63|0x0000000783f00000, 0x0000000784000000, 0x0000000784000000|100%|HC|  |TAMS 0x0000000784000000, 0x0000000783f00000| Complete 
|  64|0x0000000784000000, 0x0000000784100000, 0x0000000784100000|100%|HC|  |TAMS 0x0000000784100000, 0x0000000784000000| Complete 
|  65|0x0000000784100000, 0x0000000784200000, 0x0000000784200000|100%|HC|  |TAMS 0x0000000784200000, 0x0000000784100000| Complete 
|  66|0x0000000784200000, 0x0000000784300000, 0x0000000784300000|100%|HS|  |TAMS 0x0000000784200000, 0x0000000784200000| Complete 
|  67|0x0000000784300000, 0x0000000784400000, 0x0000000784400000|100%|HC|  |TAMS 0x0000000784300000, 0x0000000784300000| Complete 
|  68|0x0000000784400000, 0x0000000784500000, 0x0000000784500000|100%|HC|  |TAMS 0x0000000784400000, 0x0000000784400000| Complete 
|  69|0x0000000784500000, 0x0000000784600000, 0x0000000784600000|100%|HC|  |TAMS 0x0000000784500000, 0x0000000784500000| Complete 
|  70|0x0000000784600000, 0x0000000784700000, 0x0000000784700000|100%|HC|  |TAMS 0x0000000784600000, 0x0000000784600000| Complete 
|  71|0x0000000784700000, 0x0000000784800000, 0x0000000784800000|100%|HC|  |TAMS 0x0000000784700000, 0x0000000784700000| Complete 
|  72|0x0000000784800000, 0x0000000784900000, 0x0000000784900000|100%|HC|  |TAMS 0x0000000784800000, 0x0000000784800000| Complete 
|  73|0x0000000784900000, 0x0000000784a00000, 0x0000000784a00000|100%|HC|  |TAMS 0x0000000784900000, 0x0000000784900000| Complete 
|  74|0x0000000784a00000, 0x0000000784b00000, 0x0000000784b00000|100%|HC|  |TAMS 0x0000000784a00000, 0x0000000784a00000| Complete 
|  75|0x0000000784b00000, 0x0000000784c00000, 0x0000000784c00000|100%|HC|  |TAMS 0x0000000784b00000, 0x0000000784b00000| Complete 
|  76|0x0000000784c00000, 0x0000000784d00000, 0x0000000784d00000|100%|HC|  |TAMS 0x0000000784c00000, 0x0000000784c00000| Complete 
|  77|0x0000000784d00000, 0x0000000784e00000, 0x0000000784e00000|100%|HC|  |TAMS 0x0000000784d00000, 0x0000000784d00000| Complete 
|  78|0x0000000784e00000, 0x0000000784f00000, 0x0000000784f00000|100%|HC|  |TAMS 0x0000000784e00000, 0x0000000784e00000| Complete 
|  79|0x0000000784f00000, 0x0000000785000000, 0x0000000785000000|100%|HC|  |TAMS 0x0000000784f00000, 0x0000000784f00000| Complete 
|  80|0x0000000785000000, 0x0000000785100000, 0x0000000785100000|100%|HC|  |TAMS 0x0000000785000000, 0x0000000785000000| Complete 
|  81|0x0000000785100000, 0x0000000785200000, 0x0000000785200000|100%|HC|  |TAMS 0x0000000785100000, 0x0000000785100000| Complete 
|  82|0x0000000785200000, 0x0000000785300000, 0x0000000785300000|100%|HC|  |TAMS 0x0000000785200000, 0x0000000785200000| Complete 
|  83|0x0000000785300000, 0x0000000785400000, 0x0000000785400000|100%|HC|  |TAMS 0x0000000785300000, 0x0000000785300000| Complete 
|  84|0x0000000785400000, 0x0000000785500000, 0x0000000785500000|100%|HC|  |TAMS 0x0000000785400000, 0x0000000785400000| Complete 
|  85|0x0000000785500000, 0x0000000785600000, 0x0000000785600000|100%|HC|  |TAMS 0x0000000785500000, 0x0000000785500000| Complete 
|  86|0x0000000785600000, 0x0000000785700000, 0x0000000785700000|100%|HC|  |TAMS 0x0000000785600000, 0x0000000785600000| Complete 
|  87|0x0000000785700000, 0x0000000785800000, 0x0000000785800000|100%|HC|  |TAMS 0x0000000785700000, 0x0000000785700000| Complete 
|  88|0x0000000785800000, 0x0000000785900000, 0x0000000785900000|100%|HC|  |TAMS 0x0000000785800000, 0x0000000785800000| Complete 
|  89|0x0000000785900000, 0x0000000785a00000, 0x0000000785a00000|100%|HC|  |TAMS 0x0000000785900000, 0x0000000785900000| Complete 
|  90|0x0000000785a00000, 0x0000000785b00000, 0x0000000785b00000|100%|HC|  |TAMS 0x0000000785a00000, 0x0000000785a00000| Complete 
|  91|0x0000000785b00000, 0x0000000785c00000, 0x0000000785c00000|100%|HC|  |TAMS 0x0000000785b00000, 0x0000000785b00000| Complete 
|  92|0x0000000785c00000, 0x0000000785d00000, 0x0000000785d00000|100%|HC|  |TAMS 0x0000000785c00000, 0x0000000785c00000| Complete 
|  93|0x0000000785d00000, 0x0000000785e00000, 0x0000000785e00000|100%|HC|  |TAMS 0x0000000785d00000, 0x0000000785d00000| Complete 
|  94|0x0000000785e00000, 0x0000000785f00000, 0x0000000785f00000|100%|HC|  |TAMS 0x0000000785e00000, 0x0000000785e00000| Complete 
|  95|0x0000000785f00000, 0x0000000786000000, 0x0000000786000000|100%|HC|  |TAMS 0x0000000785f00000, 0x0000000785f00000| Complete 
|  96|0x0000000786000000, 0x0000000786100000, 0x0000000786100000|100%|HC|  |TAMS 0x0000000786000000, 0x0000000786000000| Complete 
|  97|0x0000000786100000, 0x0000000786200000, 0x0000000786200000|100%|HC|  |TAMS 0x0000000786100000, 0x0000000786100000| Complete 
|  98|0x0000000786200000, 0x0000000786300000, 0x0000000786300000|100%|HC|  |TAMS 0x0000000786200000, 0x0000000786200000| Complete 
|  99|0x0000000786300000, 0x0000000786400000, 0x0000000786400000|100%|HC|  |TAMS 0x0000000786300000, 0x0000000786300000| Complete 
| 100|0x0000000786400000, 0x0000000786500000, 0x0000000786500000|100%|HC|  |TAMS 0x0000000786400000, 0x0000000786400000| Complete 
| 101|0x0000000786500000, 0x0000000786600000, 0x0000000786600000|100%|HC|  |TAMS 0x0000000786500000, 0x0000000786500000| Complete 
| 102|0x0000000786600000, 0x0000000786700000, 0x0000000786700000|100%|HC|  |TAMS 0x0000000786600000, 0x0000000786600000| Complete 
| 103|0x0000000786700000, 0x0000000786800000, 0x0000000786800000|100%|HC|  |TAMS 0x0000000786700000, 0x0000000786700000| Complete 
| 104|0x0000000786800000, 0x0000000786900000, 0x0000000786900000|100%|HC|  |TAMS 0x0000000786800000, 0x0000000786800000| Complete 
| 105|0x0000000786900000, 0x0000000786a00000, 0x0000000786a00000|100%|HC|  |TAMS 0x0000000786900000, 0x0000000786900000| Complete 
| 106|0x0000000786a00000, 0x0000000786b00000, 0x0000000786b00000|100%|HC|  |TAMS 0x0000000786a00000, 0x0000000786a00000| Complete 
| 107|0x0000000786b00000, 0x0000000786c00000, 0x0000000786c00000|100%|HC|  |TAMS 0x0000000786b00000, 0x0000000786b00000| Complete 
| 108|0x0000000786c00000, 0x0000000786d00000, 0x0000000786d00000|100%|HC|  |TAMS 0x0000000786c00000, 0x0000000786c00000| Complete 
| 109|0x0000000786d00000, 0x0000000786e00000, 0x0000000786e00000|100%|HC|  |TAMS 0x0000000786d00000, 0x0000000786d00000| Complete 
| 110|0x0000000786e00000, 0x0000000786f00000, 0x0000000786f00000|100%|HC|  |TAMS 0x0000000786e00000, 0x0000000786e00000| Complete 
| 111|0x0000000786f00000, 0x0000000787000000, 0x0000000787000000|100%|HC|  |TAMS 0x0000000786f00000, 0x0000000786f00000| Complete 
| 112|0x0000000787000000, 0x0000000787100000, 0x0000000787100000|100%|HC|  |TAMS 0x0000000787000000, 0x0000000787000000| Complete 
| 113|0x0000000787100000, 0x0000000787200000, 0x0000000787200000|100%|HC|  |TAMS 0x0000000787100000, 0x0000000787100000| Complete 
| 114|0x0000000787200000, 0x0000000787300000, 0x0000000787300000|100%|HC|  |TAMS 0x0000000787200000, 0x0000000787200000| Complete 
| 115|0x0000000787300000, 0x0000000787400000, 0x0000000787400000|100%|HC|  |TAMS 0x0000000787300000, 0x0000000787300000| Complete 
| 116|0x0000000787400000, 0x0000000787500000, 0x0000000787500000|100%|HC|  |TAMS 0x0000000787400000, 0x0000000787400000| Complete 
| 117|0x0000000787500000, 0x0000000787600000, 0x0000000787600000|100%|HC|  |TAMS 0x0000000787500000, 0x0000000787500000| Complete 
| 118|0x0000000787600000, 0x0000000787600000, 0x0000000787700000|  0%| F|  |TAMS 0x0000000787600000, 0x0000000787600000| Untracked 
| 119|0x0000000787700000, 0x0000000787700000, 0x0000000787800000|  0%| F|  |TAMS 0x0000000787700000, 0x0000000787700000| Untracked 
| 120|0x0000000787800000, 0x0000000787800000, 0x0000000787900000|  0%| F|  |TAMS 0x0000000787800000, 0x0000000787800000| Untracked 
| 121|0x0000000787900000, 0x0000000787900000, 0x0000000787a00000|  0%| F|  |TAMS 0x0000000787900000, 0x0000000787900000| Untracked 
| 122|0x0000000787a00000, 0x0000000787a00000, 0x0000000787b00000|  0%| F|  |TAMS 0x0000000787a00000, 0x0000000787a00000| Untracked 
| 123|0x0000000787b00000, 0x0000000787b00000, 0x0000000787c00000|  0%| F|  |TAMS 0x0000000787b00000, 0x0000000787b00000| Untracked 
| 124|0x0000000787c00000, 0x0000000787c00000, 0x0000000787d00000|  0%| F|  |TAMS 0x0000000787c00000, 0x0000000787c00000| Untracked 
| 125|0x0000000787d00000, 0x0000000787d00000, 0x0000000787e00000|  0%| F|  |TAMS 0x0000000787d00000, 0x0000000787d00000| Untracked 
| 126|0x0000000787e00000, 0x0000000787e00000, 0x0000000787f00000|  0%| F|  |TAMS 0x0000000787e00000, 0x0000000787e00000| Untracked 
| 127|0x0000000787f00000, 0x0000000787f00000, 0x0000000788000000|  0%| F|  |TAMS 0x0000000787f00000, 0x0000000787f00000| Untracked 
| 128|0x0000000788000000, 0x0000000788000000, 0x0000000788100000|  0%| F|  |TAMS 0x0000000788000000, 0x0000000788000000| Untracked 
| 129|0x0000000788100000, 0x0000000788100000, 0x0000000788200000|  0%| F|  |TAMS 0x0000000788100000, 0x0000000788100000| Untracked 
| 130|0x0000000788200000, 0x0000000788200000, 0x0000000788300000|  0%| F|  |TAMS 0x0000000788200000, 0x0000000788200000| Untracked 
| 131|0x0000000788300000, 0x0000000788300000, 0x0000000788400000|  0%| F|  |TAMS 0x0000000788300000, 0x0000000788300000| Untracked 
| 132|0x0000000788400000, 0x0000000788400000, 0x0000000788500000|  0%| F|  |TAMS 0x0000000788400000, 0x0000000788400000| Untracked 
| 133|0x0000000788500000, 0x0000000788500000, 0x0000000788600000|  0%| F|  |TAMS 0x0000000788500000, 0x0000000788500000| Untracked 
| 134|0x0000000788600000, 0x0000000788600000, 0x0000000788700000|  0%| F|  |TAMS 0x0000000788600000, 0x0000000788600000| Untracked 
| 135|0x0000000788700000, 0x0000000788700000, 0x0000000788800000|  0%| F|  |TAMS 0x0000000788700000, 0x0000000788700000| Untracked 
| 136|0x0000000788800000, 0x0000000788800000, 0x0000000788900000|  0%| F|  |TAMS 0x0000000788800000, 0x0000000788800000| Untracked 
| 137|0x0000000788900000, 0x0000000788900000, 0x0000000788a00000|  0%| F|  |TAMS 0x0000000788900000, 0x0000000788900000| Untracked 
| 138|0x0000000788a00000, 0x0000000788a00000, 0x0000000788b00000|  0%| F|  |TAMS 0x0000000788a00000, 0x0000000788a00000| Untracked 
| 139|0x0000000788b00000, 0x0000000788b00000, 0x0000000788c00000|  0%| F|  |TAMS 0x0000000788b00000, 0x0000000788b00000| Untracked 
| 140|0x0000000788c00000, 0x0000000788c00000, 0x0000000788d00000|  0%| F|  |TAMS 0x0000000788c00000, 0x0000000788c00000| Untracked 
| 141|0x0000000788d00000, 0x0000000788d00000, 0x0000000788e00000|  0%| F|  |TAMS 0x0000000788d00000, 0x0000000788d00000| Untracked 
| 142|0x0000000788e00000, 0x0000000788e26508, 0x0000000788f00000| 14%| S|CS|TAMS 0x0000000788e00000, 0x0000000788e00000| Complete 
| 143|0x0000000788f00000, 0x0000000788f00000, 0x0000000789000000|  0%| F|  |TAMS 0x0000000788f00000, 0x0000000788f00000| Untracked 
| 144|0x0000000789000000, 0x0000000789000000, 0x0000000789100000|  0%| F|  |TAMS 0x0000000789000000, 0x0000000789000000| Untracked 
| 145|0x0000000789100000, 0x0000000789100000, 0x0000000789200000|  0%| F|  |TAMS 0x0000000789100000, 0x0000000789100000| Untracked 
| 146|0x0000000789200000, 0x0000000789200000, 0x0000000789300000|  0%| F|  |TAMS 0x0000000789200000, 0x0000000789200000| Untracked 
| 147|0x0000000789300000, 0x0000000789300000, 0x0000000789400000|  0%| F|  |TAMS 0x0000000789300000, 0x0000000789300000| Untracked 
| 148|0x0000000789400000, 0x0000000789400000, 0x0000000789500000|  0%| F|  |TAMS 0x0000000789400000, 0x0000000789400000| Untracked 
| 149|0x0000000789500000, 0x0000000789500000, 0x0000000789600000|  0%| F|  |TAMS 0x0000000789500000, 0x0000000789500000| Untracked 
| 150|0x0000000789600000, 0x0000000789600000, 0x0000000789700000|  0%| F|  |TAMS 0x0000000789600000, 0x0000000789600000| Untracked 
| 151|0x0000000789700000, 0x0000000789700000, 0x0000000789800000|  0%| F|  |TAMS 0x0000000789700000, 0x0000000789700000| Untracked 
| 152|0x0000000789800000, 0x0000000789800000, 0x0000000789900000|  0%| F|  |TAMS 0x0000000789800000, 0x0000000789800000| Untracked 
| 227|0x000000078e300000, 0x000000078e3551d8, 0x000000078e400000| 33%| E|  |TAMS 0x000000078e300000, 0x000000078e300000| Complete 
| 228|0x000000078e400000, 0x000000078e500000, 0x000000078e500000|100%| E|CS|TAMS 0x000000078e400000, 0x000000078e400000| Complete 
|1022|0x00000007bfe00000, 0x00000007bfe51000, 0x00000007bff00000| 31%|OA|  |TAMS 0x00000007bfe51000, 0x00000007bfe00000| Untracked 
|1023|0x00000007bff00000, 0x00000007bff79000, 0x00000007c0000000| 47%|CA|  |TAMS 0x00000007bff79000, 0x00000007bff00000| Untracked 

Card table byte_map: [0x000000011eb6d000,0x000000011ef6d000] _byte_map_base: 0x000000011af6d000

Marking Bits (Prev, Next): (CMBitMap*) 0x00007fcf32004e50, (CMBitMap*) 0x00007fcf32004e10
 Prev Bits: [0x000000012136d000, 0x000000012336d000)
 Next Bits: [0x000000011f36d000, 0x000000012136d000)

Polling page: 0x0000000105278000

Metaspace:

Usage:
  Non-class:     22.53 MB capacity,    22.31 MB (>99%) used,   185.16 KB ( <1%) free+waste,    33.06 KB ( <1%) overhead. 
      Class:      2.71 MB capacity,     2.63 MB ( 97%) used,    76.43 KB (  3%) free+waste,    11.50 KB ( <1%) overhead. 
       Both:     25.24 MB capacity,    24.94 MB ( 99%) used,   261.59 KB (  1%) free+waste,    44.56 KB ( <1%) overhead. 

Virtual space:
  Non-class space:       24.00 MB reserved,      22.92 MB ( 96%) committed 
      Class space:        1.00 GB reserved,       2.75 MB ( <1%) committed 
             Both:        1.02 GB reserved,      25.67 MB (  2%) committed 

Chunk freelists:
   Non-Class:  308.00 KB
       Class:  7.00 KB
        Both:  315.00 KB

MaxMetaspaceSize: 17179869184.00 GB
CompressedClassSpaceSize: 1.00 GB

CodeHeap 'non-profiled nmethods': size=120032Kb used=1943Kb max_used=1943Kb free=118088Kb
 bounds [0x0000000117635000, 0x00000001178a5000, 0x000000011eb6d000]
CodeHeap 'profiled nmethods': size=120028Kb used=8464Kb max_used=8464Kb free=111563Kb
 bounds [0x00000001100fe000, 0x000000011094e000, 0x0000000117635000]
CodeHeap 'non-nmethods': size=5700Kb used=1938Kb max_used=2012Kb free=3761Kb
 bounds [0x000000010fb6d000, 0x000000010fddd000, 0x00000001100fe000]
 total_blobs=5865 nmethods=4490 adapters=1288
 compilation: enabled
              stopped_count=0, restarted_count=0
 full_count=0

Compilation events (20 events):
Event: 69.437 Thread 0x00007fcf32021200 nmethod 4505 0x000000011093d590 code [0x000000011093d740, 0x000000011093d8e0]
Event: 69.442 Thread 0x00007fcf32021200 4506       3       com.sun.javafx.tk.quantum.GlassViewEventHandler::lambda$handleBeginTouchEvent$25 (26 bytes)
Event: 69.443 Thread 0x00007fcf32021200 nmethod 4506 0x000000011093da10 code [0x000000011093dc80, 0x000000011093e730]
Event: 69.443 Thread 0x00007fcf32021200 4507       3       com.sun.javafx.tk.quantum.GlassViewEventHandler$$Lambda$352/0x0000000800d3dd08::<init> (33 bytes)
Event: 69.443 Thread 0x00007fcf32021200 nmethod 4507 0x000000011093eb90 code [0x000000011093ed20, 0x000000011093eef0]
Event: 69.443 Thread 0x00007fcf32021200 4508       3       com.sun.javafx.tk.quantum.GlassViewEventHandler$$Lambda$352/0x0000000800d3dd08::run (24 bytes)
Event: 69.443 Thread 0x00007fcf32021200 nmethod 4508 0x000000011093ef90 code [0x000000011093f120, 0x000000011093f260]
Event: 69.443 Thread 0x00007fcf32021200 4509       3       com.sun.javafx.tk.quantum.GlassViewEventHandler::lambda$handleBeginTouchEvent$24 (78 bytes)
Event: 69.443 Thread 0x00007fcf32021200 nmethod 4509 0x000000011093f310 code [0x000000011093f4c0, 0x000000011093f820]
Event: 69.444 Thread 0x00007fcf32021200 4510       3       javafx.scene.Scene$ScenePeerListener::touchEventBegin (84 bytes)
Event: 69.444 Thread 0x00007fcf32021200 nmethod 4510 0x000000011093f990 code [0x000000011093fb60, 0x0000000110940100]
Event: 69.444 Thread 0x00007fcf32021200 4511       3       com.sun.javafx.tk.quantum.GestureRecognizers::notifyBeginTouchEvent (40 bytes)
Event: 69.444 Thread 0x00007fcf32021200 nmethod 4511 0x0000000110940390 code [0x0000000110940580, 0x0000000110940bf0]
Event: 69.444 Thread 0x00007fcf32021200 4512   !   3       com.sun.javafx.tk.quantum.GlassViewEventHandler::handleEndTouchEvent (101 bytes)
Event: 69.445 Thread 0x00007fcf32021200 nmethod 4512 0x0000000110940e90 code [0x00000001109410c0, 0x00000001109419c0]
Event: 69.445 Thread 0x00007fcf32021200 4513       3       com.sun.javafx.tk.quantum.GlassViewEventHandler$$Lambda$355/0x0000000800d3ebb0::<init> (10 bytes)
Event: 69.445 Thread 0x00007fcf32021200 nmethod 4513 0x0000000110941d90 code [0x0000000110941f20, 0x00000001109420d0]
Event: 69.452 Thread 0x00007fcf32000a00 nmethod 4499 0x0000000117819110 code [0x0000000117819340, 0x000000011781a270]
Event: 69.453 Thread 0x00007fcf32000a00 4502       4       com.sun.javafx.geom.BoxBounds::deriveWithNewBounds (95 bytes)
Event: 69.455 Thread 0x00007fcf32000a00 nmethod 4502 0x000000011781ac10 code [0x000000011781ad80, 0x000000011781ae98]

GC Heap History (20 events):
Event: 67.251 GC heap before
{Heap before GC invocations=1254 (full 0):
 garbage-first heap   total 221184K, used 94871K [0x0000000780000000, 0x0000000800000000)
  region size 1024K, 6 young (6144K), 1 survivors (1024K)
 Metaspace       used 25490K, capacity 25781K, committed 26288K, reserved 1073152K
  class space    used 2687K, capacity 2777K, committed 2816K, reserved 1048576K
}
Event: 67.251 GC heap after
{Heap after GC invocations=1255 (full 0):
 garbage-first heap   total 221184K, used 79511K [0x0000000780000000, 0x0000000800000000)
  region size 1024K, 1 young (1024K), 1 survivors (1024K)
 Metaspace       used 25490K, capacity 25781K, committed 26288K, reserved 1073152K
  class space    used 2687K, capacity 2777K, committed 2816K, reserved 1048576K
}
Event: 67.336 GC heap before
{Heap before GC invocations=1256 (full 0):
 garbage-first heap   total 221184K, used 94871K [0x0000000780000000, 0x0000000800000000)
  region size 1024K, 6 young (6144K), 1 survivors (1024K)
 Metaspace       used 25491K, capacity 25781K, committed 26288K, reserved 1073152K
  class space    used 2687K, capacity 2777K, committed 2816K, reserved 1048576K
}
Event: 67.338 GC heap after
{Heap after GC invocations=1257 (full 0):
 garbage-first heap   total 221184K, used 79512K [0x0000000780000000, 0x0000000800000000)
  region size 1024K, 1 young (1024K), 1 survivors (1024K)
 Metaspace       used 25491K, capacity 25781K, committed 26288K, reserved 1073152K
  class space    used 2687K, capacity 2777K, committed 2816K, reserved 1048576K
}
Event: 67.409 GC heap before
{Heap before GC invocations=1258 (full 0):
 garbage-first heap   total 221184K, used 94872K [0x0000000780000000, 0x0000000800000000)
  region size 1024K, 6 young (6144K), 1 survivors (1024K)
 Metaspace       used 25491K, capacity 25781K, committed 26288K, reserved 1073152K
  class space    used 2687K, capacity 2777K, committed 2816K, reserved 1048576K
}
Event: 67.410 GC heap after
{Heap after GC invocations=1259 (full 0):
 garbage-first heap   total 221184K, used 30359K [0x0000000780000000, 0x0000000800000000)
  region size 1024K, 1 young (1024K), 1 survivors (1024K)
 Metaspace       used 25491K, capacity 25781K, committed 26288K, reserved 1073152K
  class space    used 2687K, capacity 2777K, committed 2816K, reserved 1048576K
}
Event: 67.614 GC heap before
{Heap before GC invocations=1260 (full 0):
 garbage-first heap   total 143360K, used 66199K [0x0000000780000000, 0x0000000800000000)
  region size 1024K, 12 young (12288K), 1 survivors (1024K)
 Metaspace       used 25491K, capacity 25781K, committed 26288K, reserved 1073152K
  class space    used 2687K, capacity 2777K, committed 2816K, reserved 1048576K
}
Event: 67.615 GC heap after
{Heap after GC invocations=1261 (full 0):
 garbage-first heap   total 172032K, used 30376K [0x0000000780000000, 0x0000000800000000)
  region size 1024K, 1 young (1024K), 1 survivors (1024K)
 Metaspace       used 25491K, capacity 25781K, committed 26288K, reserved 1073152K
  class space    used 2687K, capacity 2777K, committed 2816K, reserved 1048576K
}
Event: 67.865 GC heap before
{Heap before GC invocations=1262 (full 0):
 garbage-first heap   total 160768K, used 74408K [0x0000000780000000, 0x0000000800000000)
  region size 1024K, 12 young (12288K), 1 survivors (1024K)
 Metaspace       used 25498K, capacity 25781K, committed 26288K, reserved 1073152K
  class space    used 2687K, capacity 2777K, committed 2816K, reserved 1048576K
}
Event: 67.866 GC heap after
{Heap after GC invocations=1263 (full 0):
 garbage-first heap   total 160768K, used 34481K [0x0000000780000000, 0x0000000800000000)
  region size 1024K, 1 young (1024K), 1 survivors (1024K)
 Metaspace       used 25498K, capacity 25781K, committed 26288K, reserved 1073152K
  class space    used 2687K, capacity 2777K, committed 2816K, reserved 1048576K
}
Event: 68.072 GC heap before
{Heap before GC invocations=1264 (full 0):
 garbage-first heap   total 160768K, used 72369K [0x0000000780000000, 0x0000000800000000)
  region size 1024K, 9 young (9216K), 1 survivors (1024K)
 Metaspace       used 25506K, capacity 25781K, committed 26288K, reserved 1073152K
  class space    used 2687K, capacity 2777K, committed 2816K, reserved 1048576K
}
Event: 68.073 GC heap after
{Heap after GC invocations=1265 (full 0):
 garbage-first heap   total 160768K, used 34470K [0x0000000780000000, 0x0000000800000000)
  region size 1024K, 1 young (1024K), 1 survivors (1024K)
 Metaspace       used 25506K, capacity 25781K, committed 26288K, reserved 1073152K
  class space    used 2687K, capacity 2777K, committed 2816K, reserved 1048576K
}
Event: 68.279 GC heap before
{Heap before GC invocations=1266 (full 0):
 garbage-first heap   total 157696K, used 74406K [0x0000000780000000, 0x0000000800000000)
  region size 1024K, 12 young (12288K), 1 survivors (1024K)
 Metaspace       used 25506K, capacity 25781K, committed 26288K, reserved 1073152K
  class space    used 2687K, capacity 2777K, committed 2816K, reserved 1048576K
}
Event: 68.279 GC heap after
{Heap after GC invocations=1267 (full 0):
 garbage-first heap   total 157696K, used 34480K [0x0000000780000000, 0x0000000800000000)
  region size 1024K, 1 young (1024K), 1 survivors (1024K)
 Metaspace       used 25506K, capacity 25781K, committed 26288K, reserved 1073152K
  class space    used 2687K, capacity 2777K, committed 2816K, reserved 1048576K
}
Event: 68.523 GC heap before
{Heap before GC invocations=1268 (full 0):
 garbage-first heap   total 157696K, used 74416K [0x0000000780000000, 0x0000000800000000)
  region size 1024K, 12 young (12288K), 1 survivors (1024K)
 Metaspace       used 25513K, capacity 25845K, committed 26288K, reserved 1073152K
  class space    used 2687K, capacity 2777K, committed 2816K, reserved 1048576K
}
Event: 68.524 GC heap after
{Heap after GC invocations=1269 (full 0):
 garbage-first heap   total 157696K, used 34484K [0x0000000780000000, 0x0000000800000000)
  region size 1024K, 1 young (1024K), 1 survivors (1024K)
 Metaspace       used 25513K, capacity 25845K, committed 26288K, reserved 1073152K
  class space    used 2687K, capacity 2777K, committed 2816K, reserved 1048576K
}
Event: 68.698 GC heap before
{Heap before GC invocations=1270 (full 0):
 garbage-first heap   total 157696K, used 68276K [0x0000000780000000, 0x0000000800000000)
  region size 1024K, 9 young (9216K), 1 survivors (1024K)
 Metaspace       used 25514K, capacity 25845K, committed 26288K, reserved 1073152K
  class space    used 2687K, capacity 2777K, committed 2816K, reserved 1048576K
}
Event: 68.699 GC heap after
{Heap after GC invocations=1271 (full 0):
 garbage-first heap   total 157696K, used 34448K [0x0000000780000000, 0x0000000800000000)
  region size 1024K, 1 young (1024K), 1 survivors (1024K)
 Metaspace       used 25514K, capacity 25845K, committed 26288K, reserved 1073152K
  class space    used 2687K, capacity 2777K, committed 2816K, reserved 1048576K
}
Event: 69.282 GC heap before
{Heap before GC invocations=1272 (full 0):
 garbage-first heap   total 157696K, used 68240K [0x0000000780000000, 0x0000000800000000)
  region size 1024K, 9 young (9216K), 1 survivors (1024K)
 Metaspace       used 25517K, capacity 25845K, committed 26288K, reserved 1073152K
  class space    used 2687K, capacity 2777K, committed 2816K, reserved 1048576K
}
Event: 69.283 GC heap after
{Heap after GC invocations=1273 (full 0):
 garbage-first heap   total 157696K, used 34502K [0x0000000780000000, 0x0000000800000000)
  region size 1024K, 1 young (1024K), 1 survivors (1024K)
 Metaspace       used 25517K, capacity 25845K, committed 26288K, reserved 1073152K
  class space    used 2687K, capacity 2777K, committed 2816K, reserved 1048576K
}

Deoptimization events (20 events):
Event: 30.237 Thread 0x00007fcf31a78a00 DEOPT PACKING pc=0x00000001106f44ef sp=0x00007000077291f0
Event: 30.237 Thread 0x00007fcf31a78a00 DEOPT UNPACKING pc=0x000000010fbbaf2b sp=0x0000700007728790 mode 0
Event: 33.239 Thread 0x00007fcf31a78a00 DEOPT PACKING pc=0x00000001106f44ef sp=0x00007000077291f0
Event: 33.239 Thread 0x00007fcf31a78a00 DEOPT UNPACKING pc=0x000000010fbbaf2b sp=0x0000700007728790 mode 0
Event: 55.233 Thread 0x00007fcf316ec000 Uncommon trap: trap_request=0xffffffcc fr.pc=0x00000001177fd8f4 relative=0x0000000000001134
Event: 55.233 Thread 0x00007fcf316ec000 Uncommon trap: reason=intrinsic_or_type_checked_inlining action=make_not_entrant pc=0x00000001177fd8f4 method=java.util.ArrayList.toArray([Ljava/lang/Object;)[Ljava/lang/Object; @ 36 c2
Event: 55.233 Thread 0x00007fcf316ec000 DEOPT PACKING pc=0x00000001177fd8f4 sp=0x00007000076260e0
Event: 55.233 Thread 0x00007fcf316ec000 DEOPT UNPACKING pc=0x000000010fbbb125 sp=0x0000700007626040 mode 2
Event: 60.198 Thread 0x00007fcf316ec000 DEOPT PACKING pc=0x000000011066f4e0 sp=0x0000700007626190
Event: 60.198 Thread 0x00007fcf316ec000 DEOPT UNPACKING pc=0x000000010fbbaf2b sp=0x00007000076256d0 mode 0
Event: 64.875 Thread 0x00007fcf316ec000 DEOPT PACKING pc=0x00000001106a1525 sp=0x0000700007626310
Event: 64.875 Thread 0x00007fcf316ec000 DEOPT UNPACKING pc=0x000000010fbbaf2b sp=0x00007000076257e0 mode 0
Event: 69.366 Thread 0x00007fcf3115a000 Uncommon trap: trap_request=0xffffff45 fr.pc=0x000000011777c00c relative=0x000000000000008c
Event: 69.366 Thread 0x00007fcf3115a000 Uncommon trap: reason=unstable_if action=reinterpret pc=0x000000011777c00c method=java.lang.Math.round(F)I @ 36 c2
Event: 69.366 Thread 0x00007fcf3115a000 DEOPT PACKING pc=0x000000011777c00c sp=0x00007ffeea9d41c0
Event: 69.366 Thread 0x00007fcf3115a000 DEOPT UNPACKING pc=0x000000010fbbb125 sp=0x00007ffeea9d4160 mode 2
Event: 69.430 Thread 0x00007fcf32079800 Uncommon trap: trap_request=0xffffff45 fr.pc=0x00000001177c6db0 relative=0x0000000000000ad0
Event: 69.430 Thread 0x00007fcf32079800 Uncommon trap: reason=unstable_if action=reinterpret pc=0x00000001177c6db0 method=com.sun.prism.es2.GLContext.updateBoundTexture(I)V @ 5 c2
Event: 69.430 Thread 0x00007fcf32079800 DEOPT PACKING pc=0x00000001177c6db0 sp=0x000070000686f5d0
Event: 69.430 Thread 0x00007fcf32079800 DEOPT UNPACKING pc=0x000000010fbbb125 sp=0x000070000686f4f0 mode 2

Classes unloaded (0 events):
No events

Classes redefined (0 events):
No events

Internal exceptions (20 events):
Event: 1.520 Thread 0x00007fcf3115a000 Exception <a 'java/lang/ClassNotFoundException'{0x00000007873dd898}: com/sun/javafx/scene/control/skin/resources/controls_fr> (0x00000007873dd898) 
thrown [./src/hotspot/share/prims/jni.cpp, line 599]
Event: 1.522 Thread 0x00007fcf3115a000 Exception <a 'java/lang/ClassNotFoundException'{0x00000007873eb120}: com/sun/javafx/scene/control/skin/resources/controls_fr_FR> (0x00000007873eb120) 
thrown [./src/hotspot/share/prims/jni.cpp, line 599]
Event: 1.557 Thread 0x00007fcf3115a000 Exception <a 'java/lang/NoSuchMethodError'{0x00000007871cd1d8}: 'void java.lang.invoke.DirectMethodHandle$Holder.invokeSpecial(java.lang.Object, java.lang.Object, java.lang.Object, java.lang.Object, java.lang.Object, java.lang.Object)'> (0x00000007871cd1d8) 
thrown [./src/hotspot/share/interpreter/linkResolver.cpp, line 782]
Event: 1.640 Thread 0x00007fcf3115a000 Exception <a 'java/lang/NoSuchMethodError'{0x0000000786dd8198}: 'java.lang.Object java.lang.invoke.DirectMethodHandle$Holder.newInvokeSpecial(java.lang.Object, java.lang.Object, int)'> (0x0000000786dd8198) 
thrown [./src/hotspot/share/interpreter/linkResolver.cpp, line 782]
Event: 1.688 Thread 0x00007fcf32079800 Exception <a 'java/lang/NoSuchMethodError'{0x0000000786cdd130}: 'int java.lang.invoke.DirectMethodHandle$Holder.invokeStaticInit(java.lang.Object, java.lang.Object)'> (0x0000000786cdd130) 
thrown [./src/hotspot/share/interpreter/linkResolver.cpp, line 782]
Event: 1.758 Thread 0x00007fcf3115a000 Exception <a 'java/lang/NoSuchMethodError'{0x0000000786c462d8}: 'long java.lang.invoke.DirectMethodHandle$Holder.invokeStatic(java.lang.Object, java.lang.Object, java.lang.Object)'> (0x0000000786c462d8) 
thrown [./src/hotspot/share/interpreter/linkResolver.cpp, line 782]
Event: 1.758 Thread 0x00007fcf3115a000 Exception <a 'java/lang/NoSuchMethodError'{0x0000000786c49c88}: 'long java.lang.invoke.DirectMethodHandle$Holder.invokeStaticInit(java.lang.Object, java.lang.Object, java.lang.Object)'> (0x0000000786c49c88) 
thrown [./src/hotspot/share/interpreter/linkResolver.cpp, line 782]
Event: 1.760 Thread 0x00007fcf3115a000 Exception <a 'java/lang/NoSuchMethodError'{0x0000000786c61ce8}: 'java.lang.Object java.lang.invoke.DirectMethodHandle$Holder.newInvokeSpecial(java.lang.Object, java.lang.Object, long)'> (0x0000000786c61ce8) 
thrown [./src/hotspot/share/interpreter/linkResolver.cpp, line 782]
Event: 1.760 Thread 0x00007fcf3115a000 Exception <a 'java/lang/NoSuchMethodError'{0x0000000786c657b0}: 'java.lang.Object java.lang.invoke.Invokers$Holder.linkToTargetMethod(java.lang.Object, long, java.lang.Object)'> (0x0000000786c657b0) 
thrown [./src/hotspot/share/interpreter/linkResolver.cpp, line 782]
Event: 2.954 Thread 0x00007fcf3115a000 Exception <a 'java/lang/NoSuchMethodError'{0x00000007865bc2d8}: 'java.lang.Object java.lang.invoke.DirectMethodHandle$Holder.newInvokeSpecial(java.lang.Object, java.lang.Object, long, int, int, int)'> (0x00000007865bc2d8) 
thrown [./src/hotspot/share/interpreter/linkResolver.cpp, line 782]
Event: 2.956 Thread 0x00007fcf3115a000 Exception <a 'java/lang/NoSuchMethodError'{0x00000007865d32f0}: 'java.lang.Object java.lang.invoke.DirectMethodHandle$Holder.newInvokeSpecial(java.lang.Object, java.lang.Object, int, java.lang.Object, long, int, int, int, int)'> (0x00000007865d32f0) 
thrown [./src/hotspot/share/interpreter/linkResolver.cpp, line 782]
Event: 3.293 Thread 0x00007fcf3115a000 Exception <a 'java/lang/NoSuchMethodError'{0x000000078645e580}: 'java.lang.Object java.lang.invoke.DirectMethodHandle$Holder.newInvokeSpecial(java.lang.Object, java.lang.Object, int, int, int, int, int, java.lang.Object)'> (0x000000078645e580) 
thrown [./src/hotspot/share/interpreter/linkResolver.cpp, line 782]
Event: 3.294 Thread 0x00007fcf3115a000 Exception <a 'java/lang/NoSuchMethodError'{0x00000007864720f0}: 'java.lang.Object java.lang.invoke.DirectMethodHandle$Holder.newInvokeSpecial(java.lang.Object, java.lang.Object, java.lang.Object, int, int, int, int, int)'> (0x00000007864720f0) 
thrown [./src/hotspot/share/interpreter/linkResolver.cpp, line 782]
Event: 3.294 Thread 0x00007fcf3115a000 Exception <a 'java/lang/NoSuchMethodError'{0x0000000786479e98}: 'java.lang.Object java.lang.invoke.Invokers$Holder.linkToTargetMethod(java.lang.Object, java.lang.Object, int, int, int, int, int, java.lang.Object)'> (0x0000000786479e98) 
thrown [./src/hotspot/share/interpreter/linkResolver.cpp, line 782]
Event: 3.438 Thread 0x00007fcf3115a000 Exception <a 'java/lang/NoSuchMethodError'{0x0000000786229938}: 'int java.lang.invoke.DirectMethodHandle$Holder.invokeStaticInit(java.lang.Object, java.lang.Object, java.lang.Object, java.lang.Object)'> (0x0000000786229938) 
thrown [./src/hotspot/share/interpreter/linkResolver.cpp, line 782]
Event: 3.438 Thread 0x00007fcf3115a000 Exception <a 'java/lang/NoSuchMethodError'{0x00000007862339e8}: 'java.lang.Object java.lang.invoke.DirectMethodHandle$Holder.invokeInterface(java.lang.Object, java.lang.Object)'> (0x00000007862339e8) 
thrown [./src/hotspot/share/interpreter/linkResolver.cpp, line 782]
Event: 3.439 Thread 0x00007fcf3115a000 Exception <a 'java/lang/IncompatibleClassChangeError'{0x0000000786237688}: Found class java.lang.Object, but interface was expected> (0x0000000786237688) 
thrown [./src/hotspot/share/interpreter/linkResolver.cpp, line 848]
Event: 5.102 Thread 0x00007fcf3115a000 Exception <a 'java/lang/NoSuchMethodError'{0x00000007824dc4c0}: 'java.lang.Object java.lang.invoke.DirectMethodHandle$Holder.newInvokeSpecial(java.lang.Object, java.lang.Object, java.lang.Object, java.lang.Object, java.lang.Object, java.lang.Object, java.lang.Object)'> (0x00000007824dc4c0) 
thrown [./src/hotspot/share/interpreter/linkResolver.cpp, line 782]
Event: 5.103 Thread 0x00007fcf3115a000 Exception <a 'java/lang/NoSuchMethodError'{0x00000007824e1278}: 'java.lang.Object java.lang.invoke.Invokers$Holder.linkToTargetMethod(java.lang.Object, java.lang.Object, java.lang.Object, java.lang.Object, java.lang.Object, java.lang.Object, java.lang.Object)'> (0x00000007824e1278) 
thrown [./src/hotspot/share/interpreter/linkResolver.cpp, line 782]
Event: 8.542 Thread 0x00007fcf31a78a00 Exception <a 'java/lang/UnsatisfiedLinkError'{0x0000000789000060}: 'java.lang.String org.tensorflow.TensorFlow.version()'> (0x0000000789000060) 
thrown [./src/hotspot/share/prims/nativeLookup.cpp, line 530]

Events (20 events):
Event: 68.699 Executing VM operation: HandshakeAllThreads
Event: 68.699 Executing VM operation: HandshakeAllThreads done
Event: 68.714 Executing VM operation: G1Concurrent
Event: 68.716 Executing VM operation: G1Concurrent done
Event: 68.716 Executing VM operation: HandshakeAllThreads
Event: 68.716 Executing VM operation: HandshakeAllThreads done
Event: 68.723 Executing VM operation: G1Concurrent
Event: 68.723 Executing VM operation: G1Concurrent done
Event: 68.723 Executing VM operation: HandshakeAllThreads
Event: 68.723 Executing VM operation: HandshakeAllThreads done
Event: 69.282 Executing VM operation: G1TryInitiateConcMark
Event: 69.283 Executing VM operation: G1TryInitiateConcMark done
Event: 69.283 Executing VM operation: HandshakeAllThreads
Event: 69.288 Executing VM operation: HandshakeAllThreads done
Event: 69.301 Executing VM operation: G1Concurrent
Event: 69.307 Executing VM operation: G1Concurrent done
Event: 69.314 Executing VM operation: G1Concurrent
Event: 69.314 Executing VM operation: G1Concurrent done
Event: 69.688 Protecting memory [0x00007000069fa000,0x00007000069fe000] with protection modes 3
Event: 69.688 Thread 0x00007fcf310b4a00 Thread exited: 0x00007fcf310b4a00


Dynamic libraries:
0x00007fff5ed52000 	/usr/lib/libz.1.dylib
0x000000010522b000 	/Library/Java/JavaVirtualMachines/adoptopenjdk-15.jdk/Contents/Home/lib/libjli.dylib
0x00007fff32ec3000 	/System/Library/Frameworks/Cocoa.framework/Versions/A/Cocoa
0x00007fff3ec67000 	/System/Library/Frameworks/Security.framework/Versions/A/Security
0x00007fff31b56000 	/System/Library/Frameworks/ApplicationServices.framework/Versions/A/ApplicationServices
0x00007fff5c6ac000 	/usr/lib/libSystem.B.dylib
0x00007fff5f548000 	/usr/lib/system/libcache.dylib
0x00007fff5f54d000 	/usr/lib/system/libcommonCrypto.dylib
0x00007fff5f558000 	/usr/lib/system/libcompiler_rt.dylib
0x00007fff5f560000 	/usr/lib/system/libcopyfile.dylib
0x00007fff5f56a000 	/usr/lib/system/libcorecrypto.dylib
0x00007fff5f675000 	/usr/lib/system/libdispatch.dylib
0x00007fff5f6af000 	/usr/lib/system/libdyld.dylib
0x00007fff5f6dc000 	/usr/lib/system/libkeymgr.dylib
0x00007fff5f6ea000 	/usr/lib/system/liblaunch.dylib
0x00007fff5f6eb000 	/usr/lib/system/libmacho.dylib
0x00007fff5f6f1000 	/usr/lib/system/libquarantine.dylib
0x00007fff5f6f4000 	/usr/lib/system/libremovefile.dylib
0x00007fff5f6f6000 	/usr/lib/system/libsystem_asl.dylib
0x00007fff5f70e000 	/usr/lib/system/libsystem_blocks.dylib
0x00007fff5f70f000 	/usr/lib/system/libsystem_c.dylib
0x00007fff5f797000 	/usr/lib/system/libsystem_configuration.dylib
0x00007fff5f79b000 	/usr/lib/system/libsystem_coreservices.dylib
0x00007fff5f79f000 	/usr/lib/system/libsystem_darwin.dylib
0x00007fff5f7a6000 	/usr/lib/system/libsystem_dnssd.dylib
0x00007fff5f7ad000 	/usr/lib/system/libsystem_info.dylib
0x00007fff5f822000 	/usr/lib/system/libsystem_m.dylib
0x00007fff5f86e000 	/usr/lib/system/libsystem_malloc.dylib
0x00007fff5f899000 	/usr/lib/system/libsystem_networkextension.dylib
0x00007fff5f8a4000 	/usr/lib/system/libsystem_notify.dylib
0x00007fff5f8c1000 	/usr/lib/system/libsystem_sandbox.dylib
0x00007fff5f8c5000 	/usr/lib/system/libsystem_secinit.dylib
0x00007fff5f7f9000 	/usr/lib/system/libsystem_kernel.dylib
0x00007fff5f8ac000 	/usr/lib/system/libsystem_platform.dylib
0x00007fff5f8b6000 	/usr/lib/system/libsystem_pthread.dylib
0x00007fff5f8c8000 	/usr/lib/system/libsystem_symptoms.dylib
0x00007fff5f8d0000 	/usr/lib/system/libsystem_trace.dylib
0x00007fff5f8e7000 	/usr/lib/system/libunwind.dylib
0x00007fff5f8ed000 	/usr/lib/system/libxpc.dylib
0x00007fff5dee3000 	/usr/lib/libobjc.A.dylib
0x00007fff5c943000 	/usr/lib/libc++abi.dylib
0x00007fff5c8ef000 	/usr/lib/libc++.1.dylib
0x00007fff33738000 	/System/Library/Frameworks/CoreFoundation.framework/Versions/A/CoreFoundation
0x00007fff359ba000 	/System/Library/Frameworks/Foundation.framework/Versions/C/Foundation
0x00007fff30d4f000 	/System/Library/Frameworks/AppKit.framework/Versions/C/AppKit
0x00007fff332c1000 	/System/Library/Frameworks/CoreData.framework/Versions/A/CoreData
0x00007fff56172000 	/System/Library/PrivateFrameworks/RemoteViewServices.framework/Versions/A/RemoteViewServices
0x00007fff5a3e9000 	/System/Library/PrivateFrameworks/UIFoundation.framework/Versions/A/UIFoundation
0x00007fff5bacd000 	/System/Library/PrivateFrameworks/XCTTargetBootstrap.framework/Versions/A/XCTTargetBootstrap
0x00007fff33647000 	/System/Library/Frameworks/CoreDisplay.framework/Versions/A/CoreDisplay
0x00007fff50eac000 	/System/Library/PrivateFrameworks/IconServices.framework/Versions/A/IconServices
0x00007fff382db000 	/System/Library/Frameworks/Metal.framework/Versions/A/Metal
0x00007fff483f1000 	/System/Library/PrivateFrameworks/DesktopServicesPriv.framework/Versions/A/DesktopServicesPriv
0x00007fff5d246000 	/usr/lib/libenergytrace.dylib
0x00007fff588d0000 	/System/Library/PrivateFrameworks/SkyLight.framework/Versions/A/SkyLight
0x00007fff33b7e000 	/System/Library/Frameworks/CoreGraphics.framework/Versions/A/CoreGraphics
0x00007fff2fb1b000 	/System/Library/Frameworks/Accelerate.framework/Versions/A/Accelerate
0x00007fff36103000 	/System/Library/Frameworks/IOSurface.framework/Versions/A/IOSurface
0x00007fff4825d000 	/System/Library/PrivateFrameworks/DFRFoundation.framework/Versions/A/DFRFoundation
0x00007fff32039000 	/System/Library/Frameworks/AudioToolbox.framework/Versions/A/AudioToolbox
0x00007fff322b2000 	/System/Library/Frameworks/AudioUnit.framework/Versions/A/AudioUnit
0x00007fff482f2000 	/System/Library/PrivateFrameworks/DataDetectorsCore.framework/Versions/A/DataDetectorsCore
0x00007fff329c6000 	/System/Library/Frameworks/Carbon.framework/Versions/A/Frameworks/HIToolbox.framework/Versions/A/HIToolbox
0x00007fff5d39f000 	/usr/lib/libicucore.A.dylib
0x00007fff3e1da000 	/System/Library/Frameworks/QuartzCore.framework/Versions/A/QuartzCore
0x00007fff32d9b000 	/System/Library/Frameworks/Carbon.framework/Versions/A/Frameworks/SpeechRecognition.framework/Versions/A/SpeechRecognition
0x00007fff5c800000 	/usr/lib/libauto.dylib
0x00007fff5ec46000 	/usr/lib/libxml2.2.dylib
0x00007fff47e38000 	/System/Library/PrivateFrameworks/CoreUI.framework/Versions/A/CoreUI
0x00007fff331ac000 	/System/Library/Frameworks/CoreAudio.framework/Versions/A/CoreAudio
0x00007fff357ef000 	/System/Library/Frameworks/DiskArbitration.framework/Versions/A/DiskArbitration
0x00007fff5d64d000 	/usr/lib/liblangid.dylib
0x00007fff522b7000 	/System/Library/PrivateFrameworks/MultitouchSupport.framework/Versions/A/MultitouchSupport
0x00007fff36072000 	/System/Library/Frameworks/IOKit.framework/Versions/A/IOKit
0x00007fff5c26c000 	/usr/lib/libDiagnosticMessagesClient.dylib
0x00007fff3498d000 	/System/Library/Frameworks/CoreServices.framework/Versions/A/CoreServices
0x00007fff53f71000 	/System/Library/PrivateFrameworks/PerformanceAnalysis.framework/Versions/A/PerformanceAnalysis
0x00007fff3d3c8000 	/System/Library/Frameworks/OpenGL.framework/Versions/A/OpenGL
0x00007fff32ed1000 	/System/Library/Frameworks/ColorSync.framework/Versions/A/ColorSync
0x00007fff3420f000 	/System/Library/Frameworks/CoreImage.framework/Versions/A/CoreImage
0x00007fff35365000 	/System/Library/Frameworks/CoreText.framework/Versions/A/CoreText
0x00007fff36166000 	/System/Library/Frameworks/ImageIO.framework/Versions/A/ImageIO
0x00007fff4448a000 	/System/Library/PrivateFrameworks/Backup.framework/Versions/A/Backup
0x00007fff5c753000 	/usr/lib/libarchive.2.dylib
0x00007fff3260b000 	/System/Library/Frameworks/CFNetwork.framework/Versions/A/CFNetwork
0x00007fff3f3c3000 	/System/Library/Frameworks/SystemConfiguration.framework/Versions/A/SystemConfiguration
0x00007fff5c19d000 	/usr/lib/libCRFSuite.dylib
0x00007fff5c8d0000 	/usr/lib/libbsm.0.dylib
0x00007fff5f6dd000 	/usr/lib/system/libkxld.dylib
0x00007fff4387b000 	/System/Library/PrivateFrameworks/AppleFSCompression.framework/Versions/A/AppleFSCompression
0x00007fff5c56c000 	/usr/lib/libOpenScriptingUtil.dylib
0x00007fff5cbf8000 	/usr/lib/libcoretls.dylib
0x00007fff5cc0f000 	/usr/lib/libcoretls_cfhelpers.dylib
0x00007fff5e67a000 	/usr/lib/libpam.2.dylib
0x00007fff5e83a000 	/usr/lib/libsqlite3.dylib
0x00007fff5ec34000 	/usr/lib/libxar.1.dylib
0x00007fff5c8e1000 	/usr/lib/libbz2.1.0.dylib
0x00007fff5d64f000 	/usr/lib/liblzma.5.dylib
0x00007fff5db00000 	/usr/lib/libnetwork.dylib
0x00007fff5c73c000 	/usr/lib/libapple_nghttp2.dylib
0x00007fff5e681000 	/usr/lib/libpcap.A.dylib
0x00007fff34d2c000 	/System/Library/Frameworks/CoreServices.framework/Versions/A/Frameworks/FSEvents.framework/Versions/A/FSEvents
0x00007fff34a0b000 	/System/Library/Frameworks/CoreServices.framework/Versions/A/Frameworks/CarbonCore.framework/Versions/A/CarbonCore
0x00007fff34ee7000 	/System/Library/Frameworks/CoreServices.framework/Versions/A/Frameworks/Metadata.framework/Versions/A/Metadata
0x00007fff34f86000 	/System/Library/Frameworks/CoreServices.framework/Versions/A/Frameworks/OSServices.framework/Versions/A/OSServices
0x00007fff34fd1000 	/System/Library/Frameworks/CoreServices.framework/Versions/A/Frameworks/SearchKit.framework/Versions/A/SearchKit
0x00007fff3498e000 	/System/Library/Frameworks/CoreServices.framework/Versions/A/Frameworks/AE.framework/Versions/A/AE
0x00007fff34d35000 	/System/Library/Frameworks/CoreServices.framework/Versions/A/Frameworks/LaunchServices.framework/Versions/A/LaunchServices
0x00007fff34ce3000 	/System/Library/Frameworks/CoreServices.framework/Versions/A/Frameworks/DictionaryServices.framework/Versions/A/DictionaryServices
0x00007fff35039000 	/System/Library/Frameworks/CoreServices.framework/Versions/A/Frameworks/SharedFileList.framework/Versions/A/SharedFileList
0x00007fff393a3000 	/System/Library/Frameworks/NetFS.framework/Versions/A/NetFS
0x00007fff5251d000 	/System/Library/PrivateFrameworks/NetAuth.framework/Versions/A/NetAuth
0x00007fff5bed1000 	/System/Library/PrivateFrameworks/login.framework/Versions/A/Frameworks/loginsupport.framework/Versions/A/loginsupport
0x00007fff59ff2000 	/System/Library/PrivateFrameworks/TCC.framework/Versions/A/TCC
0x00007fff47495000 	/System/Library/PrivateFrameworks/CoreNLP.framework/Versions/A/CoreNLP
0x00007fff51fb2000 	/System/Library/PrivateFrameworks/MetadataUtilities.framework/Versions/A/MetadataUtilities
0x00007fff5d724000 	/usr/lib/libmecabra.dylib
0x00007fff31b57000 	/System/Library/Frameworks/ApplicationServices.framework/Versions/A/Frameworks/ATS.framework/Versions/A/ATS
0x00007fff31ea6000 	/System/Library/Frameworks/ApplicationServices.framework/Versions/A/Frameworks/ColorSyncLegacy.framework/Versions/A/ColorSyncLegacy
0x00007fff31f45000 	/System/Library/Frameworks/ApplicationServices.framework/Versions/A/Frameworks/HIServices.framework/Versions/A/HIServices
0x00007fff31f98000 	/System/Library/Frameworks/ApplicationServices.framework/Versions/A/Frameworks/LangAnalysis.framework/Versions/A/LangAnalysis
0x00007fff31fa8000 	/System/Library/Frameworks/ApplicationServices.framework/Versions/A/Frameworks/PrintCore.framework/Versions/A/PrintCore
0x00007fff31ff2000 	/System/Library/Frameworks/ApplicationServices.framework/Versions/A/Frameworks/QD.framework/Versions/A/QD
0x00007fff3202c000 	/System/Library/Frameworks/ApplicationServices.framework/Versions/A/Frameworks/SpeechSynthesis.framework/Versions/A/SpeechSynthesis
0x00007fff5c96b000 	/usr/lib/libcompression.dylib
0x00007fff385ab000 	/System/Library/Frameworks/MetalPerformanceShaders.framework/Versions/A/MetalPerformanceShaders
0x00007fff2fb33000 	/System/Library/Frameworks/Accelerate.framework/Versions/A/Frameworks/vImage.framework/Versions/A/vImage
0x00007fff30bad000 	/System/Library/Frameworks/Accelerate.framework/Versions/A/Frameworks/vecLib.framework/Versions/A/vecLib
0x00007fff30af9000 	/System/Library/Frameworks/Accelerate.framework/Versions/A/Frameworks/vecLib.framework/Versions/A/libvMisc.dylib
0x00007fff30911000 	/System/Library/Frameworks/Accelerate.framework/Versions/A/Frameworks/vecLib.framework/Versions/A/libvDSP.dylib
0x00007fff301cd000 	/System/Library/Frameworks/Accelerate.framework/Versions/A/Frameworks/vecLib.framework/Versions/A/libBLAS.dylib
0x00007fff304ba000 	/System/Library/Frameworks/Accelerate.framework/Versions/A/Frameworks/vecLib.framework/Versions/A/libLAPACK.dylib
0x00007fff30864000 	/System/Library/Frameworks/Accelerate.framework/Versions/A/Frameworks/vecLib.framework/Versions/A/libLinearAlgebra.dylib
0x00007fff308fd000 	/System/Library/Frameworks/Accelerate.framework/Versions/A/Frameworks/vecLib.framework/Versions/A/libSparseBLAS.dylib
0x00007fff3087a000 	/System/Library/Frameworks/Accelerate.framework/Versions/A/Frameworks/vecLib.framework/Versions/A/libQuadrature.dylib
0x00007fff30447000 	/System/Library/Frameworks/Accelerate.framework/Versions/A/Frameworks/vecLib.framework/Versions/A/libBNNS.dylib
0x00007fff30880000 	/System/Library/Frameworks/Accelerate.framework/Versions/A/Frameworks/vecLib.framework/Versions/A/libSparse.dylib
0x00007fff4e7e3000 	/System/Library/PrivateFrameworks/GPUWrangler.framework/Versions/A/GPUWrangler
0x00007fff50ae1000 	/System/Library/PrivateFrameworks/IOAccelerator.framework/Versions/A/IOAccelerator
0x00007fff50aec000 	/System/Library/PrivateFrameworks/IOPresentment.framework/Versions/A/IOPresentment
0x00007fff4826d000 	/System/Library/PrivateFrameworks/DSExternalDisplay.framework/Versions/A/DSExternalDisplay
0x00007fff3c81f000 	/System/Library/Frameworks/OpenGL.framework/Versions/A/Libraries/libCoreFSCache.dylib
0x00007fff3839f000 	/System/Library/Frameworks/MetalPerformanceShaders.framework/Frameworks/MPSCore.framework/Versions/A/MPSCore
0x00007fff383bf000 	/System/Library/Frameworks/MetalPerformanceShaders.framework/Frameworks/MPSImage.framework/Versions/A/MPSImage
0x00007fff38464000 	/System/Library/Frameworks/MetalPerformanceShaders.framework/Frameworks/MPSNeuralNetwork.framework/Versions/A/MPSNeuralNetwork
0x00007fff3843c000 	/System/Library/Frameworks/MetalPerformanceShaders.framework/Frameworks/MPSMatrix.framework/Versions/A/MPSMatrix
0x00007fff38590000 	/System/Library/Frameworks/MetalPerformanceShaders.framework/Frameworks/MPSRayIntersector.framework/Versions/A/MPSRayIntersector
0x00007fff51fdb000 	/System/Library/PrivateFrameworks/MetalTools.framework/Versions/A/MetalTools
0x00007fff43125000 	/System/Library/PrivateFrameworks/AggregateDictionary.framework/Versions/A/AggregateDictionary
0x00007fff5c54c000 	/usr/lib/libMobileGestalt.dylib
0x00007fff354c8000 	/System/Library/Frameworks/CoreVideo.framework/Versions/A/CoreVideo
0x00007fff4f5f4000 	/System/Library/PrivateFrameworks/GraphVisualizer.framework/Versions/A/GraphVisualizer
0x00007fff49473000 	/System/Library/PrivateFrameworks/FaceCore.framework/Versions/A/FaceCore
0x00007fff3be4d000 	/System/Library/Frameworks/OpenCL.framework/Versions/A/OpenCL
0x00007fff5c2a4000 	/usr/lib/libFosl_dynamic.dylib
0x00007fff52d88000 	/System/Library/PrivateFrameworks/OTSVG.framework/Versions/A/OTSVG
0x00007fff31c5b000 	/System/Library/Frameworks/ApplicationServices.framework/Versions/A/Frameworks/ATS.framework/Versions/A/Resources/libFontParser.dylib
0x00007fff31d73000 	/System/Library/Frameworks/ApplicationServices.framework/Versions/A/Frameworks/ATS.framework/Versions/A/Resources/libFontRegistry.dylib
0x00007fff363d4000 	/System/Library/Frameworks/ImageIO.framework/Versions/A/Resources/libJPEG.dylib
0x00007fff366e6000 	/System/Library/Frameworks/ImageIO.framework/Versions/A/Resources/libTIFF.dylib
0x00007fff366bc000 	/System/Library/Frameworks/ImageIO.framework/Versions/A/Resources/libPng.dylib
0x00007fff362f2000 	/System/Library/Frameworks/ImageIO.framework/Versions/A/Resources/libGIF.dylib
0x00007fff362f7000 	/System/Library/Frameworks/ImageIO.framework/Versions/A/Resources/libJP2.dylib
0x00007fff366e3000 	/System/Library/Frameworks/ImageIO.framework/Versions/A/Resources/libRadiance.dylib
0x00007fff439d2000 	/System/Library/PrivateFrameworks/AppleJPEG.framework/Versions/A/AppleJPEG
0x00007fff3c82a000 	/System/Library/Frameworks/OpenGL.framework/Versions/A/Libraries/libGFXShared.dylib
0x00007fff3c9ed000 	/System/Library/Frameworks/OpenGL.framework/Versions/A/Libraries/libGLU.dylib
0x00007fff3c833000 	/System/Library/Frameworks/OpenGL.framework/Versions/A/Libraries/libGL.dylib
0x00007fff3c83f000 	/System/Library/Frameworks/OpenGL.framework/Versions/A/Libraries/libGLImage.dylib
0x00007fff3c81c000 	/System/Library/Frameworks/OpenGL.framework/Versions/A/Libraries/libCVMSPluginSupport.dylib
0x00007fff3c825000 	/System/Library/Frameworks/OpenGL.framework/Versions/A/Libraries/libCoreVMClient.dylib
0x00007fff5d0bc000 	/usr/lib/libcups.2.dylib
0x00007fff378a6000 	/System/Library/Frameworks/Kerberos.framework/Versions/A/Kerberos
0x00007fff35dd6000 	/System/Library/Frameworks/GSS.framework/Versions/A/GSS
0x00007fff5e7cf000 	/usr/lib/libresolv.9.dylib
0x00007fff5d2ae000 	/usr/lib/libiconv.2.dylib
0x00007fff4f769000 	/System/Library/PrivateFrameworks/Heimdal.framework/Versions/A/Heimdal
0x00007fff5d27e000 	/usr/lib/libheimdal-asn1.dylib
0x00007fff3bec1000 	/System/Library/Frameworks/OpenDirectory.framework/Versions/A/OpenDirectory
0x00007fff461f8000 	/System/Library/PrivateFrameworks/CommonAuth.framework/Versions/A/CommonAuth
0x00007fff3bea5000 	/System/Library/Frameworks/OpenDirectory.framework/Versions/A/Frameworks/CFOpenDirectory.framework/Versions/A/CFOpenDirectory
0x00007fff3ef68000 	/System/Library/Frameworks/SecurityFoundation.framework/Versions/A/SecurityFoundation
0x00007fff4266c000 	/System/Library/PrivateFrameworks/APFS.framework/Versions/A/APFS
0x00007fff5ec30000 	/usr/lib/libutil.dylib
0x00007fff5c959000 	/usr/lib/libcharset.1.dylib
0x00007fff43c6f000 	/System/Library/PrivateFrameworks/AppleSauce.framework/Versions/A/AppleSauce
0x00007fff43df0000 	/System/Library/PrivateFrameworks/AssertionServices.framework/Versions/A/AssertionServices
0x00007fff44520000 	/System/Library/PrivateFrameworks/BaseBoard.framework/Versions/A/BaseBoard
0x00007fff5d67f000 	/usr/lib/libmecab.1.0.0.dylib
0x00007fff5d278000 	/usr/lib/libgermantok.dylib
0x00007fff5c729000 	/usr/lib/libThaiTokenizer.dylib
0x00007fff5c1d4000 	/usr/lib/libChineseTokenizer.dylib
0x00007fff51199000 	/System/Library/PrivateFrameworks/LanguageModeling.framework/Versions/A/LanguageModeling
0x00007fff46eda000 	/System/Library/PrivateFrameworks/CoreEmoji.framework/Versions/A/CoreEmoji
0x00007fff51275000 	/System/Library/PrivateFrameworks/Lexicon.framework/Versions/A/Lexicon
0x00007fff512b8000 	/System/Library/PrivateFrameworks/LinguisticData.framework/Versions/A/LinguisticData
0x00007fff5c95a000 	/usr/lib/libcmph.dylib
0x00007fff3f026000 	/System/Library/Frameworks/ServiceManagement.framework/Versions/A/ServiceManagement
0x00007fff44481000 	/System/Library/PrivateFrameworks/BackgroundTaskManagement.framework/Versions/A/BackgroundTaskManagement
0x00007fff5ed29000 	/usr/lib/libxslt.1.dylib
0x00007fff32cc8000 	/System/Library/Frameworks/Carbon.framework/Versions/A/Frameworks/Ink.framework/Versions/A/Ink
0x00007fff5a264000 	/System/Library/PrivateFrameworks/TextureIO.framework/Versions/A/TextureIO
0x00007fff5c77d000 	/usr/lib/libate.dylib
0x00007fff481bc000 	/System/Library/PrivateFrameworks/CrashReporterSupport.framework/Versions/A/CrashReporterSupport
0x00007fff5799e000 	/System/Library/PrivateFrameworks/Sharing.framework/Versions/A/Sharing
0x00007fff441d3000 	/System/Library/PrivateFrameworks/AuthKit.framework/Versions/A/AuthKit
0x00007fff43727000 	/System/Library/PrivateFrameworks/Apple80211.framework/Versions/A/Apple80211
0x00007fff47f64000 	/System/Library/PrivateFrameworks/CoreUtils.framework/Versions/A/CoreUtils
0x00007fff35509000 	/System/Library/Frameworks/CoreWLAN.framework/Versions/A/CoreWLAN
0x00007fff35f05000 	/System/Library/Frameworks/IOBluetooth.framework/Versions/A/IOBluetooth
0x00007fff55e12000 	/System/Library/PrivateFrameworks/ProtocolBuffer.framework/Versions/A/ProtocolBuffer
0x00007fff52213000 	/System/Library/PrivateFrameworks/MobileKeyBag.framework/Versions/A/MobileKeyBag
0x00007fff477a8000 	/System/Library/PrivateFrameworks/CorePhoneNumbers.framework/Versions/A/CorePhoneNumbers
0x00007fff43986000 	/System/Library/PrivateFrameworks/AppleIDAuthSupport.framework/Versions/A/AppleIDAuthSupport
0x00007fff5116c000 	/System/Library/PrivateFrameworks/KeychainCircle.framework/Versions/A/KeychainCircle
0x00007fff55fc8000 	/System/Library/PrivateFrameworks/ROCKit.framework/Versions/A/ROCKit
0x00007fff48158000 	/System/Library/PrivateFrameworks/CoreWiFi.framework/Versions/A/CoreWiFi
0x00007fff33296000 	/System/Library/Frameworks/CoreBluetooth.framework/Versions/A/CoreBluetooth
0x00007fff483b3000 	/System/Library/PrivateFrameworks/DebugSymbols.framework/Versions/A/DebugSymbols
0x00007fff47d24000 	/System/Library/PrivateFrameworks/CoreSymbolication.framework/Versions/A/CoreSymbolication
0x00007fff59a7f000 	/System/Library/PrivateFrameworks/Symbolication.framework/Versions/A/Symbolication
0x00007fff59322000 	/System/Library/PrivateFrameworks/SpeechRecognitionCore.framework/Versions/A/SpeechRecognitionCore
0x0000000105c00000 	/Library/Java/JavaVirtualMachines/adoptopenjdk-15.jdk/Contents/Home/lib/server/libjvm.dylib
0x000000010526c000 	/Library/Java/JavaVirtualMachines/adoptopenjdk-15.jdk/Contents/Home/lib/libjimage.dylib
0x00000001052c2000 	/Library/Java/JavaVirtualMachines/adoptopenjdk-15.jdk/Contents/Home/lib/libjava.dylib
0x000000012601a000 	/Library/Java/JavaVirtualMachines/adoptopenjdk-15.jdk/Contents/Home/lib/libnio.dylib
0x000000012602e000 	/Library/Java/JavaVirtualMachines/adoptopenjdk-15.jdk/Contents/Home/lib/./libnet.dylib
0x00000001260dd000 	/Library/Java/JavaVirtualMachines/adoptopenjdk-15.jdk/Contents/Home/lib/libzip.dylib
0x00000001261e2000 	/Users/marinebijon/.openjfx/cache/15.0.1/libprism_es2.dylib
0x00007fff4792c000 	/System/Library/PrivateFrameworks/CoreServicesInternal.framework/Versions/A/CoreServicesInternal
0x00007fff3d3d8000 	/System/Library/Frameworks/OpenGL.framework/Versions/A/Resources/GLEngine.bundle/GLEngine
0x00007fff3c87a000 	/System/Library/Frameworks/OpenGL.framework/Versions/A/Libraries/libGLProgrammability.dylib
0x00007fff2bf08000 	/System/Library/Extensions/AppleIntelKBLGraphicsGLDriver.bundle/Contents/MacOS/AppleIntelKBLGraphicsGLDriver
0x00007fff4e7d7000 	/System/Library/PrivateFrameworks/GPUSupport.framework/Versions/A/Libraries/libGPUSupportMercury.dylib
0x00007fff3d570000 	/System/Library/Frameworks/OpenGL.framework/Versions/A/Resources/GLRendererFloat.bundle/GLRendererFloat
0x00007fff3be44000 	/System/Library/Frameworks/OpenCL.framework/Versions/A/Libraries/libcldcpuengine.dylib
0x00007fff5cdae000 	/usr/lib/libcrypto.35.dylib
0x00007fff5a3e2000 	/System/Library/PrivateFrameworks/TrustEvaluationAgent.framework/Versions/A/TrustEvaluationAgent
0x0000000126a16000 	/Users/marinebijon/.openjfx/cache/15.0.1/libglass.dylib
0x00007fff27e9a000 	/System/Library/CoreServices/RawCamera.bundle/Contents/MacOS/RawCamera
0x00007fff5207f000 	/System/Library/PrivateFrameworks/MobileAsset.framework/Versions/A/MobileAsset
0x00007fff599cd000 	/System/Library/PrivateFrameworks/StreamingZip.framework/Versions/A/StreamingZip
0x00007fff37c33000 	/System/Library/Frameworks/MediaToolbox.framework/Versions/A/MediaToolbox
0x00007fff46a7e000 	/System/Library/PrivateFrameworks/CoreAVCHD.framework/Versions/A/CoreAVCHD
0x00007fff37b79000 	/System/Library/Frameworks/MediaAccessibility.framework/Versions/A/MediaAccessibility
0x00007fff51adb000 	/System/Library/PrivateFrameworks/Mangrove.framework/Versions/A/Mangrove
0x00007fff3482c000 	/System/Library/Frameworks/CoreMedia.framework/Versions/A/CoreMedia
0x00007fff3f68f000 	/System/Library/Frameworks/VideoToolbox.framework/Versions/A/VideoToolbox
0x00007fff4669a000 	/System/Library/PrivateFrameworks/CoreAUC.framework/Versions/A/CoreAUC
0x00007fff5e838000 	/usr/lib/libspindump.dylib
0x00007fff43d55000 	/System/Library/PrivateFrameworks/AppleVA.framework/Versions/A/AppleVA
0x00007fff2fb1c000 	/System/Library/Frameworks/Accelerate.framework/Versions/A/Frameworks/vImage.framework/Versions/A/Libraries/libCGInterfaces.dylib
0x00007fff5b21c000 	/System/Library/PrivateFrameworks/ViewBridge.framework/Versions/A/ViewBridge
0x000000012a6ae000 	/Library/Java/JavaVirtualMachines/adoptopenjdk-15.jdk/Contents/Home/lib/libawt.dylib
0x000000012a765000 	/Library/Java/JavaVirtualMachines/adoptopenjdk-15.jdk/Contents/Home/lib/./libmlib_image.dylib
0x00007fff3788f000 	/System/Library/Frameworks/JavaVM.framework/Versions/A/Frameworks/JavaNativeFoundation.framework/Versions/A/JavaNativeFoundation
0x00007fff37898000 	/System/Library/Frameworks/JavaVM.framework/Versions/A/Frameworks/JavaRuntimeSupport.framework/Versions/A/JavaRuntimeSupport
0x00007fff378a1000 	/System/Library/Frameworks/JavaVM.framework/Versions/A/JavaVM
0x00007fff5108b000 	/System/Library/PrivateFrameworks/JavaLaunching.framework/Versions/A/JavaLaunching
0x00007fff329c1000 	/System/Library/Frameworks/Carbon.framework/Versions/A/Carbon
0x00007fff329c2000 	/System/Library/Frameworks/Carbon.framework/Versions/A/Frameworks/CommonPanels.framework/Versions/A/CommonPanels
0x00007fff32cbe000 	/System/Library/Frameworks/Carbon.framework/Versions/A/Frameworks/Help.framework/Versions/A/Help
0x00007fff32cc2000 	/System/Library/Frameworks/Carbon.framework/Versions/A/Frameworks/ImageCapture.framework/Versions/A/ImageCapture
0x00007fff32d5e000 	/System/Library/Frameworks/Carbon.framework/Versions/A/Frameworks/OpenScripting.framework/Versions/A/OpenScripting
0x00007fff32d96000 	/System/Library/Frameworks/Carbon.framework/Versions/A/Frameworks/Print.framework/Versions/A/Print
0x00007fff32d98000 	/System/Library/Frameworks/Carbon.framework/Versions/A/Frameworks/SecurityHI.framework/Versions/A/SecurityHI
0x000000012a801000 	/Library/Java/JavaVirtualMachines/adoptopenjdk-15.jdk/Contents/Home/lib/libawt_lwawt.dylib
0x000000012a8b1000 	/Library/Java/JavaVirtualMachines/adoptopenjdk-15.jdk/Contents/Home/lib/./libosxapp.dylib
0x00007fff35993000 	/System/Library/Frameworks/ExceptionHandling.framework/Versions/A/ExceptionHandling
0x000000012a8d8000 	/Library/Java/JavaVirtualMachines/adoptopenjdk-15.jdk/Contents/Home/lib/libfontmanager.dylib
0x000000012aa02000 	/Library/Java/JavaVirtualMachines/adoptopenjdk-15.jdk/Contents/Home/lib/./libfreetype.dylib
0x000000012aaa7000 	/Users/marinebijon/.openjfx/cache/15.0.1/libjavafx_font.dylib
0x00007fff31e0f000 	/System/Library/Frameworks/ApplicationServices.framework/Versions/A/Frameworks/ATS.framework/Versions/A/Resources/libTrueTypeScaler.dylib
0x00000001265ab000 	/usr/lib/libobjc-trampolines.dylib
0x00007fff2ccdd000 	/System/Library/Extensions/AppleIntelKBLGraphicsMTLDriver.bundle/Contents/MacOS/AppleIntelKBLGraphicsMTLDriver
0x00007fff4d142000 	/System/Library/PrivateFrameworks/GPUCompiler.framework/Versions/3902/Libraries/libmetal_timestamp.dylib
0x0000000126152000 	/Users/marinebijon/.javacpp/cache/javacpp-1.5.4-macosx-x86_64.jar/org/bytedeco/javacpp/macosx-x86_64/libjnijavacpp.dylib
0x00000001261b3000 	/Users/marinebijon/.javacpp/cache/openblas-0.3.10-1.5.4-macosx-x86_64.jar/org/bytedeco/openblas/macosx-x86_64/libgcc_s.1.dylib
0x000000012b4ee000 	/Users/marinebijon/.javacpp/cache/openblas-0.3.10-1.5.4-macosx-x86_64.jar/org/bytedeco/openblas/macosx-x86_64/libquadmath.0.dylib
0x000000012f690000 	/Users/marinebijon/.javacpp/cache/openblas-0.3.10-1.5.4-macosx-x86_64.jar/org/bytedeco/openblas/macosx-x86_64/libgfortran.4.dylib
0x000000012f88b000 	/Users/marinebijon/.javacpp/cache/openblas-0.3.10-1.5.4-macosx-x86_64.jar/org/bytedeco/openblas/macosx-x86_64/libopenblas_nolapack.0.dylib
0x000000012d38a000 	/Users/marinebijon/.javacpp/cache/openblas-0.3.10-1.5.4-macosx-x86_64.jar/org/bytedeco/openblas/macosx-x86_64/libjniopenblas_nolapack.dylib
0x0000000135be8000 	/Users/marinebijon/.javacpp/cache/openblas-0.3.10-1.5.4-macosx-x86_64.jar/org/bytedeco/openblas/macosx-x86_64/libopenblas.0.dylib
0x000000013b778000 	/Users/marinebijon/.javacpp/cache/openblas-0.3.10-1.5.4-macosx-x86_64.jar/org/bytedeco/openblas/macosx-x86_64/libjniopenblas.dylib
0x000000013cf7b000 	/Users/marinebijon/.javacpp/cache/opencv-4.4.0-1.5.4-macosx-x86_64.jar/org/bytedeco/opencv/macosx-x86_64/libopencv_core.4.4.dylib
0x000000013d3d7000 	/Users/marinebijon/.javacpp/cache/opencv-4.4.0-1.5.4-macosx-x86_64.jar/org/bytedeco/opencv/macosx-x86_64/libopencv_imgproc.4.4.dylib
0x000000013541b000 	/Users/marinebijon/.javacpp/cache/opencv-4.4.0-1.5.4-macosx-x86_64.jar/org/bytedeco/opencv/macosx-x86_64/libjniopencv_core.dylib
0x000000013dd00000 	/Users/marinebijon/.javacpp/cache/opencv-4.4.0-1.5.4-macosx-x86_64.jar/org/bytedeco/opencv/macosx-x86_64/libjniopencv_imgproc.dylib
0x000000013de79000 	/Users/marinebijon/.javacpp/cache/opencv-4.4.0-1.5.4-macosx-x86_64.jar/org/bytedeco/opencv/macosx-x86_64/libopencv_imgcodecs.4.4.dylib
0x000000012dd3e000 	/Users/marinebijon/.javacpp/cache/opencv-4.4.0-1.5.4-macosx-x86_64.jar/org/bytedeco/opencv/macosx-x86_64/libjniopencv_imgcodecs.dylib
0x000000012b742000 	/Users/marinebijon/.javacpp/cache/opencv-4.4.0-1.5.4-macosx-x86_64.jar/org/bytedeco/opencv/macosx-x86_64/libopencv_videoio.4.4.dylib
0x00007fff2f771000 	/System/Library/Frameworks/AVFoundation.framework/Versions/A/AVFoundation
0x00007fff2f94e000 	/System/Library/Frameworks/AVFoundation.framework/Versions/A/Frameworks/AVFAudio.framework/Versions/A/AVFAudio
0x00007fff51003000 	/System/Library/PrivateFrameworks/InternationalSupport.framework/Versions/A/InternationalSupport
0x00007fff34931000 	/System/Library/Frameworks/CoreMediaIO.framework/Versions/A/CoreMediaIO
0x00007fff56154000 	/System/Library/PrivateFrameworks/RemoteServiceDiscovery.framework/Versions/A/RemoteServiceDiscovery
0x00007fff56195000 	/System/Library/PrivateFrameworks/RemoteXPC.framework/Versions/A/RemoteXPC
0x000000012b67f000 	/Users/marinebijon/.javacpp/cache/opencv-4.4.0-1.5.4-macosx-x86_64.jar/org/bytedeco/opencv/macosx-x86_64/libjniopencv_videoio.dylib
0x0000000126192000 	/System/Library/Extensions/AppleHDA.kext/Contents/PlugIns/AppleHDAHALPlugIn.bundle/Contents/MacOS/AppleHDAHALPlugIn
0x000000012b5ba000 	/Library/CoreMediaIO/Plug-Ins/DAL/AppleCamera.plugin/Contents/MacOS/AppleCamera
0x000000013e1db000 	/System/Library/Frameworks/CoreMediaIO.framework/Resources/CMIOUnits.bundle/Contents/MacOS/CMIOUnits
0x00007fff4944a000 	/System/Library/PrivateFrameworks/FWAVC.framework/Versions/A/FWAVC
0x000000013da31000 	/System/Library/Frameworks/CoreMediaIO.framework/Resources/BaseUnits/CMIOBaseUnits.bundle/Contents/MacOS/CMIOBaseUnits
0x00007fff4388b000 	/System/Library/PrivateFrameworks/AppleGVA.framework/Versions/A/AppleGVA
0x000000012b6a9000 	/Library/Java/JavaVirtualMachines/adoptopenjdk-15.jdk/Contents/Home/lib/libjavajpeg.dylib
0x00000001471dd000 	/private/var/folders/st/lv34qckd381_q97q3zz3vv6h0000gq/T/tensorflow_native_libraries-1611268917784-0/libtensorflow_jni.dylib
0x000000015812f000 	/private/var/folders/st/lv34qckd381_q97q3zz3vv6h0000gq/T/tensorflow_native_libraries-1611268917784-0/libtensorflow_framework.1.dylib


VM Arguments:
jvm_args: --add-modules=javafx.controls,javafx.swing --module-path=/Users/marinebijon/.gradle/caches/modules-2/files-2.1/org.openjfx/javafx-controls/15.0.1/cb743a50156d7eca281bfc3547aff4d146972e02/javafx-controls-15.0.1-mac.jar:/Users/marinebijon/.gradle/caches/modules-2/files-2.1/org.openjfx/javafx-swing/15.0.1/1dcabb4f0d50c00fc9cc92306131762fc4977abd/javafx-swing-15.0.1-mac.jar:/Users/marinebijon/.gradle/caches/modules-2/files-2.1/org.openjfx/javafx-graphics/15.0.1/98ced13a06ad705ce0014df60794cedbf297080b/javafx-graphics-15.0.1-mac.jar:/Users/marinebijon/.gradle/caches/modules-2/files-2.1/org.openjfx/javafx-base/15.0.1/b91bc3dfc230b46f11146686648a42921de0c23/javafx-base-15.0.1-mac.jar -Dfile.encoding=UTF-8 -Duser.country=FR -Duser.language=fr -Duser.variant 
java_command: Main
java_class_path (initial): /Users/marinebijon/Desktop/smart_webcam/build/classes/java/main:/Users/marinebijon/Desktop/smart_webcam/build/resources/main:/Users/marinebijon/.gradle/caches/modules-2/files-2.1/org.tensorflow/tensorflow/1.15.0/e6a186dca82681e1e28615167e38859b99f82235/tensorflow-1.15.0.jar:/Users/marinebijon/.gradle/caches/modules-2/files-2.1/org.openjfx/javafx-controls/15.0.1/cb743a50156d7eca281bfc3547aff4d146972e02/javafx-controls-15.0.1-mac.jar:/Users/marinebijon/.gradle/caches/modules-2/files-2.1/org.openjfx/javafx-swing/15.0.1/1dcabb4f0d50c00fc9cc92306131762fc4977abd/javafx-swing-15.0.1-mac.jar:/Users/marinebijon/.gradle/caches/modules-2/files-2.1/org.openjfx/javafx-graphics/15.0.1/98ced13a06ad705ce0014df60794cedbf297080b/javafx-graphics-15.0.1-mac.jar:/Users/marinebijon/.gradle/caches/modules-2/files-2.1/org.openjfx/javafx-graphics/15.0.1/55565f47d9d4e295f8bdeb8a6577e29b8bc29267/javafx-graphics-15.0.1.jar:/Users/marinebijon/.gradle/caches/modules-2/files-2.1/org.openjfx/javafx-base/15.0.1/b91bc3dfc230b46f11146686648a42921de0c23/javafx-base-15.0.1-mac.jar:/Users/marinebijon/.gradle/caches/modules-2/files-2.1/org.openjfx/javafx-base/15.0.1/88d5d4ad546e17904516fd05be69243e54144af4/javafx-base-15.0.1.jar:/Users/marinebijon/.gradle/caches/modules-2/files-2.1/org.bytedeco/javacv-platform/1.5.4/6f61de317a592703d302247951140e0057055bd9/javacv-platform-1.5.4.jar:/Users/marinebijon/.gradle/caches/modules-2/files-2.1/org.bytedeco/javacv/1.5.4/84a401a2bcf3f041c150046e0c51d6fcdbd39792/javacv-1.5.4.jar:/Users/marinebijon/.gradle/caches/modules-2/files-2.1/org.bytedeco/flandmark-platform/1.07-1.5.4/6292288e98299185e341e9e07192c945f3a10aa9/flandmark-platform-1.07-1.5.4.jar:/Users/marinebijon/.gradle/caches/modules-2/files-2.1/org.bytedeco/flandmark/1.07-1.5.4/b0fef8a4fdf87ae8f592fc5d31c0854641fee1d8/flandmark-1.07-1.5.4.jar:/Users/marinebijon/.gradle/caches/modules-2/files-2.1/org.bytedeco/flandmark/1.07-1.5.4/64da4fc158f18119acef9a473729d15b8fd7cf38/flandmark-1.
Launcher Type: SUN_STANDARD

[Global flags]
     intx CICompilerCount                          = 3                                         {product} {ergonomic}
     uint ConcGCThreads                            = 1                                         {product} {ergonomic}
     uint G1ConcRefinementThreads                  = 4                                         {product} {ergonomic}
   size_t G1HeapRegionSize                         = 1048576                                   {product} {ergonomic}
    uintx GCDrainStackTargetSize                   = 64                                        {product} {ergonomic}
   size_t InitialHeapSize                          = 134217728                                 {product} {ergonomic}
   size_t MarkStackSize                            = 4194304                                   {product} {ergonomic}
   size_t MaxHeapSize                              = 2147483648                                {product} {ergonomic}
   size_t MaxNewSize                               = 1287651328                                {product} {ergonomic}
   size_t MinHeapDeltaBytes                        = 1048576                                   {product} {ergonomic}
   size_t MinHeapSize                              = 8388608                                   {product} {ergonomic}
    uintx NonNMethodCodeHeapSize                   = 5832780                                {pd product} {ergonomic}
    uintx NonProfiledCodeHeapSize                  = 122912730                              {pd product} {ergonomic}
    uintx ProfiledCodeHeapSize                     = 122912730                              {pd product} {ergonomic}
    uintx ReservedCodeCacheSize                    = 251658240                              {pd product} {ergonomic}
     bool SegmentedCodeCache                       = true                                      {product} {ergonomic}
   size_t SoftMaxHeapSize                          = 2147483648                             {manageable} {ergonomic}
     bool UseCompressedClassPointers               = true                                 {lp64_product} {ergonomic}
     bool UseCompressedOops                        = true                                 {lp64_product} {ergonomic}
     bool UseG1GC                                  = true                                      {product} {ergonomic}
     bool UseNUMA                                  = false                                     {product} {ergonomic}
     bool UseNUMAInterleaving                      = false                                     {product} {ergonomic}

Logging:
Log output configuration:
 #0: stdout all=warning uptime,level,tags
 #1: stderr all=off uptime,level,tags

Environment Variables:
CLASSPATH=/Library/Java/JUNIT/junit-4.12.jar:/Library/Java/JUNIT/hamcrest-all-1.3.jar:/Library/Java/JUNIT/chromedriver:/Library/Java/JUNIT/client-combined-3.8.1.jar:/Library/Java/JUNIT/client-combined-3.8.1-sources.jar:/Library/Java/JUNIT/selenium-server-standalone-3.8.1.jar:/Library/Java/JUNIT/cucumber-java-1.2.5.jar:/Library/Java/JUNIT/cucumber-junit-1.2.5.jar:/Library/Java/JUNIT/cucumber-core-1.2.5.jar:/Library/Java/JUNIT/gherkin-2.12.2.jar:/Library/Java/JUNIT/cucumber-jvm-deps-1.0.5.jar:.
PATH=/usr/local/bin:/usr/bin:/bin:/usr/sbin:/sbin
SHELL=/bin/bash
LC_CTYPE=fr_FR.UTF-8

Signal Handlers:
SIGSEGV: [libjvm.dylib+0xa87930], sa_mask[0]=11111111011111110111111111111111, sa_flags=SA_ONSTACK|SA_RESTART|SA_SIGINFO
SIGBUS: [libjvm.dylib+0xa87930], sa_mask[0]=11111111011111110111111111111111, sa_flags=SA_RESTART|SA_SIGINFO
SIGFPE: [libjvm.dylib+0xa87930], sa_mask[0]=11111111011111110111111111111111, sa_flags=SA_RESTART|SA_SIGINFO
SIGPIPE: [libjvm.dylib+0x841e70], sa_mask[0]=11111111011111110111111111111111, sa_flags=SA_RESTART|SA_SIGINFO
SIGXFSZ: [libjvm.dylib+0x841e70], sa_mask[0]=11111111011111110111111111111111, sa_flags=SA_RESTART|SA_SIGINFO
SIGILL: [libjvm.dylib+0xa87930], sa_mask[0]=11111111011111110111111111111111, sa_flags=SA_RESTART|SA_SIGINFO
SIGUSR2: [libjvm.dylib+0x842990], sa_mask[0]=00100000000000000000000000000000, sa_flags=SA_RESTART|SA_SIGINFO
SIGHUP: [libjvm.dylib+0x841070], sa_mask[0]=11111111011111110111111111111111, sa_flags=SA_RESTART|SA_SIGINFO
SIGINT: [libjvm.dylib+0x841070], sa_mask[0]=11111111011111110111111111111111, sa_flags=SA_RESTART|SA_SIGINFO
SIGTERM: [libjvm.dylib+0x841070], sa_mask[0]=11111111011111110111111111111111, sa_flags=SA_RESTART|SA_SIGINFO
SIGQUIT: [libjvm.dylib+0x841070], sa_mask[0]=11111111011111110111111111111111, sa_flags=SA_RESTART|SA_SIGINFO


---------------  S Y S T E M  ---------------

OS:uname: Darwin 18.7.0 Darwin Kernel Version 18.7.0: Thu Jun 20 18:42:21 PDT 2019; root:xnu-4903.270.47~4/RELEASE_X86_64 x86_64
OS uptime: 45 days 6:00 hours
rlimit (soft/hard): STACK 8192k/65532k , CORE 0k/infinity , NPROC 709/1064 , NOFILE 10240/infinity , AS infinity/infinity , CPU infinity/infinity , DATA infinity/infinity , FSIZE infinity/infinity , MEMLOCK infinity/infinity , RSS infinity/infinity
load average: 3.21 4.36 4.79

CPU: total 4 (initial active 4) (2 cores per cpu, 2 threads per core) family 6 model 142 stepping 9 microcode 0xb4, cmov, cx8, fxsr, mmx, sse, sse2, sse3, ssse3, sse4.1, sse4.2, popcnt, vzeroupper, avx, avx2, aes, clmul, erms, rtm, 3dnowpref, lzcnt, ht, tsc, tscinvbit, bmi1, bmi2, adx, fma, clflush, clflushopt

Memory: 4k page, physical 8388608k(367008k free), swap 5242880k(1083904k free)

vm_info: OpenJDK 64-Bit Server VM (15.0.1+9) for bsd-amd64 JRE (15.0.1+9), built on Nov 30 2020 15:31:38 by "jenkins" with clang 4.2.1 Compatible Apple LLVM 10.0.1 (clang-1001.0.46.4)

END.
