#
# A fatal error has been detected by the Java Runtime Environment:
#
#  SIGSEGV (0xb) at pc=0x00007fff5dee969d, pid=6050, tid=67339
#
# JRE version: OpenJDK Runtime Environment AdoptOpenJDK (15.0.1+9) (build 15.0.1+9)
# Java VM: OpenJDK 64-Bit Server VM AdoptOpenJDK (15.0.1+9, mixed mode, sharing, tiered, compressed oops, g1 gc, bsd-amd64)
# Problematic frame:
# C  [libobjc.A.dylib+0x669d]  objc_msgSend+0x1d
#
# No core dump will be written. Core dumps have been disabled. To enable core dumping, try "ulimit -c unlimited" before starting Java again
#
# If you would like to submit a bug report, please visit:
#   https://github.com/AdoptOpenJDK/openjdk-support/issues
# The crash happened outside the Java Virtual Machine in native code.
# See problematic frame for where to report the bug.
#

---------------  S U M M A R Y ------------

Command Line: --add-modules=javafx.controls,javafx.swing --module-path=/Users/marinebijon/.gradle/caches/modules-2/files-2.1/org.openjfx/javafx-controls/15.0.1/cb743a50156d7eca281bfc3547aff4d146972e02/javafx-controls-15.0.1-mac.jar:/Users/marinebijon/.gradle/caches/modules-2/files-2.1/org.openjfx/javafx-swing/15.0.1/1dcabb4f0d50c00fc9cc92306131762fc4977abd/javafx-swing-15.0.1-mac.jar:/Users/marinebijon/.gradle/caches/modules-2/files-2.1/org.openjfx/javafx-graphics/15.0.1/98ced13a06ad705ce0014df60794cedbf297080b/javafx-graphics-15.0.1-mac.jar:/Users/marinebijon/.gradle/caches/modules-2/files-2.1/org.openjfx/javafx-base/15.0.1/b91bc3dfc230b46f11146686648a42921de0c23/javafx-base-15.0.1-mac.jar -Dfile.encoding=UTF-8 -Duser.country=FR -Duser.language=fr -Duser.variant Main

Host: MacBookPro14,1 x86_64 2300 MHz, 4 cores, 8G, Darwin 18.7.0
Time: Thu Jan 21 21:03:35 2021 CET elapsed time: 9.576989 seconds (0d 0h 0m 9s)

---------------  T H R E A D  ---------------

Current thread (0x00007f9a3f59fc00):  JavaThread "pool-3-thread-1" [_thread_in_native, id=67339, stack(0x0000700006710000,0x0000700006810000)]

Stack: [0x0000700006710000,0x0000700006810000],  sp=0x000070000680f638,  free space=1021k
Native frames: (J=compiled Java code, A=aot compiled Java code, j=interpreted, Vv=VM code, C=native code)
C  [libobjc.A.dylib+0x669d]  objc_msgSend+0x1d
C  [libopencv_videoio.4.4.dylib+0x2e15b]  cv::AVIWriteContainer::jflushStream(unsigned int, int)+0x2f5b
C  [libopencv_videoio.4.4.dylib+0xd46f]  cvGrabFrame+0xf
C  [libopencv_videoio.4.4.dylib+0x30f12]  cv::AVIWriteContainer::jflushStream(unsigned int, int)+0x5d12
C  [libopencv_videoio.4.4.dylib+0x1107d]  cv::VideoCapture::grab()+0x2d
C  [libjniopencv_videoio.dylib+0x68d3]  Java_org_bytedeco_opencv_opencv_1videoio_VideoCapture_grab+0x53
j  org.bytedeco.opencv.opencv_videoio.VideoCapture.grab()Z+0
j  org.bytedeco.javacv.OpenCVFrameGrabber.grab()Lorg/bytedeco/javacv/Frame;+35
j  org.bytedeco.javacv.FrameGrabber.grabFrame()Lorg/bytedeco/javacv/Frame;+1
j  ClassifyWebcam.lambda$new$1(Lorg/bytedeco/javacv/OpenCVFrameGrabber;Lorg/bytedeco/javacv/OpenCVFrameConverter$ToIplImage;Ljavafx/scene/control/Label;Ljavafx/scene/image/ImageView;Ljavafx/stage/Stage;)V+62
j  ClassifyWebcam$$Lambda$383+0x0000000800d95e78.run()V+24
j  java.util.concurrent.ThreadPoolExecutor.runWorker(Ljava/util/concurrent/ThreadPoolExecutor$Worker;)V+92 java.base@15.0.1
j  java.util.concurrent.ThreadPoolExecutor$Worker.run()V+5 java.base@15.0.1
j  java.lang.Thread.run()V+11 java.base@15.0.1
v  ~StubRoutines::call_stub
V  [libjvm.dylib+0x4bb5e2]  JavaCalls::call_helper(JavaValue*, methodHandle const&, JavaCallArguments*, Thread*)+0x2e2
V  [libjvm.dylib+0x4ba4c9]  JavaCalls::call_virtual(JavaValue*, Klass*, Symbol*, Symbol*, JavaCallArguments*, Thread*)+0x1e9
V  [libjvm.dylib+0x4ba593]  JavaCalls::call_virtual(JavaValue*, Handle, Klass*, Symbol*, Symbol*, Thread*)+0x63
V  [libjvm.dylib+0x568ea0]  thread_entry(JavaThread*, Thread*)+0xb0
V  [libjvm.dylib+0xa20452]  JavaThread::thread_main_inner()+0xb2
V  [libjvm.dylib+0xa1d521]  Thread::call_run()+0x71
V  [libjvm.dylib+0x83f987]  thread_native_entry(Thread*)+0x197
C  [libsystem_pthread.dylib+0x32eb]  _pthread_body+0x7e
C  [libsystem_pthread.dylib+0x6249]  _pthread_start+0x42
C  [libsystem_pthread.dylib+0x240d]  thread_start+0xd

Java frames: (J=compiled Java code, j=interpreted, Vv=VM code)
j  org.bytedeco.opencv.opencv_videoio.VideoCapture.grab()Z+0
j  org.bytedeco.javacv.OpenCVFrameGrabber.grab()Lorg/bytedeco/javacv/Frame;+35
j  org.bytedeco.javacv.FrameGrabber.grabFrame()Lorg/bytedeco/javacv/Frame;+1
j  ClassifyWebcam.lambda$new$1(Lorg/bytedeco/javacv/OpenCVFrameGrabber;Lorg/bytedeco/javacv/OpenCVFrameConverter$ToIplImage;Ljavafx/scene/control/Label;Ljavafx/scene/image/ImageView;Ljavafx/stage/Stage;)V+62
j  ClassifyWebcam$$Lambda$383+0x0000000800d95e78.run()V+24
j  java.util.concurrent.ThreadPoolExecutor.runWorker(Ljava/util/concurrent/ThreadPoolExecutor$Worker;)V+92 java.base@15.0.1
j  java.util.concurrent.ThreadPoolExecutor$Worker.run()V+5 java.base@15.0.1
j  java.lang.Thread.run()V+11 java.base@15.0.1
v  ~StubRoutines::call_stub

siginfo: si_signo: 11 (SIGSEGV), si_code: 1 (SEGV_MAPERR), si_addr: 0x0000001400000018

Register to memory mapping:

RAX=0x0 is NULL
RBX=0x00007f9a43a8d6b0 points into unknown readable memory: 0x0000000080080000 | 00 00 08 80 00 00 00 00
RCX=0x0 is NULL
RDX=0x00000000318fb0bf is an unknown value
RSP=0x000070000680f638 is pointing into the stack for thread: 0x00007f9a3f59fc00
RBP=0x000070000680f660 is pointing into the stack for thread: 0x00007f9a3f59fc00
RSI=0x00007fff318f2c41: GCC_except_table7+0x65a5 in /System/Library/Frameworks/AppKit.framework/Versions/C/AppKit at 0x00007fff30d4f000
RDI=0x00007fff900048f0: kCAAtomCFDictionaryKeyCallbacks+0x1bb00 in /System/Library/Frameworks/QuartzCore.framework/Versions/A/QuartzCore at 0x00007fff3e1da000
R8 =0x00000000310eb800 is an unknown value
R9 =0x00007f9a43a8d880 points into unknown readable memory: 0x00007fff318fb0bf | bf b0 8f 31 ff 7f 00 00
R10=0x0000001400000000 is an unknown value
R11=0x00007fff318f2c41: GCC_except_table7+0x65a5 in /System/Library/Frameworks/AppKit.framework/Versions/C/AppKit at 0x00007fff30d4f000
R12=0x0000000000000010 is an unknown value
R13=0x00000001340740f8 is pointing into metadata
R14=0x0 is NULL
R15=0x0000000000000008 is an unknown value


Registers:
RAX=0x0000000000000000, RBX=0x00007f9a43a8d6b0, RCX=0x0000000000000000, RDX=0x00000000318fb0bf
RSP=0x000070000680f638, RBP=0x000070000680f660, RSI=0x00007fff318f2c41, RDI=0x00007fff900048f0
R8 =0x00000000310eb800, R9 =0x00007f9a43a8d880, R10=0x0000001400000000, R11=0x00007fff318f2c41
R12=0x0000000000000010, R13=0x00000001340740f8, R14=0x0000000000000000, R15=0x0000000000000008
RIP=0x00007fff5dee969d, EFLAGS=0x0000000000010206, ERR=0x0000000000000004
  TRAPNO=0x000000000000000e

Top of Stack: (sp=0x000070000680f638)
0x000070000680f638:   00000001342ccb43 00007fff5dee9680
0x000070000680f648:   0000000000000000 00007f9a4130a7e0
0x000070000680f658:   00007f9a4384a830 000070000680f690
0x000070000680f668:   00000001342cc15b 00000001342d9920
0x000070000680f678:   00007f9a4384a930 00007f9a3f59ff28
0x000070000680f688:   000070000680f7b8 000070000680f6a0
0x000070000680f698:   00000001342ab46f 000070000680f6b0
0x000070000680f6a8:   00000001342cef12 000070000680f700
0x000070000680f6b8:   00000001342af07d 00007f9a4384a930
0x000070000680f6c8:   000070000680f7b0 000070000680f720
0x000070000680f6d8:   000000012ffcbff7 0000000000000000
0x000070000680f6e8:   00007f9a00000000 00007f9a4384a930
0x000070000680f6f8:   00007f9a3f59ff28 000070000680f730
0x000070000680f708:   000000012ffce8d3 000000012ffce880
0x000070000680f718:   0000000134074100 000070000680f7b8
0x000070000680f728:   00007f9a3f59fc00 000070000680f798
0x000070000680f738:   00000001173563f0 000070000680f740
0x000070000680f748:   000070000680f748 000070000680f750
0x000070000680f758:   0000000000000000 000070000680f7b8
0x000070000680f768:   0000000134075540 0000000000000000
0x000070000680f778:   0000000780f07568 0000000134074100
0x000070000680f788:   0000000000000000 000070000680f7b8
0x000070000680f798:   000070000680f808 0000000117350690
0x000070000680f7a8:   0000000000000000 00000001173535c0
0x000070000680f7b8:   0000000780f65c08 000070000680f7c0
0x000070000680f7c8:   0000000132840413 000070000680f818
0x000070000680f7d8:   000000013284a7c8 0000000000000000
0x000070000680f7e8:   0000000781394748 0000000132840518
0x000070000680f7f8:   000070000680f7b8 000070000680f818
0x000070000680f808:   000070000680f868 0000000117350c40
0x000070000680f818:   0000000781301628 000070000680f820
0x000070000680f828:   0000000132847061 000070000680f878 

Instructions: (pc=0x00007fff5dee969d)
0x00007fff5dee959d:   05 96 9b db 37 48 8b 30 5d e9 d5 00 00 00 5d e9
0x00007fff5dee95ad:   65 79 00 00 31 f6 5d e9 d5 70 00 00 90 90 90 90
0x00007fff5dee95bd:   90 90 90 31 c0 31 d2 0f 57 c0 0f 57 c9 c3 90 d9
0x00007fff5dee95cd:   ee 31 c0 31 d2 0f 57 c0 0f 57 c9 c3 0f 1f 00 d9
0x00007fff5dee95dd:   ee d9 ee 31 c0 31 d2 0f 57 c0 0f 57 c9 c3 90 48
0x00007fff5dee95ed:   89 f8 c3 49 89 fa 49 89 f3 45 23 5a 18 49 c1 e3
0x00007fff5dee95fd:   04 4d 03 5a 10 49 3b 33 75 05 49 8b 43 08 c3 49
0x00007fff5dee960d:   83 3b 01 76 0e 49 83 c3 10 49 3b 33 75 f1 49 8b
0x00007fff5dee961d:   43 08 c3 72 1c 4d 8b 5b 08 eb 0a 49 83 3b 01 76
0x00007fff5dee962d:   0e 49 83 c3 10 49 3b 33 75 f1 49 8b 43 08 c3 eb
0x00007fff5dee963d:   00 31 c0 c3 66 2e 0f 1f 84 00 00 00 00 00 66 2e
0x00007fff5dee964d:   0f 1f 84 00 00 00 00 00 66 2e 0f 1f 84 00 00 00
0x00007fff5dee965d:   00 00 66 2e 0f 1f 84 00 00 00 00 00 66 2e 0f 1f
0x00007fff5dee966d:   84 00 00 00 00 00 66 2e 0f 1f 84 00 00 00 00 00
0x00007fff5dee967d:   0f 1f 00 48 85 ff 2e 74 62 40 f6 c7 01 2e 75 66
0x00007fff5dee968d:   49 ba f8 ff ff ff ff 7f 00 00 4c 23 17 49 89 f3
0x00007fff5dee969d:   45 23 5a 18 49 c1 e3 04 4d 03 5a 10 49 3b 33 75
0x00007fff5dee96ad:   04 41 ff 63 08 49 83 3b 01 76 0d 49 83 c3 10 49
0x00007fff5dee96bd:   3b 33 75 f1 41 ff 63 08 72 68 4d 8b 5b 08 eb 0a
0x00007fff5dee96cd:   49 83 3b 01 76 0d 49 83 c3 10 49 3b 33 75 f1 41
0x00007fff5dee96dd:   ff 63 08 eb 4d 66 0f 1f 44 00 00 31 c0 31 d2 0f
0x00007fff5dee96ed:   57 c0 0f 57 c9 c3 41 89 fb 41 83 e3 0f 4c 8d 15
0x00007fff5dee96fd:   9f 2c c3 37 4f 8b 14 da 4c 8d 1d 5c 2a c3 37 4d
0x00007fff5dee970d:   39 d3 75 89 41 89 fb 41 c1 eb 04 41 81 e3 ff 00
0x00007fff5dee971d:   00 00 4c 8d 15 fa 2c c3 37 4f 8b 14 da e9 6b ff
0x00007fff5dee972d:   ff ff e9 9c 09 00 00 66 2e 0f 1f 84 00 00 00 00
0x00007fff5dee973d:   00 66 90 48 85 ff 2e 74 62 40 f6 c7 01 2e 75 63
0x00007fff5dee974d:   49 ba f8 ff ff ff ff 7f 00 00 4c 23 17 49 89 f3
0x00007fff5dee975d:   45 23 5a 18 49 c1 e3 04 4d 03 5a 10 49 3b 33 75
0x00007fff5dee976d:   05 4d 8b 5b 08 c3 49 83 3b 01 76 0e 49 83 c3 10
0x00007fff5dee977d:   49 3b 33 75 f1 4d 8b 5b 08 c3 72 63 4d 8b 5b 08
0x00007fff5dee978d:   eb 0a 49 83 3b 01 76 0e 49 83 c3 10 49 3b 33 75 


Stack slot to memory mapping:
stack at sp + 0 slots: 0x00000001342ccb43: _ZN2cv17AVIWriteContainer12jflushStreamEji+0x3943 in /Users/marinebijon/.javacpp/cache/opencv-4.4.0-1.5.4-macosx-x86_64.jar/org/bytedeco/opencv/macosx-x86_64/libopencv_videoio.4.4.dylib at 0x000000013429e000
stack at sp + 1 slots: 0x00007fff5dee9680: objc_msgSend+0 in /usr/lib/libobjc.A.dylib at 0x00007fff5dee3000
stack at sp + 2 slots: 0x0 is NULL
stack at sp + 3 slots: 0x00007f9a4130a7e0 points into unknown readable memory: 0x001dffff8eee0329 | 29 03 ee 8e ff ff 1d 00
stack at sp + 4 slots: 0x00007f9a4384a830 points into unknown readable memory: 0x0000000000000000 | 00 00 00 00 00 00 00 00
stack at sp + 5 slots: 0x000070000680f690 is pointing into the stack for thread: 0x00007f9a3f59fc00
stack at sp + 6 slots: 0x00000001342cc15b: _ZN2cv17AVIWriteContainer12jflushStreamEji+0x2f5b in /Users/marinebijon/.javacpp/cache/opencv-4.4.0-1.5.4-macosx-x86_64.jar/org/bytedeco/opencv/macosx-x86_64/libopencv_videoio.4.4.dylib at 0x000000013429e000
stack at sp + 7 slots: 0x00000001342d9920: _ZTINSt3__114basic_ofstreamIcNS_11char_traitsIcEEEE+0xd0 in /Users/marinebijon/.javacpp/cache/opencv-4.4.0-1.5.4-macosx-x86_64.jar/org/bytedeco/opencv/macosx-x86_64/libopencv_videoio.4.4.dylib at 0x000000013429e000


---------------  P R O C E S S  ---------------

Threads class SMR info:
_java_thread_list=0x00007f9a43aa0ca0, length=21, elements={
0x00007f9a3f007c00, 0x00007f9a3f09aa00, 0x00007f9a3f80a400, 0x00007f9a3f09f400,
0x00007f9a3f09e600, 0x00007f9a40845800, 0x00007f9a4080de00, 0x00007f9a40810600,
0x00007f9a3f09ec00, 0x00007f9a3f004800, 0x00007f9a40001c00, 0x00007f9a40991000,
0x00007f9a40991600, 0x00007f9a3f0a0a00, 0x00007f9a42021000, 0x00007f9a406a6600,
0x00007f9a42d76e00, 0x00007f9a3f59fc00, 0x00007f9a406b8a00, 0x00007f9a42bf1a00,
0x00007f9a42bf2000
}

Java Threads: ( => current thread )
  0x00007f9a3f007c00 JavaThread "main" [_thread_blocked, id=8963, stack(0x0000700004ab3000,0x0000700004bb3000)]
  0x00007f9a3f09aa00 JavaThread "Reference Handler" daemon [_thread_blocked, id=14851, stack(0x00007000051c8000,0x00007000052c8000)]
  0x00007f9a3f80a400 JavaThread "Finalizer" daemon [_thread_blocked, id=15363, stack(0x00007000052cb000,0x00007000053cb000)]
  0x00007f9a3f09f400 JavaThread "Signal Dispatcher" daemon [_thread_blocked, id=22531, stack(0x00007000053ce000,0x00007000054ce000)]
  0x00007f9a3f09e600 JavaThread "Service Thread" daemon [_thread_blocked, id=22787, stack(0x00007000054d1000,0x00007000055d1000)]
  0x00007f9a40845800 JavaThread "C2 CompilerThread0" daemon [_thread_blocked, id=23555, stack(0x00007000055d4000,0x00007000056d4000)]
  0x00007f9a4080de00 JavaThread "C1 CompilerThread0" daemon [_thread_blocked, id=24323, stack(0x00007000056d7000,0x00007000057d7000)]
  0x00007f9a40810600 JavaThread "Sweeper thread" daemon [_thread_blocked, id=40451, stack(0x00007000057da000,0x00007000058da000)]
  0x00007f9a3f09ec00 JavaThread "Common-Cleaner" daemon [_thread_blocked, id=39939, stack(0x00007000058dd000,0x00007000059dd000)]
  0x00007f9a3f004800 JavaThread "Notification Thread" daemon [_thread_blocked, id=27139, stack(0x0000700005ae3000,0x0000700005be3000)]
  0x00007f9a40001c00 JavaThread "QuantumRenderer-0" daemon [_thread_blocked, id=27395, stack(0x0000700005ce9000,0x0000700005de9000)]
  0x00007f9a40991000 JavaThread "InvokeLaterDispatcher" daemon [_thread_blocked, id=32771, stack(0x0000700005dec000,0x0000700005eec000)]
  0x00007f9a40991600 JavaThread "JavaFX Application Thread" [_thread_in_native, id=775, stack(0x00007ffee5b11000,0x00007ffee6311000)]
  0x00007f9a3f0a0a00 JavaThread "JavaFX-Launcher" [_thread_blocked, id=56579, stack(0x00007000062fe000,0x00007000063fe000)]
  0x00007f9a42021000 JavaThread "Prism Font Disposer" daemon [_thread_blocked, id=59395, stack(0x0000700006484000,0x0000700006584000)]
  0x00007f9a406a6600 JavaThread "Cleaner-0" daemon [_thread_blocked, id=68107, stack(0x00007000059e0000,0x0000700005ae0000)]
  0x00007f9a42d76e00 JavaThread "JavaCPP Deallocator" daemon [_thread_blocked, id=87299, stack(0x0000700006813000,0x0000700006913000)]
=>0x00007f9a3f59fc00 JavaThread "pool-3-thread-1" [_thread_in_native, id=67339, stack(0x0000700006710000,0x0000700006810000)]
  0x00007f9a406b8a00 JavaThread "Timer-0" [_thread_in_native, id=93699, stack(0x0000700006ba5000,0x0000700006ca5000)]
  0x00007f9a42bf1a00 JavaThread "Java2D Disposer" daemon [_thread_blocked, id=96007, stack(0x0000700006ca8000,0x0000700006da8000)]
  0x00007f9a42bf2000 JavaThread "Java2D Queue Flusher" daemon [_thread_blocked, id=74759, stack(0x0000700006dab000,0x0000700006eab000)]

Other Threads:
  0x00007f9a3ef115b0 VMThread "VM Thread" [stack: 0x00007000050c5000,0x00007000051c5000] [id=17411]
  0x00007f9a3ee3f630 WatcherThread [stack: 0x0000700005be6000,0x0000700005ce6000] [id=39171]
  0x00007f9a3ef0d070 GCTaskThread "GC Thread#0" [stack: 0x0000700004bb6000,0x0000700004cb6000] [id=19459]
  0x00007f9a3ec3b170 GCTaskThread "GC Thread#1" [stack: 0x0000700005f72000,0x0000700006072000] [id=81259]
  0x00007f9a3ee836e0 GCTaskThread "GC Thread#2" [stack: 0x0000700006075000,0x0000700006175000] [id=51715]
  0x00007f9a3ee83ea0 GCTaskThread "GC Thread#3" [stack: 0x0000700006178000,0x0000700006278000] [id=51971]
  0x00007f9a3ef0e220 ConcurrentGCThread "G1 Main Marker" [stack: 0x0000700004cb9000,0x0000700004db9000] [id=18947]
  0x00007f9a3ed1d1f0 ConcurrentGCThread "G1 Conc#0" [stack: 0x0000700004dbc000,0x0000700004ebc000] [id=18179]
  0x00007f9a3ed38b30 ConcurrentGCThread "G1 Refine#0" [stack: 0x0000700004ebf000,0x0000700004fbf000] [id=17923]
  0x00007f9a3ee005d0 ConcurrentGCThread "G1 Young RemSet Sampling" [stack: 0x0000700004fc2000,0x00007000050c2000] [id=14339]

Threads with active compile tasks:

VM state: not at safepoint (normal execution)

VM Mutex/Monitor currently owned by a thread: None

Heap address: 0x0000000780000000, size: 2048 MB, Compressed Oops mode: Zero based, Oop shift amount: 3
CDS archive(s) mapped at: [0x0000000800000000-0x0000000800b2d000-0x0000000800b2d000), size 11718656, SharedBaseAddress: 0x0000000800000000, ArchiveRelocationMode: 0.
Compressed class space mapped at: 0x0000000800b30000-0x0000000840b30000, size: 1073741824
Narrow klass base: 0x0000000800000000, Narrow klass shift: 3, Narrow klass range: 0x100000000

GC Precious Log:
 CPUs: 4 total, 4 available
 Memory: 8192M
 Large Page Support: Disabled
 NUMA Support: Disabled
 Compressed Oops: Enabled (Zero based)
 Heap Region Size: 1M
 Heap Min Capacity: 8M
 Heap Initial Capacity: 128M
 Heap Max Capacity: 2G
 Pre-touch: Disabled
 Parallel Workers: 4
 Concurrent Workers: 1
 Concurrent Refinement Workers: 4
 Periodic GC: Disabled

Heap:
 garbage-first heap   total 158720K, used 81672K [0x0000000780000000, 0x0000000800000000)
  region size 1024K, 3 young (3072K), 1 survivors (1024K)
 Metaspace       used 24042K, capacity 24320K, committed 25008K, reserved 1071104K
  class space    used 2662K, capacity 2741K, committed 2816K, reserved 1048576K

Heap Regions: E=young(eden), S=young(survivor), O=old, HS=humongous(starts), HC=humongous(continues), CS=collection set, F=free, OA=open archive, CA=closed archive, TAMS=top-at-mark-start (previous, next)
|   0|0x0000000780000000, 0x0000000780100000, 0x0000000780100000|100%| O|  |TAMS 0x0000000780100000, 0x0000000780000000| Untracked 
|   1|0x0000000780100000, 0x0000000780200000, 0x0000000780200000|100%| O|  |TAMS 0x0000000780200000, 0x0000000780100000| Untracked 
|   2|0x0000000780200000, 0x0000000780300000, 0x0000000780300000|100%| O|  |TAMS 0x0000000780300000, 0x0000000780200000| Untracked 
|   3|0x0000000780300000, 0x0000000780400000, 0x0000000780400000|100%| O|  |TAMS 0x0000000780400000, 0x0000000780300000| Untracked 
|   4|0x0000000780400000, 0x0000000780500000, 0x0000000780500000|100%|HS|  |TAMS 0x0000000780500000, 0x0000000780400000| Complete 
|   5|0x0000000780500000, 0x0000000780600000, 0x0000000780600000|100%|HC|  |TAMS 0x0000000780600000, 0x0000000780500000| Complete 
|   6|0x0000000780600000, 0x0000000780700000, 0x0000000780700000|100%| O|  |TAMS 0x0000000780700000, 0x0000000780600000| Untracked 
|   7|0x0000000780700000, 0x0000000780800000, 0x0000000780800000|100%| O|  |TAMS 0x0000000780800000, 0x0000000780700000| Untracked 
|   8|0x0000000780800000, 0x00000007808c9400, 0x0000000780900000| 78%| O|  |TAMS 0x00000007808c9400, 0x0000000780800000| Untracked 
|   9|0x0000000780900000, 0x0000000780a00000, 0x0000000780a00000|100%|HS|  |TAMS 0x0000000780900000, 0x0000000780900000| Complete 
|  10|0x0000000780a00000, 0x0000000780b00000, 0x0000000780b00000|100%|HC|  |TAMS 0x0000000780a00000, 0x0000000780a00000| Complete 
|  11|0x0000000780b00000, 0x0000000780b00000, 0x0000000780c00000|  0%| F|  |TAMS 0x0000000780b00000, 0x0000000780b00000| Untracked 
|  12|0x0000000780c00000, 0x0000000780d00000, 0x0000000780d00000|100%|HS|  |TAMS 0x0000000780d00000, 0x0000000780c00000| Complete 
|  13|0x0000000780d00000, 0x0000000780e00000, 0x0000000780e00000|100%|HC|  |TAMS 0x0000000780e00000, 0x0000000780d00000| Complete 
|  14|0x0000000780e00000, 0x0000000780f00000, 0x0000000780f00000|100%|HC|  |TAMS 0x0000000780f00000, 0x0000000780e00000| Complete 
|  15|0x0000000780f00000, 0x0000000780fd0000, 0x0000000781000000| 81%| O|  |TAMS 0x0000000780fd0000, 0x0000000780f00000| Untracked 
|  16|0x0000000781000000, 0x0000000781000000, 0x0000000781100000|  0%| F|  |TAMS 0x0000000781000000, 0x0000000781000000| Untracked 
|  17|0x0000000781100000, 0x0000000781100000, 0x0000000781200000|  0%| F|  |TAMS 0x0000000781100000, 0x0000000781100000| Untracked 
|  18|0x0000000781200000, 0x0000000781200000, 0x0000000781300000|  0%| F|  |TAMS 0x0000000781200000, 0x0000000781200000| Untracked 
|  19|0x0000000781300000, 0x0000000781400000, 0x0000000781400000|100%| O|  |TAMS 0x0000000781400000, 0x0000000781300000| Untracked 
|  20|0x0000000781400000, 0x0000000781500000, 0x0000000781500000|100%| O|  |TAMS 0x0000000781500000, 0x0000000781400000| Untracked 
|  21|0x0000000781500000, 0x0000000781600000, 0x0000000781600000|100%| O|  |TAMS 0x0000000781600000, 0x0000000781500000| Untracked 
|  22|0x0000000781600000, 0x0000000781700000, 0x0000000781700000|100%|HS|  |TAMS 0x0000000781700000, 0x0000000781600000| Complete 
|  23|0x0000000781700000, 0x0000000781800000, 0x0000000781800000|100%|HC|  |TAMS 0x0000000781800000, 0x0000000781700000| Complete 
|  24|0x0000000781800000, 0x0000000781900000, 0x0000000781900000|100%|HC|  |TAMS 0x0000000781900000, 0x0000000781800000| Complete 
|  25|0x0000000781900000, 0x0000000781a00000, 0x0000000781a00000|100%|HC|  |TAMS 0x0000000781a00000, 0x0000000781900000| Complete 
|  26|0x0000000781a00000, 0x0000000781a00000, 0x0000000781b00000|  0%| F|  |TAMS 0x0000000781a00000, 0x0000000781a00000| Untracked 
|  27|0x0000000781b00000, 0x0000000781b00000, 0x0000000781c00000|  0%| F|  |TAMS 0x0000000781b00000, 0x0000000781b00000| Untracked 
|  28|0x0000000781c00000, 0x0000000781c00000, 0x0000000781d00000|  0%| F|  |TAMS 0x0000000781c00000, 0x0000000781c00000| Untracked 
|  29|0x0000000781d00000, 0x0000000781d00000, 0x0000000781e00000|  0%| F|  |TAMS 0x0000000781d00000, 0x0000000781d00000| Untracked 
|  30|0x0000000781e00000, 0x0000000781e00000, 0x0000000781f00000|  0%| F|  |TAMS 0x0000000781e00000, 0x0000000781e00000| Untracked 
|  31|0x0000000781f00000, 0x0000000781f00000, 0x0000000782000000|  0%| F|  |TAMS 0x0000000781f00000, 0x0000000781f00000| Untracked 
|  32|0x0000000782000000, 0x0000000782000000, 0x0000000782100000|  0%| F|  |TAMS 0x0000000782000000, 0x0000000782000000| Untracked 
|  33|0x0000000782100000, 0x0000000782100000, 0x0000000782200000|  0%| F|  |TAMS 0x0000000782100000, 0x0000000782100000| Untracked 
|  34|0x0000000782200000, 0x0000000782300000, 0x0000000782300000|100%|HS|  |TAMS 0x0000000782300000, 0x0000000782200000| Complete 
|  35|0x0000000782300000, 0x0000000782400000, 0x0000000782400000|100%|HC|  |TAMS 0x0000000782400000, 0x0000000782300000| Complete 
|  36|0x0000000782400000, 0x0000000782500000, 0x0000000782500000|100%|HC|  |TAMS 0x0000000782500000, 0x0000000782400000| Complete 
|  37|0x0000000782500000, 0x0000000782600000, 0x0000000782600000|100%|HC|  |TAMS 0x0000000782600000, 0x0000000782500000| Complete 
|  38|0x0000000782600000, 0x0000000782600000, 0x0000000782700000|  0%| F|  |TAMS 0x0000000782600000, 0x0000000782600000| Untracked 
|  39|0x0000000782700000, 0x0000000782700000, 0x0000000782800000|  0%| F|  |TAMS 0x0000000782700000, 0x0000000782700000| Untracked 
|  40|0x0000000782800000, 0x0000000782800000, 0x0000000782900000|  0%| F|  |TAMS 0x0000000782800000, 0x0000000782800000| Untracked 
|  41|0x0000000782900000, 0x0000000782900000, 0x0000000782a00000|  0%| F|  |TAMS 0x0000000782900000, 0x0000000782900000| Untracked 
|  42|0x0000000782a00000, 0x0000000782b00000, 0x0000000782b00000|100%|HS|  |TAMS 0x0000000782b00000, 0x0000000782a00000| Complete 
|  43|0x0000000782b00000, 0x0000000782c00000, 0x0000000782c00000|100%|HC|  |TAMS 0x0000000782c00000, 0x0000000782b00000| Complete 
|  44|0x0000000782c00000, 0x0000000782d00000, 0x0000000782d00000|100%|HC|  |TAMS 0x0000000782d00000, 0x0000000782c00000| Complete 
|  45|0x0000000782d00000, 0x0000000782e00000, 0x0000000782e00000|100%|HC|  |TAMS 0x0000000782e00000, 0x0000000782d00000| Complete 
|  46|0x0000000782e00000, 0x0000000782f00000, 0x0000000782f00000|100%|HC|  |TAMS 0x0000000782f00000, 0x0000000782e00000| Complete 
|  47|0x0000000782f00000, 0x0000000783000000, 0x0000000783000000|100%|HC|  |TAMS 0x0000000783000000, 0x0000000782f00000| Complete 
|  48|0x0000000783000000, 0x0000000783100000, 0x0000000783100000|100%|HC|  |TAMS 0x0000000783100000, 0x0000000783000000| Complete 
|  49|0x0000000783100000, 0x0000000783200000, 0x0000000783200000|100%|HC|  |TAMS 0x0000000783200000, 0x0000000783100000| Complete 
|  50|0x0000000783200000, 0x0000000783300000, 0x0000000783300000|100%|HC|  |TAMS 0x0000000783300000, 0x0000000783200000| Complete 
|  51|0x0000000783300000, 0x0000000783400000, 0x0000000783400000|100%|HC|  |TAMS 0x0000000783400000, 0x0000000783300000| Complete 
|  52|0x0000000783400000, 0x0000000783500000, 0x0000000783500000|100%|HC|  |TAMS 0x0000000783500000, 0x0000000783400000| Complete 
|  53|0x0000000783500000, 0x0000000783600000, 0x0000000783600000|100%|HC|  |TAMS 0x0000000783600000, 0x0000000783500000| Complete 
|  54|0x0000000783600000, 0x0000000783700000, 0x0000000783700000|100%|HC|  |TAMS 0x0000000783700000, 0x0000000783600000| Complete 
|  55|0x0000000783700000, 0x0000000783800000, 0x0000000783800000|100%|HC|  |TAMS 0x0000000783800000, 0x0000000783700000| Complete 
|  56|0x0000000783800000, 0x0000000783900000, 0x0000000783900000|100%|HC|  |TAMS 0x0000000783900000, 0x0000000783800000| Complete 
|  57|0x0000000783900000, 0x0000000783a00000, 0x0000000783a00000|100%|HC|  |TAMS 0x0000000783a00000, 0x0000000783900000| Complete 
|  58|0x0000000783a00000, 0x0000000783b00000, 0x0000000783b00000|100%|HC|  |TAMS 0x0000000783b00000, 0x0000000783a00000| Complete 
|  59|0x0000000783b00000, 0x0000000783c00000, 0x0000000783c00000|100%|HC|  |TAMS 0x0000000783c00000, 0x0000000783b00000| Complete 
|  60|0x0000000783c00000, 0x0000000783d00000, 0x0000000783d00000|100%|HC|  |TAMS 0x0000000783d00000, 0x0000000783c00000| Complete 
|  61|0x0000000783d00000, 0x0000000783e00000, 0x0000000783e00000|100%|HC|  |TAMS 0x0000000783e00000, 0x0000000783d00000| Complete 
|  62|0x0000000783e00000, 0x0000000783f00000, 0x0000000783f00000|100%|HC|  |TAMS 0x0000000783f00000, 0x0000000783e00000| Complete 
|  63|0x0000000783f00000, 0x0000000784000000, 0x0000000784000000|100%|HC|  |TAMS 0x0000000784000000, 0x0000000783f00000| Complete 
|  64|0x0000000784000000, 0x0000000784100000, 0x0000000784100000|100%|HC|  |TAMS 0x0000000784100000, 0x0000000784000000| Complete 
|  65|0x0000000784100000, 0x0000000784200000, 0x0000000784200000|100%|HC|  |TAMS 0x0000000784200000, 0x0000000784100000| Complete 
|  66|0x0000000784200000, 0x0000000784300000, 0x0000000784300000|100%|HC|  |TAMS 0x0000000784300000, 0x0000000784200000| Complete 
|  67|0x0000000784300000, 0x0000000784400000, 0x0000000784400000|100%|HC|  |TAMS 0x0000000784400000, 0x0000000784300000| Complete 
|  68|0x0000000784400000, 0x0000000784500000, 0x0000000784500000|100%|HC|  |TAMS 0x0000000784500000, 0x0000000784400000| Complete 
|  69|0x0000000784500000, 0x0000000784600000, 0x0000000784600000|100%|HC|  |TAMS 0x0000000784600000, 0x0000000784500000| Complete 
|  70|0x0000000784600000, 0x0000000784700000, 0x0000000784700000|100%|HC|  |TAMS 0x0000000784700000, 0x0000000784600000| Complete 
|  71|0x0000000784700000, 0x0000000784800000, 0x0000000784800000|100%|HC|  |TAMS 0x0000000784800000, 0x0000000784700000| Complete 
|  72|0x0000000784800000, 0x0000000784900000, 0x0000000784900000|100%|HC|  |TAMS 0x0000000784900000, 0x0000000784800000| Complete 
|  73|0x0000000784900000, 0x0000000784a00000, 0x0000000784a00000|100%|HC|  |TAMS 0x0000000784a00000, 0x0000000784900000| Complete 
|  74|0x0000000784a00000, 0x0000000784b00000, 0x0000000784b00000|100%|HC|  |TAMS 0x0000000784b00000, 0x0000000784a00000| Complete 
|  75|0x0000000784b00000, 0x0000000784c00000, 0x0000000784c00000|100%|HC|  |TAMS 0x0000000784c00000, 0x0000000784b00000| Complete 
|  76|0x0000000784c00000, 0x0000000784d00000, 0x0000000784d00000|100%|HC|  |TAMS 0x0000000784d00000, 0x0000000784c00000| Complete 
|  77|0x0000000784d00000, 0x0000000784e00000, 0x0000000784e00000|100%|HC|  |TAMS 0x0000000784e00000, 0x0000000784d00000| Complete 
|  78|0x0000000784e00000, 0x0000000784f00000, 0x0000000784f00000|100%|HC|  |TAMS 0x0000000784f00000, 0x0000000784e00000| Complete 
|  79|0x0000000784f00000, 0x0000000785000000, 0x0000000785000000|100%|HC|  |TAMS 0x0000000785000000, 0x0000000784f00000| Complete 
|  80|0x0000000785000000, 0x0000000785100000, 0x0000000785100000|100%|HC|  |TAMS 0x0000000785100000, 0x0000000785000000| Complete 
|  81|0x0000000785100000, 0x0000000785200000, 0x0000000785200000|100%|HC|  |TAMS 0x0000000785200000, 0x0000000785100000| Complete 
|  82|0x0000000785200000, 0x0000000785300000, 0x0000000785300000|100%|HC|  |TAMS 0x0000000785300000, 0x0000000785200000| Complete 
|  83|0x0000000785300000, 0x0000000785400000, 0x0000000785400000|100%|HC|  |TAMS 0x0000000785400000, 0x0000000785300000| Complete 
|  84|0x0000000785400000, 0x0000000785500000, 0x0000000785500000|100%|HC|  |TAMS 0x0000000785500000, 0x0000000785400000| Complete 
|  85|0x0000000785500000, 0x0000000785600000, 0x0000000785600000|100%|HC|  |TAMS 0x0000000785600000, 0x0000000785500000| Complete 
|  86|0x0000000785600000, 0x0000000785700000, 0x0000000785700000|100%|HC|  |TAMS 0x0000000785700000, 0x0000000785600000| Complete 
|  87|0x0000000785700000, 0x0000000785800000, 0x0000000785800000|100%|HC|  |TAMS 0x0000000785800000, 0x0000000785700000| Complete 
|  88|0x0000000785800000, 0x0000000785900000, 0x0000000785900000|100%|HC|  |TAMS 0x0000000785900000, 0x0000000785800000| Complete 
|  89|0x0000000785900000, 0x0000000785a00000, 0x0000000785a00000|100%|HC|  |TAMS 0x0000000785a00000, 0x0000000785900000| Complete 
|  90|0x0000000785a00000, 0x0000000785b00000, 0x0000000785b00000|100%|HC|  |TAMS 0x0000000785b00000, 0x0000000785a00000| Complete 
|  91|0x0000000785b00000, 0x0000000785c00000, 0x0000000785c00000|100%|HC|  |TAMS 0x0000000785c00000, 0x0000000785b00000| Complete 
|  92|0x0000000785c00000, 0x0000000785d00000, 0x0000000785d00000|100%|HC|  |TAMS 0x0000000785d00000, 0x0000000785c00000| Complete 
|  93|0x0000000785d00000, 0x0000000785e00000, 0x0000000785e00000|100%|HC|  |TAMS 0x0000000785e00000, 0x0000000785d00000| Complete 
|  94|0x0000000785e00000, 0x0000000785e00000, 0x0000000785f00000|  0%| F|  |TAMS 0x0000000785e00000, 0x0000000785e00000| Untracked 
|  95|0x0000000785f00000, 0x0000000785f00000, 0x0000000786000000|  0%| F|  |TAMS 0x0000000785f00000, 0x0000000785f00000| Untracked 
|  96|0x0000000786000000, 0x0000000786000000, 0x0000000786100000|  0%| F|  |TAMS 0x0000000786000000, 0x0000000786000000| Untracked 
|  97|0x0000000786100000, 0x0000000786100000, 0x0000000786200000|  0%| F|  |TAMS 0x0000000786100000, 0x0000000786100000| Untracked 
|  98|0x0000000786200000, 0x0000000786200000, 0x0000000786300000|  0%| F|  |TAMS 0x0000000786200000, 0x0000000786200000| Untracked 
|  99|0x0000000786300000, 0x0000000786300000, 0x0000000786400000|  0%| F|  |TAMS 0x0000000786300000, 0x0000000786300000| Untracked 
| 100|0x0000000786400000, 0x0000000786400000, 0x0000000786500000|  0%| F|  |TAMS 0x0000000786400000, 0x0000000786400000| Untracked 
| 101|0x0000000786500000, 0x0000000786500000, 0x0000000786600000|  0%| F|  |TAMS 0x0000000786500000, 0x0000000786500000| Untracked 
| 102|0x0000000786600000, 0x0000000786600000, 0x0000000786700000|  0%| F|  |TAMS 0x0000000786600000, 0x0000000786600000| Untracked 
| 103|0x0000000786700000, 0x0000000786700000, 0x0000000786800000|  0%| F|  |TAMS 0x0000000786700000, 0x0000000786700000| Untracked 
| 104|0x0000000786800000, 0x0000000786800000, 0x0000000786900000|  0%| F|  |TAMS 0x0000000786800000, 0x0000000786800000| Untracked 
| 105|0x0000000786900000, 0x0000000786900000, 0x0000000786a00000|  0%| F|  |TAMS 0x0000000786900000, 0x0000000786900000| Untracked 
| 106|0x0000000786a00000, 0x0000000786a00000, 0x0000000786b00000|  0%| F|  |TAMS 0x0000000786a00000, 0x0000000786a00000| Untracked 
| 107|0x0000000786b00000, 0x0000000786b00000, 0x0000000786c00000|  0%| F|  |TAMS 0x0000000786b00000, 0x0000000786b00000| Untracked 
| 108|0x0000000786c00000, 0x0000000786c00000, 0x0000000786d00000|  0%| F|  |TAMS 0x0000000786c00000, 0x0000000786c00000| Untracked 
| 109|0x0000000786d00000, 0x0000000786d00000, 0x0000000786e00000|  0%| F|  |TAMS 0x0000000786d00000, 0x0000000786d00000| Untracked 
| 110|0x0000000786e00000, 0x0000000786e00000, 0x0000000786f00000|  0%| F|  |TAMS 0x0000000786e00000, 0x0000000786e00000| Untracked 
| 111|0x0000000786f00000, 0x0000000786f00000, 0x0000000787000000|  0%| F|  |TAMS 0x0000000786f00000, 0x0000000786f00000| Untracked 
| 112|0x0000000787000000, 0x0000000787000000, 0x0000000787100000|  0%| F|  |TAMS 0x0000000787000000, 0x0000000787000000| Untracked 
| 113|0x0000000787100000, 0x0000000787100000, 0x0000000787200000|  0%| F|  |TAMS 0x0000000787100000, 0x0000000787100000| Untracked 
| 114|0x0000000787200000, 0x0000000787200000, 0x0000000787300000|  0%| F|  |TAMS 0x0000000787200000, 0x0000000787200000| Untracked 
| 115|0x0000000787300000, 0x0000000787300000, 0x0000000787400000|  0%| F|  |TAMS 0x0000000787300000, 0x0000000787300000| Untracked 
| 116|0x0000000787400000, 0x0000000787400000, 0x0000000787500000|  0%| F|  |TAMS 0x0000000787400000, 0x0000000787400000| Untracked 
| 117|0x0000000787500000, 0x0000000787500000, 0x0000000787600000|  0%| F|  |TAMS 0x0000000787500000, 0x0000000787500000| Untracked 
| 118|0x0000000787600000, 0x0000000787600000, 0x0000000787700000|  0%| F|  |TAMS 0x0000000787600000, 0x0000000787600000| Untracked 
| 119|0x0000000787700000, 0x0000000787700000, 0x0000000787800000|  0%| F|  |TAMS 0x0000000787700000, 0x0000000787700000| Untracked 
| 120|0x0000000787800000, 0x0000000787800000, 0x0000000787900000|  0%| F|  |TAMS 0x0000000787800000, 0x0000000787800000| Untracked 
| 121|0x0000000787900000, 0x0000000787900000, 0x0000000787a00000|  0%| F|  |TAMS 0x0000000787900000, 0x0000000787900000| Untracked 
| 122|0x0000000787a00000, 0x0000000787a00000, 0x0000000787b00000|  0%| F|  |TAMS 0x0000000787a00000, 0x0000000787a00000| Untracked 
| 123|0x0000000787b00000, 0x0000000787b00000, 0x0000000787c00000|  0%| F|  |TAMS 0x0000000787b00000, 0x0000000787b00000| Untracked 
| 124|0x0000000787c00000, 0x0000000787c00000, 0x0000000787d00000|  0%| F|  |TAMS 0x0000000787c00000, 0x0000000787c00000| Untracked 
| 125|0x0000000787d00000, 0x0000000787d00000, 0x0000000787e00000|  0%| F|  |TAMS 0x0000000787d00000, 0x0000000787d00000| Untracked 
| 126|0x0000000787e00000, 0x0000000787e00000, 0x0000000787f00000|  0%| F|  |TAMS 0x0000000787e00000, 0x0000000787e00000| Untracked 
| 127|0x0000000787f00000, 0x0000000787f00000, 0x0000000788000000|  0%| F|  |TAMS 0x0000000787f00000, 0x0000000787f00000| Untracked 
| 128|0x0000000788000000, 0x0000000788000000, 0x0000000788100000|  0%| F|  |TAMS 0x0000000788000000, 0x0000000788000000| Untracked 
| 129|0x0000000788100000, 0x0000000788100000, 0x0000000788200000|  0%| F|  |TAMS 0x0000000788100000, 0x0000000788100000| Untracked 
| 130|0x0000000788200000, 0x0000000788200000, 0x0000000788300000|  0%| F|  |TAMS 0x0000000788200000, 0x0000000788200000| Untracked 
| 131|0x0000000788300000, 0x0000000788300000, 0x0000000788400000|  0%| F|  |TAMS 0x0000000788300000, 0x0000000788300000| Untracked 
| 132|0x0000000788400000, 0x0000000788400000, 0x0000000788500000|  0%| F|  |TAMS 0x0000000788400000, 0x0000000788400000| Untracked 
| 133|0x0000000788500000, 0x0000000788500000, 0x0000000788600000|  0%| F|  |TAMS 0x0000000788500000, 0x0000000788500000| Untracked 
| 134|0x0000000788600000, 0x0000000788600000, 0x0000000788700000|  0%| F|  |TAMS 0x0000000788600000, 0x0000000788600000| Untracked 
| 135|0x0000000788700000, 0x0000000788700000, 0x0000000788800000|  0%| F|  |TAMS 0x0000000788700000, 0x0000000788700000| Untracked 
| 136|0x0000000788800000, 0x0000000788800000, 0x0000000788900000|  0%| F|  |TAMS 0x0000000788800000, 0x0000000788800000| Untracked 
| 137|0x0000000788900000, 0x0000000788900000, 0x0000000788a00000|  0%| F|  |TAMS 0x0000000788900000, 0x0000000788900000| Untracked 
| 138|0x0000000788a00000, 0x0000000788a00000, 0x0000000788b00000|  0%| F|  |TAMS 0x0000000788a00000, 0x0000000788a00000| Untracked 
| 139|0x0000000788b00000, 0x0000000788b00000, 0x0000000788c00000|  0%| F|  |TAMS 0x0000000788b00000, 0x0000000788b00000| Untracked 
| 140|0x0000000788c00000, 0x0000000788c00000, 0x0000000788d00000|  0%| F|  |TAMS 0x0000000788c00000, 0x0000000788c00000| Untracked 
| 141|0x0000000788d00000, 0x0000000788d00000, 0x0000000788e00000|  0%| F|  |TAMS 0x0000000788d00000, 0x0000000788d00000| Untracked 
| 142|0x0000000788e00000, 0x0000000788e00000, 0x0000000788f00000|  0%| F|  |TAMS 0x0000000788e00000, 0x0000000788e00000| Untracked 
| 143|0x0000000788f00000, 0x0000000788f00000, 0x0000000789000000|  0%| F|  |TAMS 0x0000000788f00000, 0x0000000788f00000| Untracked 
| 144|0x0000000789000000, 0x0000000789000000, 0x0000000789100000|  0%| F|  |TAMS 0x0000000789000000, 0x0000000789000000| Untracked 
| 145|0x0000000789100000, 0x0000000789100000, 0x0000000789200000|  0%| F|  |TAMS 0x0000000789100000, 0x0000000789100000| Untracked 
| 146|0x0000000789200000, 0x0000000789200000, 0x0000000789300000|  0%| F|  |TAMS 0x0000000789200000, 0x0000000789200000| Untracked 
| 147|0x0000000789300000, 0x0000000789300000, 0x0000000789400000|  0%| F|  |TAMS 0x0000000789300000, 0x0000000789300000| Untracked 
| 148|0x0000000789400000, 0x0000000789400000, 0x0000000789500000|  0%| F|  |TAMS 0x0000000789400000, 0x0000000789400000| Untracked 
| 149|0x0000000789500000, 0x0000000789500000, 0x0000000789600000|  0%| F|  |TAMS 0x0000000789500000, 0x0000000789500000| Untracked 
| 150|0x0000000789600000, 0x000000078965ef30, 0x0000000789700000| 37%| S|CS|TAMS 0x0000000789600000, 0x0000000789600000| Complete 
| 151|0x0000000789700000, 0x000000078977bdb0, 0x0000000789800000| 48%| E|  |TAMS 0x0000000789700000, 0x0000000789700000| Complete 
| 152|0x0000000789800000, 0x0000000789900000, 0x0000000789900000|100%| E|CS|TAMS 0x0000000789800000, 0x0000000789800000| Complete 
|1022|0x00000007bfe00000, 0x00000007bfe51000, 0x00000007bff00000| 31%|OA|  |TAMS 0x00000007bfe51000, 0x00000007bfe00000| Untracked 
|1023|0x00000007bff00000, 0x00000007bff79000, 0x00000007c0000000| 47%|CA|  |TAMS 0x00000007bff79000, 0x00000007bff00000| Untracked 

Card table byte_map: [0x0000000114061000,0x0000000114461000] _byte_map_base: 0x0000000110461000

Marking Bits (Prev, Next): (CMBitMap*) 0x00007f9a4082ba10, (CMBitMap*) 0x00007f9a4082ba50
 Prev Bits: [0x0000000114861000, 0x0000000116861000)
 Next Bits: [0x0000000126347000, 0x0000000128347000)

Polling page: 0x0000000109949000

Metaspace:

Usage:
  Non-class:     21.07 MB capacity,    20.88 MB (>99%) used,   168.13 KB ( <1%) free+waste,    30.75 KB ( <1%) overhead. 
      Class:      2.68 MB capacity,     2.60 MB ( 97%) used,    67.27 KB (  2%) free+waste,    11.19 KB ( <1%) overhead. 
       Both:     23.75 MB capacity,    23.48 MB ( 99%) used,   235.41 KB ( <1%) free+waste,    41.94 KB ( <1%) overhead. 

Virtual space:
  Non-class space:       22.00 MB reserved,      21.67 MB ( 99%) committed 
      Class space:        1.00 GB reserved,       2.75 MB ( <1%) committed 
             Both:        1.02 GB reserved,      24.42 MB (  2%) committed 

Chunk freelists:
   Non-Class:  405.00 KB
       Class:  11.00 KB
        Both:  416.00 KB

MaxMetaspaceSize: 17179869184.00 GB
CompressedClassSpaceSize: 1.00 GB

CodeHeap 'non-profiled nmethods': size=120032Kb used=1417Kb max_used=1417Kb free=118614Kb
 bounds [0x000000011ee0f000, 0x000000011f07f000, 0x0000000126347000]
CodeHeap 'profiled nmethods': size=120028Kb used=5153Kb max_used=5153Kb free=114874Kb
 bounds [0x00000001178d8000, 0x0000000117de8000, 0x000000011ee0f000]
CodeHeap 'non-nmethods': size=5700Kb used=1932Kb max_used=1965Kb free=3767Kb
 bounds [0x0000000117347000, 0x00000001175b7000, 0x00000001178d8000]
 total_blobs=4301 nmethods=2937 adapters=1277
 compilation: enabled
              stopped_count=0, restarted_count=0
 full_count=0

Compilation events (20 events):
Event: 9.063 Thread 0x00007f9a4080de00 nmethod 2936 0x0000000117dde090 code [0x0000000117dde220, 0x0000000117dde3d0]
Event: 9.063 Thread 0x00007f9a4080de00 2934       3       javafx.css.converter.StopConverter::convert (7 bytes)
Event: 9.063 Thread 0x00007f9a4080de00 nmethod 2934 0x0000000117dde490 code [0x0000000117dde620, 0x0000000117dde740]
Event: 9.063 Thread 0x00007f9a4080de00 2935       3       javafx.css.converter.StopConverter::convert (54 bytes)
Event: 9.064 Thread 0x00007f9a4080de00 nmethod 2935 0x0000000117dde810 code [0x0000000117ddea60, 0x0000000117ddf4e0]
Event: 9.064 Thread 0x00007f9a4080de00 2940       3       javafx.stage.Window::getRenderScaleY (8 bytes)
Event: 9.064 Thread 0x00007f9a4080de00 nmethod 2940 0x0000000117ddf890 code [0x0000000117ddfa40, 0x0000000117ddfd60]
Event: 9.064 Thread 0x00007f9a4080de00 2937       3       javafx.css.converter.DeriveColorConverter::convert (7 bytes)
Event: 9.064 Thread 0x00007f9a4080de00 nmethod 2937 0x0000000117ddfe90 code [0x0000000117de0020, 0x0000000117de0140]
Event: 9.064 Thread 0x00007f9a4080de00 2933       3       com.sun.javafx.css.PseudoClassState::equals (6 bytes)
Event: 9.064 Thread 0x00007f9a4080de00 nmethod 2933 0x0000000117de0210 code [0x0000000117de03a0, 0x0000000117de04c0]
Event: 9.064 Thread 0x00007f9a4080de00 2939       1       javafx.scene.control.Control::isResizable (2 bytes)
Event: 9.064 Thread 0x00007f9a4080de00 nmethod 2939 0x000000011ef6ff10 code [0x000000011ef700a0, 0x000000011ef70150]
Event: 9.070 Thread 0x00007f9a40845800 nmethod 2941 0x000000011ef70210 code [0x000000011ef703e0, 0x000000011ef708d8]
Event: 9.243 Thread 0x00007f9a40845800 2942       4       java.io.FilterInputStream::read (9 bytes)
Event: 9.244 Thread 0x00007f9a40845800 nmethod 2942 0x000000011ef70d90 code [0x000000011ef70f00, 0x000000011ef70f98]
Event: 9.275 Thread 0x00007f9a40845800 2943       4       java.io.FilterInputStream::read (11 bytes)
Event: 9.276 Thread 0x00007f9a40845800 nmethod 2943 0x000000011ef71090 code [0x000000011ef71220, 0x000000011ef71308]
Event: 9.280 Thread 0x00007f9a40845800 2944       4       java.io.FileOutputStream::write (20 bytes)
Event: 9.280 Thread 0x00007f9a40845800 nmethod 2944 0x000000011ef71410 code [0x000000011ef715a0, 0x000000011ef71648]

GC Heap History (20 events):
Event: 7.572 GC heap before
{Heap before GC invocations=56 (full 0):
 garbage-first heap   total 96256K, used 43516K [0x0000000780000000, 0x0000000800000000)
  region size 1024K, 6 young (6144K), 1 survivors (1024K)
 Metaspace       used 23763K, capacity 24061K, committed 24752K, reserved 1071104K
  class space    used 2648K, capacity 2741K, committed 2816K, reserved 1048576K
}
Event: 7.573 GC heap after
{Heap after GC invocations=57 (full 0):
 garbage-first heap   total 115712K, used 29183K [0x0000000780000000, 0x0000000800000000)
  region size 1024K, 1 young (1024K), 1 survivors (1024K)
 Metaspace       used 23763K, capacity 24061K, committed 24752K, reserved 1071104K
  class space    used 2648K, capacity 2741K, committed 2816K, reserved 1048576K
}
Event: 7.716 GC heap before
{Heap before GC invocations=58 (full 0):
 garbage-first heap   total 115712K, used 54783K [0x0000000780000000, 0x0000000800000000)
  region size 1024K, 9 young (9216K), 1 survivors (1024K)
 Metaspace       used 23768K, capacity 24061K, committed 24752K, reserved 1071104K
  class space    used 2648K, capacity 2741K, committed 2816K, reserved 1048576K
}
Event: 7.717 GC heap after
{Heap after GC invocations=59 (full 0):
 garbage-first heap   total 115712K, used 29183K [0x0000000780000000, 0x0000000800000000)
  region size 1024K, 1 young (1024K), 1 survivors (1024K)
 Metaspace       used 23768K, capacity 24061K, committed 24752K, reserved 1071104K
  class space    used 2648K, capacity 2741K, committed 2816K, reserved 1048576K
}
Event: 7.853 GC heap before
{Heap before GC invocations=60 (full 0):
 garbage-first heap   total 115712K, used 51711K [0x0000000780000000, 0x0000000800000000)
  region size 1024K, 6 young (6144K), 1 survivors (1024K)
 Metaspace       used 23782K, capacity 24062K, committed 24752K, reserved 1071104K
  class space    used 2648K, capacity 2741K, committed 2816K, reserved 1048576K
}
Event: 7.854 GC heap after
{Heap after GC invocations=61 (full 0):
 garbage-first heap   total 115712K, used 29175K [0x0000000780000000, 0x0000000800000000)
  region size 1024K, 1 young (1024K), 1 survivors (1024K)
 Metaspace       used 23782K, capacity 24062K, committed 24752K, reserved 1071104K
  class space    used 2648K, capacity 2741K, committed 2816K, reserved 1048576K
}
Event: 7.973 GC heap before
{Heap before GC invocations=62 (full 0):
 garbage-first heap   total 115712K, used 53751K [0x0000000780000000, 0x0000000800000000)
  region size 1024K, 9 young (9216K), 1 survivors (1024K)
 Metaspace       used 23803K, capacity 24126K, committed 24752K, reserved 1071104K
  class space    used 2648K, capacity 2741K, committed 2816K, reserved 1048576K
}
Event: 7.974 GC heap after
{Heap after GC invocations=63 (full 0):
 garbage-first heap   total 115712K, used 29186K [0x0000000780000000, 0x0000000800000000)
  region size 1024K, 1 young (1024K), 1 survivors (1024K)
 Metaspace       used 23803K, capacity 24126K, committed 24752K, reserved 1071104K
  class space    used 2648K, capacity 2741K, committed 2816K, reserved 1048576K
}
Event: 8.130 GC heap before
{Heap before GC invocations=64 (full 0):
 garbage-first heap   total 115712K, used 54786K [0x0000000780000000, 0x0000000800000000)
  region size 1024K, 9 young (9216K), 1 survivors (1024K)
 Metaspace       used 23833K, capacity 24126K, committed 24752K, reserved 1071104K
  class space    used 2648K, capacity 2741K, committed 2816K, reserved 1048576K
}
Event: 8.131 GC heap after
{Heap after GC invocations=65 (full 0):
 garbage-first heap   total 115712K, used 29193K [0x0000000780000000, 0x0000000800000000)
  region size 1024K, 1 young (1024K), 1 survivors (1024K)
 Metaspace       used 23833K, capacity 24126K, committed 24752K, reserved 1071104K
  class space    used 2648K, capacity 2741K, committed 2816K, reserved 1048576K
}
Event: 8.262 GC heap before
{Heap before GC invocations=66 (full 0):
 garbage-first heap   total 115712K, used 52745K [0x0000000780000000, 0x0000000800000000)
  region size 1024K, 6 young (6144K), 1 survivors (1024K)
 Metaspace       used 23844K, capacity 24126K, committed 24752K, reserved 1071104K
  class space    used 2648K, capacity 2741K, committed 2816K, reserved 1048576K
}
Event: 8.263 GC heap after
{Heap after GC invocations=67 (full 0):
 garbage-first heap   total 115712K, used 29185K [0x0000000780000000, 0x0000000800000000)
  region size 1024K, 1 young (1024K), 1 survivors (1024K)
 Metaspace       used 23844K, capacity 24126K, committed 24752K, reserved 1071104K
  class space    used 2648K, capacity 2741K, committed 2816K, reserved 1048576K
}
Event: 8.395 GC heap before
{Heap before GC invocations=68 (full 0):
 garbage-first heap   total 115712K, used 53761K [0x0000000780000000, 0x0000000800000000)
  region size 1024K, 9 young (9216K), 1 survivors (1024K)
 Metaspace       used 23862K, capacity 24128K, committed 24752K, reserved 1071104K
  class space    used 2648K, capacity 2741K, committed 2816K, reserved 1048576K
}
Event: 8.396 GC heap after
{Heap after GC invocations=69 (full 0):
 garbage-first heap   total 115712K, used 29203K [0x0000000780000000, 0x0000000800000000)
  region size 1024K, 1 young (1024K), 1 survivors (1024K)
 Metaspace       used 23862K, capacity 24128K, committed 24752K, reserved 1071104K
  class space    used 2648K, capacity 2741K, committed 2816K, reserved 1048576K
}
Event: 8.458 GC heap before
{Heap before GC invocations=70 (full 0):
 garbage-first heap   total 115712K, used 39443K [0x0000000780000000, 0x0000000800000000)
  region size 1024K, 5 young (5120K), 1 survivors (1024K)
 Metaspace       used 23930K, capacity 24192K, committed 24752K, reserved 1071104K
  class space    used 2654K, capacity 2741K, committed 2816K, reserved 1048576K
}
Event: 8.459 GC heap after
{Heap after GC invocations=71 (full 0):
 garbage-first heap   total 115712K, used 28307K [0x0000000780000000, 0x0000000800000000)
  region size 1024K, 1 young (1024K), 1 survivors (1024K)
 Metaspace       used 23930K, capacity 24192K, committed 24752K, reserved 1071104K
  class space    used 2654K, capacity 2741K, committed 2816K, reserved 1048576K
}
Event: 8.566 GC heap before
{Heap before GC invocations=72 (full 0):
 garbage-first heap   total 158720K, used 98963K [0x0000000780000000, 0x0000000800000000)
  region size 1024K, 8 young (8192K), 1 survivors (1024K)
 Metaspace       used 24015K, capacity 24320K, committed 25008K, reserved 1071104K
  class space    used 2658K, capacity 2741K, committed 2816K, reserved 1048576K
}
Event: 8.567 GC heap after
{Heap after GC invocations=73 (full 0):
 garbage-first heap   total 158720K, used 78610K [0x0000000780000000, 0x0000000800000000)
  region size 1024K, 1 young (1024K), 1 survivors (1024K)
 Metaspace       used 24015K, capacity 24320K, committed 25008K, reserved 1071104K
  class space    used 2658K, capacity 2741K, committed 2816K, reserved 1048576K
}
Event: 8.713 GC heap before
{Heap before GC invocations=74 (full 0):
 garbage-first heap   total 158720K, used 89874K [0x0000000780000000, 0x0000000800000000)
  region size 1024K, 3 young (3072K), 1 survivors (1024K)
 Metaspace       used 24027K, capacity 24320K, committed 25008K, reserved 1071104K
  class space    used 2660K, capacity 2741K, committed 2816K, reserved 1048576K
}
Event: 8.714 GC heap after
{Heap after GC invocations=75 (full 0):
 garbage-first heap   total 158720K, used 78600K [0x0000000780000000, 0x0000000800000000)
  region size 1024K, 1 young (1024K), 1 survivors (1024K)
 Metaspace       used 24027K, capacity 24320K, committed 25008K, reserved 1071104K
  class space    used 2660K, capacity 2741K, committed 2816K, reserved 1048576K
}

Deoptimization events (20 events):
Event: 6.191 Thread 0x00007f9a3f59fc00 DEOPT PACKING pc=0x0000000117d3b4af sp=0x000070000680f3b0
Event: 6.191 Thread 0x00007f9a3f59fc00 DEOPT UNPACKING pc=0x0000000117394f2b sp=0x000070000680e8e8 mode 0
Event: 6.247 Thread 0x00007f9a3f59fc00 DEOPT PACKING pc=0x0000000117d3b4af sp=0x000070000680f420
Event: 6.247 Thread 0x00007f9a3f59fc00 DEOPT UNPACKING pc=0x0000000117394f2b sp=0x000070000680e958 mode 0
Event: 6.277 Thread 0x00007f9a40001c00 DEOPT PACKING pc=0x0000000117d40485 sp=0x0000700005de7880
Event: 6.277 Thread 0x00007f9a40001c00 DEOPT UNPACKING pc=0x0000000117394f2b sp=0x0000700005de6cd8 mode 0
Event: 6.277 Thread 0x00007f9a40001c00 DEOPT PACKING pc=0x0000000117ba01bd sp=0x0000700005de79a0
Event: 6.277 Thread 0x00007f9a40001c00 DEOPT UNPACKING pc=0x0000000117394f2b sp=0x0000700005de6e50 mode 0
Event: 6.362 Thread 0x00007f9a3f59fc00 DEOPT PACKING pc=0x0000000117d3b4af sp=0x000070000680f3b0
Event: 6.362 Thread 0x00007f9a3f59fc00 DEOPT UNPACKING pc=0x0000000117394f2b sp=0x000070000680e8e8 mode 0
Event: 6.441 Thread 0x00007f9a40001c00 DEOPT PACKING pc=0x0000000117d404f2 sp=0x0000700005de7880
Event: 6.441 Thread 0x00007f9a40001c00 DEOPT UNPACKING pc=0x0000000117394f2b sp=0x0000700005de6cd8 mode 0
Event: 6.509 Thread 0x00007f9a40001c00 DEOPT PACKING pc=0x0000000117d3ffe3 sp=0x0000700005de7880
Event: 6.509 Thread 0x00007f9a40001c00 DEOPT UNPACKING pc=0x0000000117394f2b sp=0x0000700005de6cd8 mode 0
Event: 6.658 Thread 0x00007f9a40001c00 DEOPT PACKING pc=0x0000000117d3ffe3 sp=0x0000700005de7880
Event: 6.658 Thread 0x00007f9a40001c00 DEOPT UNPACKING pc=0x0000000117394f2b sp=0x0000700005de6cd8 mode 0
Event: 8.451 Thread 0x00007f9a406b8a00 DEOPT PACKING pc=0x0000000117a3c4b9 sp=0x0000700006ca4520
Event: 8.451 Thread 0x00007f9a406b8a00 DEOPT UNPACKING pc=0x0000000117394f2b sp=0x0000700006ca39b8 mode 0
Event: 8.568 Thread 0x00007f9a406b8a00 DEOPT PACKING pc=0x0000000117c58fc7 sp=0x0000700006ca3a00
Event: 8.568 Thread 0x00007f9a406b8a00 DEOPT UNPACKING pc=0x0000000117394f2b sp=0x0000700006ca2ea8 mode 0

Classes unloaded (0 events):
No events

Classes redefined (0 events):
No events

Internal exceptions (20 events):
Event: 1.225 Thread 0x00007f9a40991600 Exception <a 'java/lang/ClassNotFoundException'{0x0000000787201d18}: com/sun/javafx/scene/control/skin/resources/controls_fr> (0x0000000787201d18) 
thrown [./src/hotspot/share/prims/jni.cpp, line 599]
Event: 1.226 Thread 0x00007f9a40991600 Exception <a 'java/lang/ClassNotFoundException'{0x000000078720f5a0}: com/sun/javafx/scene/control/skin/resources/controls_fr_FR> (0x000000078720f5a0) 
thrown [./src/hotspot/share/prims/jni.cpp, line 599]
Event: 1.264 Thread 0x00007f9a40991600 Exception <a 'java/lang/NoSuchMethodError'{0x00000007871f0d98}: 'void java.lang.invoke.DirectMethodHandle$Holder.invokeSpecial(java.lang.Object, java.lang.Object, java.lang.Object, java.lang.Object, java.lang.Object, java.lang.Object)'> (0x00000007871f0d98) 
thrown [./src/hotspot/share/interpreter/linkResolver.cpp, line 782]
Event: 1.364 Thread 0x00007f9a40991600 Exception <a 'java/lang/NoSuchMethodError'{0x0000000786dfe250}: 'java.lang.Object java.lang.invoke.DirectMethodHandle$Holder.newInvokeSpecial(java.lang.Object, java.lang.Object, int)'> (0x0000000786dfe250) 
thrown [./src/hotspot/share/interpreter/linkResolver.cpp, line 782]
Event: 1.433 Thread 0x00007f9a40001c00 Exception <a 'java/lang/NoSuchMethodError'{0x000000078682c640}: 'int java.lang.invoke.DirectMethodHandle$Holder.invokeStaticInit(java.lang.Object, java.lang.Object)'> (0x000000078682c640) 
thrown [./src/hotspot/share/interpreter/linkResolver.cpp, line 782]
Event: 1.482 Thread 0x00007f9a40991600 Exception <a 'java/lang/NoSuchMethodError'{0x0000000786c5b900}: 'long java.lang.invoke.DirectMethodHandle$Holder.invokeStatic(java.lang.Object, java.lang.Object, java.lang.Object)'> (0x0000000786c5b900) 
thrown [./src/hotspot/share/interpreter/linkResolver.cpp, line 782]
Event: 1.482 Thread 0x00007f9a40991600 Exception <a 'java/lang/NoSuchMethodError'{0x0000000786c5f2b0}: 'long java.lang.invoke.DirectMethodHandle$Holder.invokeStaticInit(java.lang.Object, java.lang.Object, java.lang.Object)'> (0x0000000786c5f2b0) 
thrown [./src/hotspot/share/interpreter/linkResolver.cpp, line 782]
Event: 1.485 Thread 0x00007f9a40991600 Exception <a 'java/lang/NoSuchMethodError'{0x0000000786c77310}: 'java.lang.Object java.lang.invoke.DirectMethodHandle$Holder.newInvokeSpecial(java.lang.Object, java.lang.Object, long)'> (0x0000000786c77310) 
thrown [./src/hotspot/share/interpreter/linkResolver.cpp, line 782]
Event: 1.485 Thread 0x00007f9a40991600 Exception <a 'java/lang/NoSuchMethodError'{0x00000007868da398}: 'java.lang.Object java.lang.invoke.Invokers$Holder.linkToTargetMethod(java.lang.Object, long, java.lang.Object)'> (0x00000007868da398) 
thrown [./src/hotspot/share/interpreter/linkResolver.cpp, line 782]
Event: 2.954 Thread 0x00007f9a40991600 Exception <a 'java/lang/NoSuchMethodError'{0x0000000786418f18}: 'java.lang.Object java.lang.invoke.DirectMethodHandle$Holder.newInvokeSpecial(java.lang.Object, java.lang.Object, long, int, int, int)'> (0x0000000786418f18) 
thrown [./src/hotspot/share/interpreter/linkResolver.cpp, line 782]
Event: 2.956 Thread 0x00007f9a40991600 Exception <a 'java/lang/NoSuchMethodError'{0x000000078642ff30}: 'java.lang.Object java.lang.invoke.DirectMethodHandle$Holder.newInvokeSpecial(java.lang.Object, java.lang.Object, int, java.lang.Object, long, int, int, int, int)'> (0x000000078642ff30) 
thrown [./src/hotspot/share/interpreter/linkResolver.cpp, line 782]
Event: 3.687 Thread 0x00007f9a40991600 Exception <a 'java/lang/NoSuchMethodError'{0x00000007864c83c8}: 'java.lang.Object java.lang.invoke.DirectMethodHandle$Holder.newInvokeSpecial(java.lang.Object, java.lang.Object, int, int, int, int, int, java.lang.Object)'> (0x00000007864c83c8) 
thrown [./src/hotspot/share/interpreter/linkResolver.cpp, line 782]
Event: 3.688 Thread 0x00007f9a40991600 Exception <a 'java/lang/NoSuchMethodError'{0x00000007864dbf38}: 'java.lang.Object java.lang.invoke.DirectMethodHandle$Holder.newInvokeSpecial(java.lang.Object, java.lang.Object, java.lang.Object, int, int, int, int, int)'> (0x00000007864dbf38) 
thrown [./src/hotspot/share/interpreter/linkResolver.cpp, line 782]
Event: 3.689 Thread 0x00007f9a40991600 Exception <a 'java/lang/NoSuchMethodError'{0x00000007864e3a98}: 'java.lang.Object java.lang.invoke.Invokers$Holder.linkToTargetMethod(java.lang.Object, java.lang.Object, int, int, int, int, int, java.lang.Object)'> (0x00000007864e3a98) 
thrown [./src/hotspot/share/interpreter/linkResolver.cpp, line 782]
Event: 3.853 Thread 0x00007f9a40991600 Exception <a 'java/lang/NoSuchMethodError'{0x0000000786292b10}: 'int java.lang.invoke.DirectMethodHandle$Holder.invokeStaticInit(java.lang.Object, java.lang.Object, java.lang.Object, java.lang.Object)'> (0x0000000786292b10) 
thrown [./src/hotspot/share/interpreter/linkResolver.cpp, line 782]
Event: 3.854 Thread 0x00007f9a40991600 Exception <a 'java/lang/NoSuchMethodError'{0x000000078629cbc0}: 'java.lang.Object java.lang.invoke.DirectMethodHandle$Holder.invokeInterface(java.lang.Object, java.lang.Object)'> (0x000000078629cbc0) 
thrown [./src/hotspot/share/interpreter/linkResolver.cpp, line 782]
Event: 3.854 Thread 0x00007f9a40991600 Exception <a 'java/lang/IncompatibleClassChangeError'{0x00000007862a0860}: Found class java.lang.Object, but interface was expected> (0x00000007862a0860) 
thrown [./src/hotspot/share/interpreter/linkResolver.cpp, line 848]
Event: 5.445 Thread 0x00007f9a40991600 Exception <a 'java/lang/NoSuchMethodError'{0x0000000782005298}: 'java.lang.Object java.lang.invoke.DirectMethodHandle$Holder.newInvokeSpecial(java.lang.Object, java.lang.Object, java.lang.Object, java.lang.Object, java.lang.Object, java.lang.Object, java.lang.Object)'> (0x0000000782005298) 
thrown [./src/hotspot/share/interpreter/linkResolver.cpp, line 782]
Event: 5.445 Thread 0x00007f9a40991600 Exception <a 'java/lang/NoSuchMethodError'{0x000000078200a050}: 'java.lang.Object java.lang.invoke.Invokers$Holder.linkToTargetMethod(java.lang.Object, java.lang.Object, java.lang.Object, java.lang.Object, java.lang.Object, java.lang.Object, java.lang.Object)'> (0x000000078200a050) 
thrown [./src/hotspot/share/interpreter/linkResolver.cpp, line 782]
Event: 8.565 Thread 0x00007f9a406b8a00 Exception <a 'java/lang/UnsatisfiedLinkError'{0x00000007872a7d78}: 'java.lang.String org.tensorflow.TensorFlow.version()'> (0x00000007872a7d78) 
thrown [./src/hotspot/share/prims/nativeLookup.cpp, line 530]

Events (20 events):
Event: 8.567 Executing VM operation: HandshakeAllThreads
Event: 8.567 Executing VM operation: HandshakeAllThreads done
Event: 8.569 loading class java/io/DeleteOnExitHook
Event: 8.569 loading class java/io/DeleteOnExitHook done
Event: 8.569 loading class java/io/DeleteOnExitHook$1
Event: 8.569 loading class java/io/DeleteOnExitHook$1 done
Event: 8.585 Executing VM operation: G1Concurrent
Event: 8.587 Executing VM operation: G1Concurrent done
Event: 8.595 Executing VM operation: G1Concurrent
Event: 8.596 Executing VM operation: G1Concurrent done
Event: 8.711 loading class java/io/FileOutputStream$1
Event: 8.711 loading class java/io/FileOutputStream$1 done
Event: 8.713 Executing VM operation: G1TryInitiateConcMark
Event: 8.715 Executing VM operation: G1TryInitiateConcMark done
Event: 8.727 Executing VM operation: G1Concurrent
Event: 8.728 Executing VM operation: G1Concurrent done
Event: 8.735 Executing VM operation: G1Concurrent
Event: 8.735 Executing VM operation: G1Concurrent done
Event: 9.356 Protecting memory [0x0000700006401000,0x0000700006405000] with protection modes 3
Event: 9.356 Thread 0x00007f9a3f1f2c00 Thread exited: 0x00007f9a3f1f2c00


Dynamic libraries:
0x00007fff5ed52000 	/usr/lib/libz.1.dylib
0x00000001098fa000 	/Library/Java/JavaVirtualMachines/adoptopenjdk-15.jdk/Contents/Home/lib/libjli.dylib
0x00007fff32ec3000 	/System/Library/Frameworks/Cocoa.framework/Versions/A/Cocoa
0x00007fff3ec67000 	/System/Library/Frameworks/Security.framework/Versions/A/Security
0x00007fff31b56000 	/System/Library/Frameworks/ApplicationServices.framework/Versions/A/ApplicationServices
0x00007fff5c6ac000 	/usr/lib/libSystem.B.dylib
0x00007fff5f548000 	/usr/lib/system/libcache.dylib
0x00007fff5f54d000 	/usr/lib/system/libcommonCrypto.dylib
0x00007fff5f558000 	/usr/lib/system/libcompiler_rt.dylib
0x00007fff5f560000 	/usr/lib/system/libcopyfile.dylib
0x00007fff5f56a000 	/usr/lib/system/libcorecrypto.dylib
0x00007fff5f675000 	/usr/lib/system/libdispatch.dylib
0x00007fff5f6af000 	/usr/lib/system/libdyld.dylib
0x00007fff5f6dc000 	/usr/lib/system/libkeymgr.dylib
0x00007fff5f6ea000 	/usr/lib/system/liblaunch.dylib
0x00007fff5f6eb000 	/usr/lib/system/libmacho.dylib
0x00007fff5f6f1000 	/usr/lib/system/libquarantine.dylib
0x00007fff5f6f4000 	/usr/lib/system/libremovefile.dylib
0x00007fff5f6f6000 	/usr/lib/system/libsystem_asl.dylib
0x00007fff5f70e000 	/usr/lib/system/libsystem_blocks.dylib
0x00007fff5f70f000 	/usr/lib/system/libsystem_c.dylib
0x00007fff5f797000 	/usr/lib/system/libsystem_configuration.dylib
0x00007fff5f79b000 	/usr/lib/system/libsystem_coreservices.dylib
0x00007fff5f79f000 	/usr/lib/system/libsystem_darwin.dylib
0x00007fff5f7a6000 	/usr/lib/system/libsystem_dnssd.dylib
0x00007fff5f7ad000 	/usr/lib/system/libsystem_info.dylib
0x00007fff5f822000 	/usr/lib/system/libsystem_m.dylib
0x00007fff5f86e000 	/usr/lib/system/libsystem_malloc.dylib
0x00007fff5f899000 	/usr/lib/system/libsystem_networkextension.dylib
0x00007fff5f8a4000 	/usr/lib/system/libsystem_notify.dylib
0x00007fff5f8c1000 	/usr/lib/system/libsystem_sandbox.dylib
0x00007fff5f8c5000 	/usr/lib/system/libsystem_secinit.dylib
0x00007fff5f7f9000 	/usr/lib/system/libsystem_kernel.dylib
0x00007fff5f8ac000 	/usr/lib/system/libsystem_platform.dylib
0x00007fff5f8b6000 	/usr/lib/system/libsystem_pthread.dylib
0x00007fff5f8c8000 	/usr/lib/system/libsystem_symptoms.dylib
0x00007fff5f8d0000 	/usr/lib/system/libsystem_trace.dylib
0x00007fff5f8e7000 	/usr/lib/system/libunwind.dylib
0x00007fff5f8ed000 	/usr/lib/system/libxpc.dylib
0x00007fff5dee3000 	/usr/lib/libobjc.A.dylib
0x00007fff5c943000 	/usr/lib/libc++abi.dylib
0x00007fff5c8ef000 	/usr/lib/libc++.1.dylib
0x00007fff33738000 	/System/Library/Frameworks/CoreFoundation.framework/Versions/A/CoreFoundation
0x00007fff359ba000 	/System/Library/Frameworks/Foundation.framework/Versions/C/Foundation
0x00007fff30d4f000 	/System/Library/Frameworks/AppKit.framework/Versions/C/AppKit
0x00007fff332c1000 	/System/Library/Frameworks/CoreData.framework/Versions/A/CoreData
0x00007fff56172000 	/System/Library/PrivateFrameworks/RemoteViewServices.framework/Versions/A/RemoteViewServices
0x00007fff5a3e9000 	/System/Library/PrivateFrameworks/UIFoundation.framework/Versions/A/UIFoundation
0x00007fff5bacd000 	/System/Library/PrivateFrameworks/XCTTargetBootstrap.framework/Versions/A/XCTTargetBootstrap
0x00007fff33647000 	/System/Library/Frameworks/CoreDisplay.framework/Versions/A/CoreDisplay
0x00007fff50eac000 	/System/Library/PrivateFrameworks/IconServices.framework/Versions/A/IconServices
0x00007fff382db000 	/System/Library/Frameworks/Metal.framework/Versions/A/Metal
0x00007fff483f1000 	/System/Library/PrivateFrameworks/DesktopServicesPriv.framework/Versions/A/DesktopServicesPriv
0x00007fff5d246000 	/usr/lib/libenergytrace.dylib
0x00007fff588d0000 	/System/Library/PrivateFrameworks/SkyLight.framework/Versions/A/SkyLight
0x00007fff33b7e000 	/System/Library/Frameworks/CoreGraphics.framework/Versions/A/CoreGraphics
0x00007fff2fb1b000 	/System/Library/Frameworks/Accelerate.framework/Versions/A/Accelerate
0x00007fff36103000 	/System/Library/Frameworks/IOSurface.framework/Versions/A/IOSurface
0x00007fff4825d000 	/System/Library/PrivateFrameworks/DFRFoundation.framework/Versions/A/DFRFoundation
0x00007fff32039000 	/System/Library/Frameworks/AudioToolbox.framework/Versions/A/AudioToolbox
0x00007fff322b2000 	/System/Library/Frameworks/AudioUnit.framework/Versions/A/AudioUnit
0x00007fff482f2000 	/System/Library/PrivateFrameworks/DataDetectorsCore.framework/Versions/A/DataDetectorsCore
0x00007fff329c6000 	/System/Library/Frameworks/Carbon.framework/Versions/A/Frameworks/HIToolbox.framework/Versions/A/HIToolbox
0x00007fff5d39f000 	/usr/lib/libicucore.A.dylib
0x00007fff3e1da000 	/System/Library/Frameworks/QuartzCore.framework/Versions/A/QuartzCore
0x00007fff32d9b000 	/System/Library/Frameworks/Carbon.framework/Versions/A/Frameworks/SpeechRecognition.framework/Versions/A/SpeechRecognition
0x00007fff5c800000 	/usr/lib/libauto.dylib
0x00007fff5ec46000 	/usr/lib/libxml2.2.dylib
0x00007fff47e38000 	/System/Library/PrivateFrameworks/CoreUI.framework/Versions/A/CoreUI
0x00007fff331ac000 	/System/Library/Frameworks/CoreAudio.framework/Versions/A/CoreAudio
0x00007fff357ef000 	/System/Library/Frameworks/DiskArbitration.framework/Versions/A/DiskArbitration
0x00007fff5d64d000 	/usr/lib/liblangid.dylib
0x00007fff522b7000 	/System/Library/PrivateFrameworks/MultitouchSupport.framework/Versions/A/MultitouchSupport
0x00007fff36072000 	/System/Library/Frameworks/IOKit.framework/Versions/A/IOKit
0x00007fff5c26c000 	/usr/lib/libDiagnosticMessagesClient.dylib
0x00007fff3498d000 	/System/Library/Frameworks/CoreServices.framework/Versions/A/CoreServices
0x00007fff53f71000 	/System/Library/PrivateFrameworks/PerformanceAnalysis.framework/Versions/A/PerformanceAnalysis
0x00007fff3d3c8000 	/System/Library/Frameworks/OpenGL.framework/Versions/A/OpenGL
0x00007fff32ed1000 	/System/Library/Frameworks/ColorSync.framework/Versions/A/ColorSync
0x00007fff3420f000 	/System/Library/Frameworks/CoreImage.framework/Versions/A/CoreImage
0x00007fff35365000 	/System/Library/Frameworks/CoreText.framework/Versions/A/CoreText
0x00007fff36166000 	/System/Library/Frameworks/ImageIO.framework/Versions/A/ImageIO
0x00007fff4448a000 	/System/Library/PrivateFrameworks/Backup.framework/Versions/A/Backup
0x00007fff5c753000 	/usr/lib/libarchive.2.dylib
0x00007fff3260b000 	/System/Library/Frameworks/CFNetwork.framework/Versions/A/CFNetwork
0x00007fff3f3c3000 	/System/Library/Frameworks/SystemConfiguration.framework/Versions/A/SystemConfiguration
0x00007fff5c19d000 	/usr/lib/libCRFSuite.dylib
0x00007fff5c8d0000 	/usr/lib/libbsm.0.dylib
0x00007fff5f6dd000 	/usr/lib/system/libkxld.dylib
0x00007fff4387b000 	/System/Library/PrivateFrameworks/AppleFSCompression.framework/Versions/A/AppleFSCompression
0x00007fff5c56c000 	/usr/lib/libOpenScriptingUtil.dylib
0x00007fff5cbf8000 	/usr/lib/libcoretls.dylib
0x00007fff5cc0f000 	/usr/lib/libcoretls_cfhelpers.dylib
0x00007fff5e67a000 	/usr/lib/libpam.2.dylib
0x00007fff5e83a000 	/usr/lib/libsqlite3.dylib
0x00007fff5ec34000 	/usr/lib/libxar.1.dylib
0x00007fff5c8e1000 	/usr/lib/libbz2.1.0.dylib
0x00007fff5d64f000 	/usr/lib/liblzma.5.dylib
0x00007fff5db00000 	/usr/lib/libnetwork.dylib
0x00007fff5c73c000 	/usr/lib/libapple_nghttp2.dylib
0x00007fff5e681000 	/usr/lib/libpcap.A.dylib
0x00007fff34d2c000 	/System/Library/Frameworks/CoreServices.framework/Versions/A/Frameworks/FSEvents.framework/Versions/A/FSEvents
0x00007fff34a0b000 	/System/Library/Frameworks/CoreServices.framework/Versions/A/Frameworks/CarbonCore.framework/Versions/A/CarbonCore
0x00007fff34ee7000 	/System/Library/Frameworks/CoreServices.framework/Versions/A/Frameworks/Metadata.framework/Versions/A/Metadata
0x00007fff34f86000 	/System/Library/Frameworks/CoreServices.framework/Versions/A/Frameworks/OSServices.framework/Versions/A/OSServices
0x00007fff34fd1000 	/System/Library/Frameworks/CoreServices.framework/Versions/A/Frameworks/SearchKit.framework/Versions/A/SearchKit
0x00007fff3498e000 	/System/Library/Frameworks/CoreServices.framework/Versions/A/Frameworks/AE.framework/Versions/A/AE
0x00007fff34d35000 	/System/Library/Frameworks/CoreServices.framework/Versions/A/Frameworks/LaunchServices.framework/Versions/A/LaunchServices
0x00007fff34ce3000 	/System/Library/Frameworks/CoreServices.framework/Versions/A/Frameworks/DictionaryServices.framework/Versions/A/DictionaryServices
0x00007fff35039000 	/System/Library/Frameworks/CoreServices.framework/Versions/A/Frameworks/SharedFileList.framework/Versions/A/SharedFileList
0x00007fff393a3000 	/System/Library/Frameworks/NetFS.framework/Versions/A/NetFS
0x00007fff5251d000 	/System/Library/PrivateFrameworks/NetAuth.framework/Versions/A/NetAuth
0x00007fff5bed1000 	/System/Library/PrivateFrameworks/login.framework/Versions/A/Frameworks/loginsupport.framework/Versions/A/loginsupport
0x00007fff59ff2000 	/System/Library/PrivateFrameworks/TCC.framework/Versions/A/TCC
0x00007fff47495000 	/System/Library/PrivateFrameworks/CoreNLP.framework/Versions/A/CoreNLP
0x00007fff51fb2000 	/System/Library/PrivateFrameworks/MetadataUtilities.framework/Versions/A/MetadataUtilities
0x00007fff5d724000 	/usr/lib/libmecabra.dylib
0x00007fff31b57000 	/System/Library/Frameworks/ApplicationServices.framework/Versions/A/Frameworks/ATS.framework/Versions/A/ATS
0x00007fff31ea6000 	/System/Library/Frameworks/ApplicationServices.framework/Versions/A/Frameworks/ColorSyncLegacy.framework/Versions/A/ColorSyncLegacy
0x00007fff31f45000 	/System/Library/Frameworks/ApplicationServices.framework/Versions/A/Frameworks/HIServices.framework/Versions/A/HIServices
0x00007fff31f98000 	/System/Library/Frameworks/ApplicationServices.framework/Versions/A/Frameworks/LangAnalysis.framework/Versions/A/LangAnalysis
0x00007fff31fa8000 	/System/Library/Frameworks/ApplicationServices.framework/Versions/A/Frameworks/PrintCore.framework/Versions/A/PrintCore
0x00007fff31ff2000 	/System/Library/Frameworks/ApplicationServices.framework/Versions/A/Frameworks/QD.framework/Versions/A/QD
0x00007fff3202c000 	/System/Library/Frameworks/ApplicationServices.framework/Versions/A/Frameworks/SpeechSynthesis.framework/Versions/A/SpeechSynthesis
0x00007fff5c96b000 	/usr/lib/libcompression.dylib
0x00007fff385ab000 	/System/Library/Frameworks/MetalPerformanceShaders.framework/Versions/A/MetalPerformanceShaders
0x00007fff2fb33000 	/System/Library/Frameworks/Accelerate.framework/Versions/A/Frameworks/vImage.framework/Versions/A/vImage
0x00007fff30bad000 	/System/Library/Frameworks/Accelerate.framework/Versions/A/Frameworks/vecLib.framework/Versions/A/vecLib
0x00007fff30af9000 	/System/Library/Frameworks/Accelerate.framework/Versions/A/Frameworks/vecLib.framework/Versions/A/libvMisc.dylib
0x00007fff30911000 	/System/Library/Frameworks/Accelerate.framework/Versions/A/Frameworks/vecLib.framework/Versions/A/libvDSP.dylib
0x00007fff301cd000 	/System/Library/Frameworks/Accelerate.framework/Versions/A/Frameworks/vecLib.framework/Versions/A/libBLAS.dylib
0x00007fff304ba000 	/System/Library/Frameworks/Accelerate.framework/Versions/A/Frameworks/vecLib.framework/Versions/A/libLAPACK.dylib
0x00007fff30864000 	/System/Library/Frameworks/Accelerate.framework/Versions/A/Frameworks/vecLib.framework/Versions/A/libLinearAlgebra.dylib
0x00007fff308fd000 	/System/Library/Frameworks/Accelerate.framework/Versions/A/Frameworks/vecLib.framework/Versions/A/libSparseBLAS.dylib
0x00007fff3087a000 	/System/Library/Frameworks/Accelerate.framework/Versions/A/Frameworks/vecLib.framework/Versions/A/libQuadrature.dylib
0x00007fff30447000 	/System/Library/Frameworks/Accelerate.framework/Versions/A/Frameworks/vecLib.framework/Versions/A/libBNNS.dylib
0x00007fff30880000 	/System/Library/Frameworks/Accelerate.framework/Versions/A/Frameworks/vecLib.framework/Versions/A/libSparse.dylib
0x00007fff4e7e3000 	/System/Library/PrivateFrameworks/GPUWrangler.framework/Versions/A/GPUWrangler
0x00007fff50ae1000 	/System/Library/PrivateFrameworks/IOAccelerator.framework/Versions/A/IOAccelerator
0x00007fff50aec000 	/System/Library/PrivateFrameworks/IOPresentment.framework/Versions/A/IOPresentment
0x00007fff4826d000 	/System/Library/PrivateFrameworks/DSExternalDisplay.framework/Versions/A/DSExternalDisplay
0x00007fff3c81f000 	/System/Library/Frameworks/OpenGL.framework/Versions/A/Libraries/libCoreFSCache.dylib
0x00007fff3839f000 	/System/Library/Frameworks/MetalPerformanceShaders.framework/Frameworks/MPSCore.framework/Versions/A/MPSCore
0x00007fff383bf000 	/System/Library/Frameworks/MetalPerformanceShaders.framework/Frameworks/MPSImage.framework/Versions/A/MPSImage
0x00007fff38464000 	/System/Library/Frameworks/MetalPerformanceShaders.framework/Frameworks/MPSNeuralNetwork.framework/Versions/A/MPSNeuralNetwork
0x00007fff3843c000 	/System/Library/Frameworks/MetalPerformanceShaders.framework/Frameworks/MPSMatrix.framework/Versions/A/MPSMatrix
0x00007fff38590000 	/System/Library/Frameworks/MetalPerformanceShaders.framework/Frameworks/MPSRayIntersector.framework/Versions/A/MPSRayIntersector
0x00007fff51fdb000 	/System/Library/PrivateFrameworks/MetalTools.framework/Versions/A/MetalTools
0x00007fff43125000 	/System/Library/PrivateFrameworks/AggregateDictionary.framework/Versions/A/AggregateDictionary
0x00007fff5c54c000 	/usr/lib/libMobileGestalt.dylib
0x00007fff354c8000 	/System/Library/Frameworks/CoreVideo.framework/Versions/A/CoreVideo
0x00007fff4f5f4000 	/System/Library/PrivateFrameworks/GraphVisualizer.framework/Versions/A/GraphVisualizer
0x00007fff49473000 	/System/Library/PrivateFrameworks/FaceCore.framework/Versions/A/FaceCore
0x00007fff3be4d000 	/System/Library/Frameworks/OpenCL.framework/Versions/A/OpenCL
0x00007fff5c2a4000 	/usr/lib/libFosl_dynamic.dylib
0x00007fff52d88000 	/System/Library/PrivateFrameworks/OTSVG.framework/Versions/A/OTSVG
0x00007fff31c5b000 	/System/Library/Frameworks/ApplicationServices.framework/Versions/A/Frameworks/ATS.framework/Versions/A/Resources/libFontParser.dylib
0x00007fff31d73000 	/System/Library/Frameworks/ApplicationServices.framework/Versions/A/Frameworks/ATS.framework/Versions/A/Resources/libFontRegistry.dylib
0x00007fff363d4000 	/System/Library/Frameworks/ImageIO.framework/Versions/A/Resources/libJPEG.dylib
0x00007fff366e6000 	/System/Library/Frameworks/ImageIO.framework/Versions/A/Resources/libTIFF.dylib
0x00007fff366bc000 	/System/Library/Frameworks/ImageIO.framework/Versions/A/Resources/libPng.dylib
0x00007fff362f2000 	/System/Library/Frameworks/ImageIO.framework/Versions/A/Resources/libGIF.dylib
0x00007fff362f7000 	/System/Library/Frameworks/ImageIO.framework/Versions/A/Resources/libJP2.dylib
0x00007fff366e3000 	/System/Library/Frameworks/ImageIO.framework/Versions/A/Resources/libRadiance.dylib
0x00007fff439d2000 	/System/Library/PrivateFrameworks/AppleJPEG.framework/Versions/A/AppleJPEG
0x00007fff3c82a000 	/System/Library/Frameworks/OpenGL.framework/Versions/A/Libraries/libGFXShared.dylib
0x00007fff3c9ed000 	/System/Library/Frameworks/OpenGL.framework/Versions/A/Libraries/libGLU.dylib
0x00007fff3c833000 	/System/Library/Frameworks/OpenGL.framework/Versions/A/Libraries/libGL.dylib
0x00007fff3c83f000 	/System/Library/Frameworks/OpenGL.framework/Versions/A/Libraries/libGLImage.dylib
0x00007fff3c81c000 	/System/Library/Frameworks/OpenGL.framework/Versions/A/Libraries/libCVMSPluginSupport.dylib
0x00007fff3c825000 	/System/Library/Frameworks/OpenGL.framework/Versions/A/Libraries/libCoreVMClient.dylib
0x00007fff5d0bc000 	/usr/lib/libcups.2.dylib
0x00007fff378a6000 	/System/Library/Frameworks/Kerberos.framework/Versions/A/Kerberos
0x00007fff35dd6000 	/System/Library/Frameworks/GSS.framework/Versions/A/GSS
0x00007fff5e7cf000 	/usr/lib/libresolv.9.dylib
0x00007fff5d2ae000 	/usr/lib/libiconv.2.dylib
0x00007fff4f769000 	/System/Library/PrivateFrameworks/Heimdal.framework/Versions/A/Heimdal
0x00007fff5d27e000 	/usr/lib/libheimdal-asn1.dylib
0x00007fff3bec1000 	/System/Library/Frameworks/OpenDirectory.framework/Versions/A/OpenDirectory
0x00007fff461f8000 	/System/Library/PrivateFrameworks/CommonAuth.framework/Versions/A/CommonAuth
0x00007fff3bea5000 	/System/Library/Frameworks/OpenDirectory.framework/Versions/A/Frameworks/CFOpenDirectory.framework/Versions/A/CFOpenDirectory
0x00007fff3ef68000 	/System/Library/Frameworks/SecurityFoundation.framework/Versions/A/SecurityFoundation
0x00007fff4266c000 	/System/Library/PrivateFrameworks/APFS.framework/Versions/A/APFS
0x00007fff5ec30000 	/usr/lib/libutil.dylib
0x00007fff5c959000 	/usr/lib/libcharset.1.dylib
0x00007fff43c6f000 	/System/Library/PrivateFrameworks/AppleSauce.framework/Versions/A/AppleSauce
0x00007fff43df0000 	/System/Library/PrivateFrameworks/AssertionServices.framework/Versions/A/AssertionServices
0x00007fff44520000 	/System/Library/PrivateFrameworks/BaseBoard.framework/Versions/A/BaseBoard
0x00007fff5d67f000 	/usr/lib/libmecab.1.0.0.dylib
0x00007fff5d278000 	/usr/lib/libgermantok.dylib
0x00007fff5c729000 	/usr/lib/libThaiTokenizer.dylib
0x00007fff5c1d4000 	/usr/lib/libChineseTokenizer.dylib
0x00007fff51199000 	/System/Library/PrivateFrameworks/LanguageModeling.framework/Versions/A/LanguageModeling
0x00007fff46eda000 	/System/Library/PrivateFrameworks/CoreEmoji.framework/Versions/A/CoreEmoji
0x00007fff51275000 	/System/Library/PrivateFrameworks/Lexicon.framework/Versions/A/Lexicon
0x00007fff512b8000 	/System/Library/PrivateFrameworks/LinguisticData.framework/Versions/A/LinguisticData
0x00007fff5c95a000 	/usr/lib/libcmph.dylib
0x00007fff3f026000 	/System/Library/Frameworks/ServiceManagement.framework/Versions/A/ServiceManagement
0x00007fff44481000 	/System/Library/PrivateFrameworks/BackgroundTaskManagement.framework/Versions/A/BackgroundTaskManagement
0x00007fff5ed29000 	/usr/lib/libxslt.1.dylib
0x00007fff32cc8000 	/System/Library/Frameworks/Carbon.framework/Versions/A/Frameworks/Ink.framework/Versions/A/Ink
0x00007fff5a264000 	/System/Library/PrivateFrameworks/TextureIO.framework/Versions/A/TextureIO
0x00007fff5c77d000 	/usr/lib/libate.dylib
0x00007fff481bc000 	/System/Library/PrivateFrameworks/CrashReporterSupport.framework/Versions/A/CrashReporterSupport
0x00007fff5799e000 	/System/Library/PrivateFrameworks/Sharing.framework/Versions/A/Sharing
0x00007fff441d3000 	/System/Library/PrivateFrameworks/AuthKit.framework/Versions/A/AuthKit
0x00007fff43727000 	/System/Library/PrivateFrameworks/Apple80211.framework/Versions/A/Apple80211
0x00007fff47f64000 	/System/Library/PrivateFrameworks/CoreUtils.framework/Versions/A/CoreUtils
0x00007fff35509000 	/System/Library/Frameworks/CoreWLAN.framework/Versions/A/CoreWLAN
0x00007fff35f05000 	/System/Library/Frameworks/IOBluetooth.framework/Versions/A/IOBluetooth
0x00007fff55e12000 	/System/Library/PrivateFrameworks/ProtocolBuffer.framework/Versions/A/ProtocolBuffer
0x00007fff52213000 	/System/Library/PrivateFrameworks/MobileKeyBag.framework/Versions/A/MobileKeyBag
0x00007fff477a8000 	/System/Library/PrivateFrameworks/CorePhoneNumbers.framework/Versions/A/CorePhoneNumbers
0x00007fff43986000 	/System/Library/PrivateFrameworks/AppleIDAuthSupport.framework/Versions/A/AppleIDAuthSupport
0x00007fff5116c000 	/System/Library/PrivateFrameworks/KeychainCircle.framework/Versions/A/KeychainCircle
0x00007fff55fc8000 	/System/Library/PrivateFrameworks/ROCKit.framework/Versions/A/ROCKit
0x00007fff48158000 	/System/Library/PrivateFrameworks/CoreWiFi.framework/Versions/A/CoreWiFi
0x00007fff33296000 	/System/Library/Frameworks/CoreBluetooth.framework/Versions/A/CoreBluetooth
0x00007fff483b3000 	/System/Library/PrivateFrameworks/DebugSymbols.framework/Versions/A/DebugSymbols
0x00007fff47d24000 	/System/Library/PrivateFrameworks/CoreSymbolication.framework/Versions/A/CoreSymbolication
0x00007fff59a7f000 	/System/Library/PrivateFrameworks/Symbolication.framework/Versions/A/Symbolication
0x00007fff59322000 	/System/Library/PrivateFrameworks/SpeechRecognitionCore.framework/Versions/A/SpeechRecognitionCore
0x000000010a200000 	/Library/Java/JavaVirtualMachines/adoptopenjdk-15.jdk/Contents/Home/lib/server/libjvm.dylib
0x000000010993d000 	/Library/Java/JavaVirtualMachines/adoptopenjdk-15.jdk/Contents/Home/lib/libjimage.dylib
0x0000000109993000 	/Library/Java/JavaVirtualMachines/adoptopenjdk-15.jdk/Contents/Home/lib/libjava.dylib
0x0000000116e15000 	/Library/Java/JavaVirtualMachines/adoptopenjdk-15.jdk/Contents/Home/lib/libnio.dylib
0x0000000116e29000 	/Library/Java/JavaVirtualMachines/adoptopenjdk-15.jdk/Contents/Home/lib/./libnet.dylib
0x0000000116ed8000 	/Library/Java/JavaVirtualMachines/adoptopenjdk-15.jdk/Contents/Home/lib/libzip.dylib
0x0000000116f8b000 	/Users/marinebijon/.openjfx/cache/15.0.1/libprism_es2.dylib
0x00007fff4792c000 	/System/Library/PrivateFrameworks/CoreServicesInternal.framework/Versions/A/CoreServicesInternal
0x00007fff3d3d8000 	/System/Library/Frameworks/OpenGL.framework/Versions/A/Resources/GLEngine.bundle/GLEngine
0x00007fff3c87a000 	/System/Library/Frameworks/OpenGL.framework/Versions/A/Libraries/libGLProgrammability.dylib
0x00007fff2bf08000 	/System/Library/Extensions/AppleIntelKBLGraphicsGLDriver.bundle/Contents/MacOS/AppleIntelKBLGraphicsGLDriver
0x00007fff4e7d7000 	/System/Library/PrivateFrameworks/GPUSupport.framework/Versions/A/Libraries/libGPUSupportMercury.dylib
0x00007fff3d570000 	/System/Library/Frameworks/OpenGL.framework/Versions/A/Resources/GLRendererFloat.bundle/GLRendererFloat
0x00007fff3be44000 	/System/Library/Frameworks/OpenCL.framework/Versions/A/Libraries/libcldcpuengine.dylib
0x00007fff5cdae000 	/usr/lib/libcrypto.35.dylib
0x00007fff5a3e2000 	/System/Library/PrivateFrameworks/TrustEvaluationAgent.framework/Versions/A/TrustEvaluationAgent
0x00000001171d3000 	/Users/marinebijon/.openjfx/cache/15.0.1/libglass.dylib
0x00007fff27e9a000 	/System/Library/CoreServices/RawCamera.bundle/Contents/MacOS/RawCamera
0x00007fff5207f000 	/System/Library/PrivateFrameworks/MobileAsset.framework/Versions/A/MobileAsset
0x00007fff599cd000 	/System/Library/PrivateFrameworks/StreamingZip.framework/Versions/A/StreamingZip
0x00007fff37c33000 	/System/Library/Frameworks/MediaToolbox.framework/Versions/A/MediaToolbox
0x00007fff46a7e000 	/System/Library/PrivateFrameworks/CoreAVCHD.framework/Versions/A/CoreAVCHD
0x00007fff37b79000 	/System/Library/Frameworks/MediaAccessibility.framework/Versions/A/MediaAccessibility
0x00007fff51adb000 	/System/Library/PrivateFrameworks/Mangrove.framework/Versions/A/Mangrove
0x00007fff3482c000 	/System/Library/Frameworks/CoreMedia.framework/Versions/A/CoreMedia
0x00007fff3f68f000 	/System/Library/Frameworks/VideoToolbox.framework/Versions/A/VideoToolbox
0x00007fff4669a000 	/System/Library/PrivateFrameworks/CoreAUC.framework/Versions/A/CoreAUC
0x00007fff5e838000 	/usr/lib/libspindump.dylib
0x00007fff43d55000 	/System/Library/PrivateFrameworks/AppleVA.framework/Versions/A/AppleVA
0x00007fff2fb1c000 	/System/Library/Frameworks/Accelerate.framework/Versions/A/Frameworks/vImage.framework/Versions/A/Libraries/libCGInterfaces.dylib
0x00007fff5b21c000 	/System/Library/PrivateFrameworks/ViewBridge.framework/Versions/A/ViewBridge
0x000000012ed9c000 	/Library/Java/JavaVirtualMachines/adoptopenjdk-15.jdk/Contents/Home/lib/libawt.dylib
0x000000012ee53000 	/Library/Java/JavaVirtualMachines/adoptopenjdk-15.jdk/Contents/Home/lib/./libmlib_image.dylib
0x00007fff3788f000 	/System/Library/Frameworks/JavaVM.framework/Versions/A/Frameworks/JavaNativeFoundation.framework/Versions/A/JavaNativeFoundation
0x00007fff37898000 	/System/Library/Frameworks/JavaVM.framework/Versions/A/Frameworks/JavaRuntimeSupport.framework/Versions/A/JavaRuntimeSupport
0x00007fff378a1000 	/System/Library/Frameworks/JavaVM.framework/Versions/A/JavaVM
0x00007fff5108b000 	/System/Library/PrivateFrameworks/JavaLaunching.framework/Versions/A/JavaLaunching
0x00007fff329c1000 	/System/Library/Frameworks/Carbon.framework/Versions/A/Carbon
0x00007fff329c2000 	/System/Library/Frameworks/Carbon.framework/Versions/A/Frameworks/CommonPanels.framework/Versions/A/CommonPanels
0x00007fff32cbe000 	/System/Library/Frameworks/Carbon.framework/Versions/A/Frameworks/Help.framework/Versions/A/Help
0x00007fff32cc2000 	/System/Library/Frameworks/Carbon.framework/Versions/A/Frameworks/ImageCapture.framework/Versions/A/ImageCapture
0x00007fff32d5e000 	/System/Library/Frameworks/Carbon.framework/Versions/A/Frameworks/OpenScripting.framework/Versions/A/OpenScripting
0x00007fff32d96000 	/System/Library/Frameworks/Carbon.framework/Versions/A/Frameworks/Print.framework/Versions/A/Print
0x00007fff32d98000 	/System/Library/Frameworks/Carbon.framework/Versions/A/Frameworks/SecurityHI.framework/Versions/A/SecurityHI
0x000000012eeef000 	/Library/Java/JavaVirtualMachines/adoptopenjdk-15.jdk/Contents/Home/lib/libawt_lwawt.dylib
0x000000012ef9f000 	/Library/Java/JavaVirtualMachines/adoptopenjdk-15.jdk/Contents/Home/lib/./libosxapp.dylib
0x00007fff35993000 	/System/Library/Frameworks/ExceptionHandling.framework/Versions/A/ExceptionHandling
0x000000012efc6000 	/Library/Java/JavaVirtualMachines/adoptopenjdk-15.jdk/Contents/Home/lib/libfontmanager.dylib
0x000000012f0f0000 	/Library/Java/JavaVirtualMachines/adoptopenjdk-15.jdk/Contents/Home/lib/./libfreetype.dylib
0x000000012f195000 	/Users/marinebijon/.openjfx/cache/15.0.1/libjavafx_font.dylib
0x00007fff31e0f000 	/System/Library/Frameworks/ApplicationServices.framework/Versions/A/Frameworks/ATS.framework/Versions/A/Resources/libTrueTypeScaler.dylib
0x000000012ace0000 	/usr/lib/libobjc-trampolines.dylib
0x00007fff2ccdd000 	/System/Library/Extensions/AppleIntelKBLGraphicsMTLDriver.bundle/Contents/MacOS/AppleIntelKBLGraphicsMTLDriver
0x00007fff4d142000 	/System/Library/PrivateFrameworks/GPUCompiler.framework/Versions/3902/Libraries/libmetal_timestamp.dylib
0x000000012fce4000 	/Users/marinebijon/.javacpp/cache/javacpp-1.5.4-macosx-x86_64.jar/org/bytedeco/javacpp/macosx-x86_64/libjnijavacpp.dylib
0x00000001300fd000 	/Users/marinebijon/.javacpp/cache/openblas-0.3.10-1.5.4-macosx-x86_64.jar/org/bytedeco/openblas/macosx-x86_64/libgcc_s.1.dylib
0x0000000130963000 	/Users/marinebijon/.javacpp/cache/openblas-0.3.10-1.5.4-macosx-x86_64.jar/org/bytedeco/openblas/macosx-x86_64/libquadmath.0.dylib
0x0000000133beb000 	/Users/marinebijon/.javacpp/cache/openblas-0.3.10-1.5.4-macosx-x86_64.jar/org/bytedeco/openblas/macosx-x86_64/libgfortran.4.dylib
0x0000000134319000 	/Users/marinebijon/.javacpp/cache/openblas-0.3.10-1.5.4-macosx-x86_64.jar/org/bytedeco/openblas/macosx-x86_64/libopenblas_nolapack.0.dylib
0x0000000130056000 	/Users/marinebijon/.javacpp/cache/openblas-0.3.10-1.5.4-macosx-x86_64.jar/org/bytedeco/openblas/macosx-x86_64/libjniopenblas_nolapack.dylib
0x000000013a34c000 	/Users/marinebijon/.javacpp/cache/openblas-0.3.10-1.5.4-macosx-x86_64.jar/org/bytedeco/openblas/macosx-x86_64/libopenblas.0.dylib
0x000000013fedc000 	/Users/marinebijon/.javacpp/cache/openblas-0.3.10-1.5.4-macosx-x86_64.jar/org/bytedeco/openblas/macosx-x86_64/libjniopenblas.dylib
0x00000001416df000 	/Users/marinebijon/.javacpp/cache/opencv-4.4.0-1.5.4-macosx-x86_64.jar/org/bytedeco/opencv/macosx-x86_64/libopencv_core.4.4.dylib
0x0000000141b3b000 	/Users/marinebijon/.javacpp/cache/opencv-4.4.0-1.5.4-macosx-x86_64.jar/org/bytedeco/opencv/macosx-x86_64/libopencv_imgproc.4.4.dylib
0x00000001420ff000 	/Users/marinebijon/.javacpp/cache/opencv-4.4.0-1.5.4-macosx-x86_64.jar/org/bytedeco/opencv/macosx-x86_64/libjniopencv_core.dylib
0x00000001426ef000 	/Users/marinebijon/.javacpp/cache/opencv-4.4.0-1.5.4-macosx-x86_64.jar/org/bytedeco/opencv/macosx-x86_64/libjniopencv_imgproc.dylib
0x0000000142868000 	/Users/marinebijon/.javacpp/cache/opencv-4.4.0-1.5.4-macosx-x86_64.jar/org/bytedeco/opencv/macosx-x86_64/libopencv_imgcodecs.4.4.dylib
0x0000000130724000 	/Users/marinebijon/.javacpp/cache/opencv-4.4.0-1.5.4-macosx-x86_64.jar/org/bytedeco/opencv/macosx-x86_64/libjniopencv_imgcodecs.dylib
0x000000013429e000 	/Users/marinebijon/.javacpp/cache/opencv-4.4.0-1.5.4-macosx-x86_64.jar/org/bytedeco/opencv/macosx-x86_64/libopencv_videoio.4.4.dylib
0x00007fff2f771000 	/System/Library/Frameworks/AVFoundation.framework/Versions/A/AVFoundation
0x00007fff2f94e000 	/System/Library/Frameworks/AVFoundation.framework/Versions/A/Frameworks/AVFAudio.framework/Versions/A/AVFAudio
0x00007fff51003000 	/System/Library/PrivateFrameworks/InternationalSupport.framework/Versions/A/InternationalSupport
0x00007fff34931000 	/System/Library/Frameworks/CoreMediaIO.framework/Versions/A/CoreMediaIO
0x00007fff56154000 	/System/Library/PrivateFrameworks/RemoteServiceDiscovery.framework/Versions/A/RemoteServiceDiscovery
0x00007fff56195000 	/System/Library/PrivateFrameworks/RemoteXPC.framework/Versions/A/RemoteXPC
0x000000012ffc8000 	/Users/marinebijon/.javacpp/cache/opencv-4.4.0-1.5.4-macosx-x86_64.jar/org/bytedeco/opencv/macosx-x86_64/libjniopencv_videoio.dylib
0x0000000116f27000 	/System/Library/Extensions/AppleHDA.kext/Contents/PlugIns/AppleHDAHALPlugIn.bundle/Contents/MacOS/AppleHDAHALPlugIn
0x000000012fcb5000 	/Library/CoreMediaIO/Plug-Ins/DAL/AppleCamera.plugin/Contents/MacOS/AppleCamera
0x0000000139ecb000 	/System/Library/Frameworks/CoreMediaIO.framework/Resources/CMIOUnits.bundle/Contents/MacOS/CMIOUnits
0x00007fff4944a000 	/System/Library/PrivateFrameworks/FWAVC.framework/Versions/A/FWAVC
0x000000013a01b000 	/System/Library/Frameworks/CoreMediaIO.framework/Resources/BaseUnits/CMIOBaseUnits.bundle/Contents/MacOS/CMIOBaseUnits
0x00007fff4388b000 	/System/Library/PrivateFrameworks/AppleGVA.framework/Versions/A/AppleGVA
0x000000012ff56000 	/Library/Java/JavaVirtualMachines/adoptopenjdk-15.jdk/Contents/Home/lib/libjavajpeg.dylib


VM Arguments:
jvm_args: --add-modules=javafx.controls,javafx.swing --module-path=/Users/marinebijon/.gradle/caches/modules-2/files-2.1/org.openjfx/javafx-controls/15.0.1/cb743a50156d7eca281bfc3547aff4d146972e02/javafx-controls-15.0.1-mac.jar:/Users/marinebijon/.gradle/caches/modules-2/files-2.1/org.openjfx/javafx-swing/15.0.1/1dcabb4f0d50c00fc9cc92306131762fc4977abd/javafx-swing-15.0.1-mac.jar:/Users/marinebijon/.gradle/caches/modules-2/files-2.1/org.openjfx/javafx-graphics/15.0.1/98ced13a06ad705ce0014df60794cedbf297080b/javafx-graphics-15.0.1-mac.jar:/Users/marinebijon/.gradle/caches/modules-2/files-2.1/org.openjfx/javafx-base/15.0.1/b91bc3dfc230b46f11146686648a42921de0c23/javafx-base-15.0.1-mac.jar -Dfile.encoding=UTF-8 -Duser.country=FR -Duser.language=fr -Duser.variant 
java_command: Main
java_class_path (initial): /Users/marinebijon/Desktop/smart_webcam/build/classes/java/main:/Users/marinebijon/Desktop/smart_webcam/build/resources/main:/Users/marinebijon/.gradle/caches/modules-2/files-2.1/org.tensorflow/tensorflow/1.15.0/e6a186dca82681e1e28615167e38859b99f82235/tensorflow-1.15.0.jar:/Users/marinebijon/.gradle/caches/modules-2/files-2.1/org.openjfx/javafx-controls/15.0.1/cb743a50156d7eca281bfc3547aff4d146972e02/javafx-controls-15.0.1-mac.jar:/Users/marinebijon/.gradle/caches/modules-2/files-2.1/org.openjfx/javafx-swing/15.0.1/1dcabb4f0d50c00fc9cc92306131762fc4977abd/javafx-swing-15.0.1-mac.jar:/Users/marinebijon/.gradle/caches/modules-2/files-2.1/org.openjfx/javafx-graphics/15.0.1/98ced13a06ad705ce0014df60794cedbf297080b/javafx-graphics-15.0.1-mac.jar:/Users/marinebijon/.gradle/caches/modules-2/files-2.1/org.openjfx/javafx-graphics/15.0.1/55565f47d9d4e295f8bdeb8a6577e29b8bc29267/javafx-graphics-15.0.1.jar:/Users/marinebijon/.gradle/caches/modules-2/files-2.1/org.openjfx/javafx-base/15.0.1/b91bc3dfc230b46f11146686648a42921de0c23/javafx-base-15.0.1-mac.jar:/Users/marinebijon/.gradle/caches/modules-2/files-2.1/org.openjfx/javafx-base/15.0.1/88d5d4ad546e17904516fd05be69243e54144af4/javafx-base-15.0.1.jar:/Users/marinebijon/.gradle/caches/modules-2/files-2.1/org.bytedeco/javacv-platform/1.5.4/6f61de317a592703d302247951140e0057055bd9/javacv-platform-1.5.4.jar:/Users/marinebijon/.gradle/caches/modules-2/files-2.1/org.bytedeco/javacv/1.5.4/84a401a2bcf3f041c150046e0c51d6fcdbd39792/javacv-1.5.4.jar:/Users/marinebijon/.gradle/caches/modules-2/files-2.1/org.bytedeco/flandmark-platform/1.07-1.5.4/6292288e98299185e341e9e07192c945f3a10aa9/flandmark-platform-1.07-1.5.4.jar:/Users/marinebijon/.gradle/caches/modules-2/files-2.1/org.bytedeco/flandmark/1.07-1.5.4/b0fef8a4fdf87ae8f592fc5d31c0854641fee1d8/flandmark-1.07-1.5.4.jar:/Users/marinebijon/.gradle/caches/modules-2/files-2.1/org.bytedeco/flandmark/1.07-1.5.4/64da4fc158f18119acef9a473729d15b8fd7cf38/flandmark-1.
Launcher Type: SUN_STANDARD

[Global flags]
     intx CICompilerCount                          = 3                                         {product} {ergonomic}
     uint ConcGCThreads                            = 1                                         {product} {ergonomic}
     uint G1ConcRefinementThreads                  = 4                                         {product} {ergonomic}
   size_t G1HeapRegionSize                         = 1048576                                   {product} {ergonomic}
    uintx GCDrainStackTargetSize                   = 64                                        {product} {ergonomic}
   size_t InitialHeapSize                          = 134217728                                 {product} {ergonomic}
   size_t MarkStackSize                            = 4194304                                   {product} {ergonomic}
   size_t MaxHeapSize                              = 2147483648                                {product} {ergonomic}
   size_t MaxNewSize                               = 1287651328                                {product} {ergonomic}
   size_t MinHeapDeltaBytes                        = 1048576                                   {product} {ergonomic}
   size_t MinHeapSize                              = 8388608                                   {product} {ergonomic}
    uintx NonNMethodCodeHeapSize                   = 5832780                                {pd product} {ergonomic}
    uintx NonProfiledCodeHeapSize                  = 122912730                              {pd product} {ergonomic}
    uintx ProfiledCodeHeapSize                     = 122912730                              {pd product} {ergonomic}
    uintx ReservedCodeCacheSize                    = 251658240                              {pd product} {ergonomic}
     bool SegmentedCodeCache                       = true                                      {product} {ergonomic}
   size_t SoftMaxHeapSize                          = 2147483648                             {manageable} {ergonomic}
     bool UseCompressedClassPointers               = true                                 {lp64_product} {ergonomic}
     bool UseCompressedOops                        = true                                 {lp64_product} {ergonomic}
     bool UseG1GC                                  = true                                      {product} {ergonomic}
     bool UseNUMA                                  = false                                     {product} {ergonomic}
     bool UseNUMAInterleaving                      = false                                     {product} {ergonomic}

Logging:
Log output configuration:
 #0: stdout all=warning uptime,level,tags
 #1: stderr all=off uptime,level,tags

Environment Variables:
CLASSPATH=/Library/Java/JUNIT/junit-4.12.jar:/Library/Java/JUNIT/hamcrest-all-1.3.jar:/Library/Java/JUNIT/chromedriver:/Library/Java/JUNIT/client-combined-3.8.1.jar:/Library/Java/JUNIT/client-combined-3.8.1-sources.jar:/Library/Java/JUNIT/selenium-server-standalone-3.8.1.jar:/Library/Java/JUNIT/cucumber-java-1.2.5.jar:/Library/Java/JUNIT/cucumber-junit-1.2.5.jar:/Library/Java/JUNIT/cucumber-core-1.2.5.jar:/Library/Java/JUNIT/gherkin-2.12.2.jar:/Library/Java/JUNIT/cucumber-jvm-deps-1.0.5.jar:.
PATH=/usr/local/bin:/usr/bin:/bin:/usr/sbin:/sbin
SHELL=/bin/bash
LC_CTYPE=fr_FR.UTF-8

Signal Handlers:
SIGSEGV: [libjvm.dylib+0xa87930], sa_mask[0]=11111111011111110111111111111111, sa_flags=SA_ONSTACK|SA_RESTART|SA_SIGINFO
SIGBUS: [libjvm.dylib+0xa87930], sa_mask[0]=11111111011111110111111111111111, sa_flags=SA_RESTART|SA_SIGINFO
SIGFPE: [libjvm.dylib+0xa87930], sa_mask[0]=11111111011111110111111111111111, sa_flags=SA_RESTART|SA_SIGINFO
SIGPIPE: [libjvm.dylib+0x841e70], sa_mask[0]=11111111011111110111111111111111, sa_flags=SA_RESTART|SA_SIGINFO
SIGXFSZ: [libjvm.dylib+0x841e70], sa_mask[0]=11111111011111110111111111111111, sa_flags=SA_RESTART|SA_SIGINFO
SIGILL: [libjvm.dylib+0xa87930], sa_mask[0]=11111111011111110111111111111111, sa_flags=SA_RESTART|SA_SIGINFO
SIGUSR2: [libjvm.dylib+0x842990], sa_mask[0]=00100000000000000000000000000000, sa_flags=SA_RESTART|SA_SIGINFO
SIGHUP: [libjvm.dylib+0x841070], sa_mask[0]=11111111011111110111111111111111, sa_flags=SA_RESTART|SA_SIGINFO
SIGINT: [libjvm.dylib+0x841070], sa_mask[0]=11111111011111110111111111111111, sa_flags=SA_RESTART|SA_SIGINFO
SIGTERM: [libjvm.dylib+0x841070], sa_mask[0]=11111111011111110111111111111111, sa_flags=SA_RESTART|SA_SIGINFO
SIGQUIT: [libjvm.dylib+0x841070], sa_mask[0]=11111111011111110111111111111111, sa_flags=SA_RESTART|SA_SIGINFO


---------------  S Y S T E M  ---------------

OS:uname: Darwin 18.7.0 Darwin Kernel Version 18.7.0: Thu Jun 20 18:42:21 PDT 2019; root:xnu-4903.270.47~4/RELEASE_X86_64 x86_64
OS uptime: 45 days 3:21 hours
rlimit (soft/hard): STACK 8192k/65532k , CORE 0k/infinity , NPROC 709/1064 , NOFILE 10240/infinity , AS infinity/infinity , CPU infinity/infinity , DATA infinity/infinity , FSIZE infinity/infinity , MEMLOCK infinity/infinity , RSS infinity/infinity
load average: 6.61 4.49 3.95

CPU: total 4 (initial active 4) (2 cores per cpu, 2 threads per core) family 6 model 142 stepping 9 microcode 0xb4, cmov, cx8, fxsr, mmx, sse, sse2, sse3, ssse3, sse4.1, sse4.2, popcnt, vzeroupper, avx, avx2, aes, clmul, erms, rtm, 3dnowpref, lzcnt, ht, tsc, tscinvbit, bmi1, bmi2, adx, fma, clflush, clflushopt

Memory: 4k page, physical 8388608k(104000k free), swap 5242880k(1173760k free)

vm_info: OpenJDK 64-Bit Server VM (15.0.1+9) for bsd-amd64 JRE (15.0.1+9), built on Nov 30 2020 15:31:38 by "jenkins" with clang 4.2.1 Compatible Apple LLVM 10.0.1 (clang-1001.0.46.4)

END.
