#
# A fatal error has been detected by the Java Runtime Environment:
#
#  SIGSEGV (0xb) at pc=0x00007fff5dee9697, pid=13465, tid=87555
#
# JRE version: OpenJDK Runtime Environment AdoptOpenJDK (15.0.1+9) (build 15.0.1+9)
# Java VM: OpenJDK 64-Bit Server VM AdoptOpenJDK (15.0.1+9, mixed mode, sharing, tiered, compressed oops, g1 gc, bsd-amd64)
# Problematic frame:
# C  [libobjc.A.dylib+0x6697]  objc_msgSend+0x17
#
# No core dump will be written. Core dumps have been disabled. To enable core dumping, try "ulimit -c unlimited" before starting Java again
#
# If you would like to submit a bug report, please visit:
#   https://github.com/AdoptOpenJDK/openjdk-support/issues
# The crash happened outside the Java Virtual Machine in native code.
# See problematic frame for where to report the bug.
#

---------------  S U M M A R Y ------------

Command Line: --add-modules=javafx.controls,javafx.swing --module-path=/Users/marinebijon/.gradle/caches/modules-2/files-2.1/org.openjfx/javafx-controls/15.0.1/cb743a50156d7eca281bfc3547aff4d146972e02/javafx-controls-15.0.1-mac.jar:/Users/marinebijon/.gradle/caches/modules-2/files-2.1/org.openjfx/javafx-swing/15.0.1/1dcabb4f0d50c00fc9cc92306131762fc4977abd/javafx-swing-15.0.1-mac.jar:/Users/marinebijon/.gradle/caches/modules-2/files-2.1/org.openjfx/javafx-graphics/15.0.1/98ced13a06ad705ce0014df60794cedbf297080b/javafx-graphics-15.0.1-mac.jar:/Users/marinebijon/.gradle/caches/modules-2/files-2.1/org.openjfx/javafx-base/15.0.1/b91bc3dfc230b46f11146686648a42921de0c23/javafx-base-15.0.1-mac.jar -Dfile.encoding=UTF-8 -Duser.country=FR -Duser.language=fr -Duser.variant Main

Host: MacBookPro14,1 x86_64 2300 MHz, 4 cores, 8G, Darwin 18.7.0
Time: Fri Jan 22 10:13:56 2021 CET elapsed time: 18.866963 seconds (0d 0h 0m 18s)

---------------  T H R E A D  ---------------

Current thread (0x00007fd9f67f5c00):  JavaThread "pool-3-thread-1" [_thread_in_native, id=87555, stack(0x000070000a3f4000,0x000070000a4f4000)]

Stack: [0x000070000a3f4000,0x000070000a4f4000],  sp=0x000070000a4f3638,  free space=1021k
Native frames: (J=compiled Java code, A=aot compiled Java code, j=interpreted, Vv=VM code, C=native code)
C  [libobjc.A.dylib+0x6697]  objc_msgSend+0x17
C  [libopencv_videoio.4.4.dylib+0x2e15b]  cv::AVIWriteContainer::jflushStream(unsigned int, int)+0x2f5b
C  [libopencv_videoio.4.4.dylib+0xd46f]  cvGrabFrame+0xf
C  [libopencv_videoio.4.4.dylib+0x30f12]  cv::AVIWriteContainer::jflushStream(unsigned int, int)+0x5d12
C  [libopencv_videoio.4.4.dylib+0x1107d]  cv::VideoCapture::grab()+0x2d
C  [libjniopencv_videoio.dylib+0x68d3]  Java_org_bytedeco_opencv_opencv_1videoio_VideoCapture_grab+0x53
j  org.bytedeco.opencv.opencv_videoio.VideoCapture.grab()Z+0
j  org.bytedeco.javacv.OpenCVFrameGrabber.grab()Lorg/bytedeco/javacv/Frame;+35
j  org.bytedeco.javacv.FrameGrabber.grabFrame()Lorg/bytedeco/javacv/Frame;+1
j  Webcam.lambda$new$1(Lorg/bytedeco/javacv/OpenCVFrameGrabber;Lorg/bytedeco/javacv/OpenCVFrameConverter$ToIplImage;Ljavafx/scene/control/Label;Ljavafx/scene/image/ImageView;Ljavafx/stage/Stage;)V+64
j  Webcam$$Lambda$428+0x0000000800dacac0.run()V+24
j  java.util.concurrent.ThreadPoolExecutor.runWorker(Ljava/util/concurrent/ThreadPoolExecutor$Worker;)V+92 java.base@15.0.1
j  java.util.concurrent.ThreadPoolExecutor$Worker.run()V+5 java.base@15.0.1
j  java.lang.Thread.run()V+11 java.base@15.0.1
v  ~StubRoutines::call_stub
V  [libjvm.dylib+0x4bb5e2]  JavaCalls::call_helper(JavaValue*, methodHandle const&, JavaCallArguments*, Thread*)+0x2e2
V  [libjvm.dylib+0x4ba4c9]  JavaCalls::call_virtual(JavaValue*, Klass*, Symbol*, Symbol*, JavaCallArguments*, Thread*)+0x1e9
V  [libjvm.dylib+0x4ba593]  JavaCalls::call_virtual(JavaValue*, Handle, Klass*, Symbol*, Symbol*, Thread*)+0x63
V  [libjvm.dylib+0x568ea0]  thread_entry(JavaThread*, Thread*)+0xb0
V  [libjvm.dylib+0xa20452]  JavaThread::thread_main_inner()+0xb2
V  [libjvm.dylib+0xa1d521]  Thread::call_run()+0x71
V  [libjvm.dylib+0x83f987]  thread_native_entry(Thread*)+0x197
C  [libsystem_pthread.dylib+0x32eb]  _pthread_body+0x7e
C  [libsystem_pthread.dylib+0x6249]  _pthread_start+0x42
C  [libsystem_pthread.dylib+0x240d]  thread_start+0xd

Java frames: (J=compiled Java code, j=interpreted, Vv=VM code)
j  org.bytedeco.opencv.opencv_videoio.VideoCapture.grab()Z+0
j  org.bytedeco.javacv.OpenCVFrameGrabber.grab()Lorg/bytedeco/javacv/Frame;+35
j  org.bytedeco.javacv.FrameGrabber.grabFrame()Lorg/bytedeco/javacv/Frame;+1
j  Webcam.lambda$new$1(Lorg/bytedeco/javacv/OpenCVFrameGrabber;Lorg/bytedeco/javacv/OpenCVFrameConverter$ToIplImage;Ljavafx/scene/control/Label;Ljavafx/scene/image/ImageView;Ljavafx/stage/Stage;)V+64
j  Webcam$$Lambda$428+0x0000000800dacac0.run()V+24
j  java.util.concurrent.ThreadPoolExecutor.runWorker(Ljava/util/concurrent/ThreadPoolExecutor$Worker;)V+92 java.base@15.0.1
j  java.util.concurrent.ThreadPoolExecutor$Worker.run()V+5 java.base@15.0.1
j  java.lang.Thread.run()V+11 java.base@15.0.1
v  ~StubRoutines::call_stub

siginfo: si_signo: 11 (SIGSEGV), si_code: 0 (unknown), si_addr: 0x0000000000000000

Register to memory mapping:

RAX=0x0 is NULL
RBX=0x00007fd9fb6d2f90 points into unknown readable memory: 0x00007fd9fb6cc8d0 | d0 c8 6c fb d9 7f 00 00
RCX=0x0 is NULL
RDX=0x000000009fb6d5b6 is an unknown value
RSP=0x000070000a4f3638 is pointing into the stack for thread: 0x00007fd9f67f5c00
RBP=0x000070000a4f3660 is pointing into the stack for thread: 0x00007fd9f67f5c00
RSI=0x00007fff318f2c41: GCC_except_table7+0x65a5 in /System/Library/Frameworks/AppKit.framework/Versions/C/AppKit at 0x00007fff30d4f000
RDI=0x0101010101010100 is an unknown value
R8 =0x000000004739f900 is an unknown value
R9 =0x00007fd9fc1d9340 points into unknown readable memory: 0x406c58b162e3fae7 | e7 fa e3 62 b1 58 6c 40
R10=0x00007ffffffffff8 is an unknown value
R11=0x00007fd9fc1d933c points into unknown readable memory: 6a 35 77 40
R12=0x0000000000000010 is an unknown value
R13=0x0000000145f70e50 is pointing into metadata
R14=0x0 is NULL
R15=0x0000000000000008 is an unknown value


Registers:
RAX=0x0000000000000000, RBX=0x00007fd9fb6d2f90, RCX=0x0000000000000000, RDX=0x000000009fb6d5b6
RSP=0x000070000a4f3638, RBP=0x000070000a4f3660, RSI=0x00007fff318f2c41, RDI=0x0101010101010100
R8 =0x000000004739f900, R9 =0x00007fd9fc1d9340, R10=0x00007ffffffffff8, R11=0x00007fd9fc1d933c
R12=0x0000000000000010, R13=0x0000000145f70e50, R14=0x0000000000000000, R15=0x0000000000000008
RIP=0x00007fff5dee9697, EFLAGS=0x0000000000010246, ERR=0x0000000000000000
  TRAPNO=0x000000000000000d

Top of Stack: (sp=0x000070000a4f3638)
0x000070000a4f3638:   00000001332f7b43 00007fff5dee9680
0x000070000a4f3648:   0000000000000000 00007fd9f820b7d0
0x000070000a4f3658:   00007fd9fc106ab0 000070000a4f3690
0x000070000a4f3668:   00000001332f715b 0000000133304920
0x000070000a4f3678:   00007fd9fc110690 00007fd9f67f5f28
0x000070000a4f3688:   000070000a4f37b8 000070000a4f36a0
0x000070000a4f3698:   00000001332d646f 000070000a4f36b0
0x000070000a4f36a8:   00000001332f9f12 000070000a4f3700
0x000070000a4f36b8:   00000001332da07d 00007fd9fc110690
0x000070000a4f36c8:   000070000a4f37b0 000070000a4f3720
0x000070000a4f36d8:   000000013338dff7 0000000000000000
0x000070000a4f36e8:   00007fd900000000 00007fd9fc110690
0x000070000a4f36f8:   00007fd9f67f5f28 000070000a4f3730
0x000070000a4f3708:   00000001333908d3 0000000133390880
0x000070000a4f3718:   0000000145f70e58 000070000a4f37b8
0x000070000a4f3728:   00007fd9f67f5c00 000070000a4f3798
0x000070000a4f3738:   000000011c1f23f0 000070000a4f3770
0x000070000a4f3748:   000070000a4f3748 000070000a4f3750
0x000070000a4f3758:   0000000000000000 000070000a4f37b8
0x000070000a4f3768:   0000000145f72478 0000000000000000
0x000070000a4f3778:   00000007ffe8df10 0000000145f70e58
0x000070000a4f3788:   0000000000000000 000070000a4f37b8
0x000070000a4f3798:   000070000a4f3808 000000011c1ec690
0x000070000a4f37a8:   0000000000000000 000000011c1ef5c0
0x000070000a4f37b8:   000000078c8005e0 000070000a4f37c0
0x000070000a4f37c8:   0000000135caaafb 000070000a4f3818
0x000070000a4f37d8:   0000000135cb4f20 0000000000000000
0x000070000a4f37e8:   00000007819bcb68 0000000135caac00
0x000070000a4f37f8:   000070000a4f37b8 000070000a4f3818
0x000070000a4f3808:   000070000a4f3868 000000011c1ecc40
0x000070000a4f3818:   000000078180e460 000070000a4f3820
0x000070000a4f3828:   0000000135cb17b9 000070000a4f3878 

Instructions: (pc=0x00007fff5dee9697)
0x00007fff5dee9597:   89 f8 5d c3 48 8d 05 96 9b db 37 48 8b 30 5d e9
0x00007fff5dee95a7:   d5 00 00 00 5d e9 65 79 00 00 31 f6 5d e9 d5 70
0x00007fff5dee95b7:   00 00 90 90 90 90 90 90 90 31 c0 31 d2 0f 57 c0
0x00007fff5dee95c7:   0f 57 c9 c3 90 d9 ee 31 c0 31 d2 0f 57 c0 0f 57
0x00007fff5dee95d7:   c9 c3 0f 1f 00 d9 ee d9 ee 31 c0 31 d2 0f 57 c0
0x00007fff5dee95e7:   0f 57 c9 c3 90 48 89 f8 c3 49 89 fa 49 89 f3 45
0x00007fff5dee95f7:   23 5a 18 49 c1 e3 04 4d 03 5a 10 49 3b 33 75 05
0x00007fff5dee9607:   49 8b 43 08 c3 49 83 3b 01 76 0e 49 83 c3 10 49
0x00007fff5dee9617:   3b 33 75 f1 49 8b 43 08 c3 72 1c 4d 8b 5b 08 eb
0x00007fff5dee9627:   0a 49 83 3b 01 76 0e 49 83 c3 10 49 3b 33 75 f1
0x00007fff5dee9637:   49 8b 43 08 c3 eb 00 31 c0 c3 66 2e 0f 1f 84 00
0x00007fff5dee9647:   00 00 00 00 66 2e 0f 1f 84 00 00 00 00 00 66 2e
0x00007fff5dee9657:   0f 1f 84 00 00 00 00 00 66 2e 0f 1f 84 00 00 00
0x00007fff5dee9667:   00 00 66 2e 0f 1f 84 00 00 00 00 00 66 2e 0f 1f
0x00007fff5dee9677:   84 00 00 00 00 00 0f 1f 00 48 85 ff 2e 74 62 40
0x00007fff5dee9687:   f6 c7 01 2e 75 66 49 ba f8 ff ff ff ff 7f 00 00
0x00007fff5dee9697:   4c 23 17 49 89 f3 45 23 5a 18 49 c1 e3 04 4d 03
0x00007fff5dee96a7:   5a 10 49 3b 33 75 04 41 ff 63 08 49 83 3b 01 76
0x00007fff5dee96b7:   0d 49 83 c3 10 49 3b 33 75 f1 41 ff 63 08 72 68
0x00007fff5dee96c7:   4d 8b 5b 08 eb 0a 49 83 3b 01 76 0d 49 83 c3 10
0x00007fff5dee96d7:   49 3b 33 75 f1 41 ff 63 08 eb 4d 66 0f 1f 44 00
0x00007fff5dee96e7:   00 31 c0 31 d2 0f 57 c0 0f 57 c9 c3 41 89 fb 41
0x00007fff5dee96f7:   83 e3 0f 4c 8d 15 9f 2c c3 37 4f 8b 14 da 4c 8d
0x00007fff5dee9707:   1d 5c 2a c3 37 4d 39 d3 75 89 41 89 fb 41 c1 eb
0x00007fff5dee9717:   04 41 81 e3 ff 00 00 00 4c 8d 15 fa 2c c3 37 4f
0x00007fff5dee9727:   8b 14 da e9 6b ff ff ff e9 9c 09 00 00 66 2e 0f
0x00007fff5dee9737:   1f 84 00 00 00 00 00 66 90 48 85 ff 2e 74 62 40
0x00007fff5dee9747:   f6 c7 01 2e 75 63 49 ba f8 ff ff ff ff 7f 00 00
0x00007fff5dee9757:   4c 23 17 49 89 f3 45 23 5a 18 49 c1 e3 04 4d 03
0x00007fff5dee9767:   5a 10 49 3b 33 75 05 4d 8b 5b 08 c3 49 83 3b 01
0x00007fff5dee9777:   76 0e 49 83 c3 10 49 3b 33 75 f1 4d 8b 5b 08 c3
0x00007fff5dee9787:   72 63 4d 8b 5b 08 eb 0a 49 83 3b 01 76 0e 49 83 


Stack slot to memory mapping:
stack at sp + 0 slots: 0x00000001332f7b43: _ZN2cv17AVIWriteContainer12jflushStreamEji+0x3943 in /Users/marinebijon/.javacpp/cache/opencv-4.4.0-1.5.4-macosx-x86_64.jar/org/bytedeco/opencv/macosx-x86_64/libopencv_videoio.4.4.dylib at 0x00000001332c9000
stack at sp + 1 slots: 0x00007fff5dee9680: objc_msgSend+0 in /usr/lib/libobjc.A.dylib at 0x00007fff5dee3000
stack at sp + 2 slots: 0x0 is NULL
stack at sp + 3 slots: 0x00007fd9f820b7d0 points into unknown readable memory: 0x001dffff8eee0329 | 29 03 ee 8e ff ff 1d 00
stack at sp + 4 slots: 0x00007fd9fc106ab0 points into unknown readable memory: 0x0000000000050006 | 06 00 05 00 00 00 00 00
stack at sp + 5 slots: 0x000070000a4f3690 is pointing into the stack for thread: 0x00007fd9f67f5c00
stack at sp + 6 slots: 0x00000001332f715b: _ZN2cv17AVIWriteContainer12jflushStreamEji+0x2f5b in /Users/marinebijon/.javacpp/cache/opencv-4.4.0-1.5.4-macosx-x86_64.jar/org/bytedeco/opencv/macosx-x86_64/libopencv_videoio.4.4.dylib at 0x00000001332c9000
stack at sp + 7 slots: 0x0000000133304920: _ZTINSt3__114basic_ofstreamIcNS_11char_traitsIcEEEE+0xd0 in /Users/marinebijon/.javacpp/cache/opencv-4.4.0-1.5.4-macosx-x86_64.jar/org/bytedeco/opencv/macosx-x86_64/libopencv_videoio.4.4.dylib at 0x00000001332c9000


---------------  P R O C E S S  ---------------

Threads class SMR info:
_java_thread_list=0x00007fd9fc2d7d60, length=21, elements={
0x00007fd9f7002000, 0x00007fd9f605b400, 0x00007fd9f6023000, 0x00007fd9f605ba00,
0x00007fd9f7834e00, 0x00007fd9f6826000, 0x00007fd9f783fa00, 0x00007fd9f605d000,
0x00007fd9f605d600, 0x00007fd9f6061c00, 0x00007fd9f68e7a00, 0x00007fd9f68eba00,
0x00007fd9f78f5c00, 0x00007fd9f7940400, 0x00007fd9f7bc8000, 0x00007fd9f6e94400,
0x00007fd9f78ff600, 0x00007fd9f67f5c00, 0x00007fd9f67f6200, 0x00007fd9fa0b7800,
0x00007fd9f7d13a00
}

Java Threads: ( => current thread )
  0x00007fd9f7002000 JavaThread "main" [_thread_blocked, id=8707, stack(0x0000700008614000,0x0000700008714000)]
  0x00007fd9f605b400 JavaThread "Reference Handler" daemon [_thread_blocked, id=15875, stack(0x0000700008d29000,0x0000700008e29000)]
  0x00007fd9f6023000 JavaThread "Finalizer" daemon [_thread_blocked, id=16899, stack(0x0000700008e2c000,0x0000700008f2c000)]
  0x00007fd9f605ba00 JavaThread "Signal Dispatcher" daemon [_thread_blocked, id=42499, stack(0x0000700008f2f000,0x000070000902f000)]
  0x00007fd9f7834e00 JavaThread "Service Thread" daemon [_thread_blocked, id=23555, stack(0x0000700009032000,0x0000700009132000)]
  0x00007fd9f6826000 JavaThread "C2 CompilerThread0" daemon [_thread_blocked, id=24067, stack(0x0000700009135000,0x0000700009235000)]
  0x00007fd9f783fa00 JavaThread "C1 CompilerThread0" daemon [_thread_blocked, id=24579, stack(0x0000700009238000,0x0000700009338000)]
  0x00007fd9f605d000 JavaThread "Sweeper thread" daemon [_thread_blocked, id=40195, stack(0x000070000933b000,0x000070000943b000)]
  0x00007fd9f605d600 JavaThread "Common-Cleaner" daemon [_thread_blocked, id=39683, stack(0x000070000943e000,0x000070000953e000)]
  0x00007fd9f6061c00 JavaThread "Notification Thread" daemon [_thread_blocked, id=38915, stack(0x0000700009644000,0x0000700009744000)]
  0x00007fd9f68e7a00 JavaThread "QuantumRenderer-0" daemon [_thread_blocked, id=27139, stack(0x000070000984a000,0x000070000994a000)]
  0x00007fd9f68eba00 JavaThread "InvokeLaterDispatcher" daemon [_thread_blocked, id=30211, stack(0x000070000994d000,0x0000700009a4d000)]
  0x00007fd9f78f5c00 JavaThread "JavaFX Application Thread" [_thread_in_native, id=775, stack(0x00007ffee2680000,0x00007ffee2e80000)]
  0x00007fd9f7940400 JavaThread "JavaFX-Launcher" [_thread_blocked, id=74755, stack(0x0000700009bd9000,0x0000700009cd9000)]
  0x00007fd9f7bc8000 JavaThread "Prism Font Disposer" daemon [_thread_blocked, id=56835, stack(0x0000700009fe5000,0x000070000a0e5000)]
  0x00007fd9f6e94400 JavaThread "Cleaner-0" daemon [_thread_blocked, id=69123, stack(0x000070000a0e8000,0x000070000a1e8000)]
  0x00007fd9f78ff600 JavaThread "JavaCPP Deallocator" daemon [_thread_blocked, id=64267, stack(0x000070000a1eb000,0x000070000a2eb000)]
=>0x00007fd9f67f5c00 JavaThread "pool-3-thread-1" [_thread_in_native, id=87555, stack(0x000070000a3f4000,0x000070000a4f4000)]
  0x00007fd9f67f6200 JavaThread "Timer-0" [_thread_blocked, id=88067, stack(0x000070000a4f7000,0x000070000a5f7000)]
  0x00007fd9fa0b7800 JavaThread "Java2D Disposer" daemon [_thread_blocked, id=97795, stack(0x000070000a700000,0x000070000a800000)]
  0x00007fd9f7d13a00 JavaThread "Java2D Queue Flusher" daemon [_thread_blocked, id=99075, stack(0x000070000a886000,0x000070000a986000)]

Other Threads:
  0x00007fd9f5e100a0 VMThread "VM Thread" [stack: 0x0000700008c26000,0x0000700008d26000] [id=15363]
  0x00007fd9f5d28fe0 WatcherThread [stack: 0x0000700009747000,0x0000700009847000] [id=38659]
  0x00007fd9f5e0ba90 GCTaskThread "GC Thread#0" [stack: 0x0000700008717000,0x0000700008817000] [id=13571]
  0x00007fd9f5ccc6f0 GCTaskThread "GC Thread#1" [stack: 0x0000700009cdc000,0x0000700009ddc000] [id=54275]
  0x00007fd9f5ccd250 GCTaskThread "GC Thread#2" [stack: 0x0000700009ddf000,0x0000700009edf000] [id=73987]
  0x00007fd9f5d04f80 GCTaskThread "GC Thread#3" [stack: 0x0000700009ee2000,0x0000700009fe2000] [id=54787]
  0x00007fd9f5f04280 ConcurrentGCThread "G1 Main Marker" [stack: 0x000070000881a000,0x000070000891a000] [id=14083]
  0x00007fd9f5c0d520 ConcurrentGCThread "G1 Conc#0" [stack: 0x000070000891d000,0x0000700008a1d000] [id=14595]
  0x00007fd9f5c253b0 ConcurrentGCThread "G1 Refine#0" [stack: 0x0000700008a20000,0x0000700008b20000] [id=14851]
  0x00007fd9f5c26430 ConcurrentGCThread "G1 Young RemSet Sampling" [stack: 0x0000700008b23000,0x0000700008c23000] [id=18435]

Threads with active compile tasks:

VM state: not at safepoint (normal execution)

VM Mutex/Monitor currently owned by a thread: None

Heap address: 0x0000000780000000, size: 2048 MB, Compressed Oops mode: Zero based, Oop shift amount: 3
CDS archive(s) mapped at: [0x0000000800000000-0x0000000800b2d000-0x0000000800b2d000), size 11718656, SharedBaseAddress: 0x0000000800000000, ArchiveRelocationMode: 0.
Compressed class space mapped at: 0x0000000800b30000-0x0000000840b30000, size: 1073741824
Narrow klass base: 0x0000000800000000, Narrow klass shift: 3, Narrow klass range: 0x100000000

GC Precious Log:
 CPUs: 4 total, 4 available
 Memory: 8192M
 Large Page Support: Disabled
 NUMA Support: Disabled
 Compressed Oops: Enabled (Zero based)
 Heap Region Size: 1M
 Heap Min Capacity: 8M
 Heap Initial Capacity: 128M
 Heap Max Capacity: 2G
 Pre-touch: Disabled
 Parallel Workers: 4
 Concurrent Workers: 1
 Concurrent Refinement Workers: 4
 Periodic GC: Disabled

Heap:
 garbage-first heap   total 150528K, used 84711K [0x0000000780000000, 0x0000000800000000)
  region size 1024K, 3 young (3072K), 1 survivors (1024K)
 Metaspace       used 24919K, capacity 25147K, committed 25472K, reserved 1071104K
  class space    used 2804K, capacity 2869K, committed 2944K, reserved 1048576K

Heap Regions: E=young(eden), S=young(survivor), O=old, HS=humongous(starts), HC=humongous(continues), CS=collection set, F=free, OA=open archive, CA=closed archive, TAMS=top-at-mark-start (previous, next)
|   0|0x0000000780000000, 0x0000000780100000, 0x0000000780100000|100%| O|  |TAMS 0x0000000780100000, 0x0000000780000000| Untracked 
|   1|0x0000000780100000, 0x0000000780200000, 0x0000000780200000|100%| O|  |TAMS 0x0000000780200000, 0x0000000780100000| Untracked 
|   2|0x0000000780200000, 0x0000000780300000, 0x0000000780300000|100%| O|  |TAMS 0x0000000780300000, 0x0000000780200000| Untracked 
|   3|0x0000000780300000, 0x0000000780400000, 0x0000000780400000|100%| O|  |TAMS 0x0000000780400000, 0x0000000780300000| Untracked 
|   4|0x0000000780400000, 0x0000000780500000, 0x0000000780500000|100%| O|  |TAMS 0x0000000780500000, 0x0000000780400000| Untracked 
|   5|0x0000000780500000, 0x0000000780600000, 0x0000000780600000|100%|HS|  |TAMS 0x0000000780600000, 0x0000000780500000| Complete 
|   6|0x0000000780600000, 0x0000000780700000, 0x0000000780700000|100%|HC|  |TAMS 0x0000000780700000, 0x0000000780600000| Complete 
|   7|0x0000000780700000, 0x0000000780704200, 0x0000000780800000|  1%| O|  |TAMS 0x0000000780700000, 0x0000000780700000| Untracked 
|   8|0x0000000780800000, 0x0000000780800000, 0x0000000780900000|  0%| F|  |TAMS 0x0000000780800000, 0x0000000780800000| Untracked 
|   9|0x0000000780900000, 0x0000000780956c00, 0x0000000780a00000| 33%| O|  |TAMS 0x0000000780956c00, 0x0000000780900000| Untracked 
|  10|0x0000000780a00000, 0x0000000780b00000, 0x0000000780b00000|100%|HS|  |TAMS 0x0000000780b00000, 0x0000000780a00000| Complete 
|  11|0x0000000780b00000, 0x0000000780c00000, 0x0000000780c00000|100%|HC|  |TAMS 0x0000000780c00000, 0x0000000780b00000| Complete 
|  12|0x0000000780c00000, 0x0000000780d00000, 0x0000000780d00000|100%|HC|  |TAMS 0x0000000780d00000, 0x0000000780c00000| Complete 
|  13|0x0000000780d00000, 0x0000000780e00000, 0x0000000780e00000|100%| O|  |TAMS 0x0000000780e00000, 0x0000000780d00000| Untracked 
|  14|0x0000000780e00000, 0x0000000780f00000, 0x0000000780f00000|100%| O|  |TAMS 0x0000000780f00000, 0x0000000780e00000| Untracked 
|  15|0x0000000780f00000, 0x0000000780f38200, 0x0000000781000000| 21%| O|  |TAMS 0x0000000780f38200, 0x0000000780f00000| Untracked 
|  16|0x0000000781000000, 0x0000000781100000, 0x0000000781100000|100%|HS|  |TAMS 0x0000000781000000, 0x0000000781000000| Complete 
|  17|0x0000000781100000, 0x0000000781200000, 0x0000000781200000|100%|HC|  |TAMS 0x0000000781100000, 0x0000000781100000| Complete 
|  18|0x0000000781200000, 0x0000000781300000, 0x0000000781300000|100%|HC|  |TAMS 0x0000000781200000, 0x0000000781200000| Complete 
|  19|0x0000000781300000, 0x0000000781400000, 0x0000000781400000|100%|HC|  |TAMS 0x0000000781300000, 0x0000000781300000| Complete 
|  20|0x0000000781400000, 0x0000000781500000, 0x0000000781500000|100%|HS|  |TAMS 0x0000000781500000, 0x0000000781400000| Complete 
|  21|0x0000000781500000, 0x0000000781600000, 0x0000000781600000|100%|HC|  |TAMS 0x0000000781600000, 0x0000000781500000| Complete 
|  22|0x0000000781600000, 0x0000000781700000, 0x0000000781700000|100%|HC|  |TAMS 0x0000000781700000, 0x0000000781600000| Complete 
|  23|0x0000000781700000, 0x0000000781800000, 0x0000000781800000|100%|HC|  |TAMS 0x0000000781800000, 0x0000000781700000| Complete 
|  24|0x0000000781800000, 0x0000000781900000, 0x0000000781900000|100%| O|  |TAMS 0x0000000781900000, 0x0000000781800000| Untracked 
|  25|0x0000000781900000, 0x0000000781a00000, 0x0000000781a00000|100%| O|  |TAMS 0x0000000781a00000, 0x0000000781900000| Untracked 
|  26|0x0000000781a00000, 0x0000000781b00000, 0x0000000781b00000|100%|HS|  |TAMS 0x0000000781a00000, 0x0000000781a00000| Complete 
|  27|0x0000000781b00000, 0x0000000781c00000, 0x0000000781c00000|100%|HC|  |TAMS 0x0000000781b00000, 0x0000000781b00000| Complete 
|  28|0x0000000781c00000, 0x0000000781d00000, 0x0000000781d00000|100%|HC|  |TAMS 0x0000000781c00000, 0x0000000781c00000| Complete 
|  29|0x0000000781d00000, 0x0000000781e00000, 0x0000000781e00000|100%|HC|  |TAMS 0x0000000781d00000, 0x0000000781d00000| Complete 
|  30|0x0000000781e00000, 0x0000000781e00000, 0x0000000781f00000|  0%| F|  |TAMS 0x0000000781e00000, 0x0000000781e00000| Untracked 
|  31|0x0000000781f00000, 0x0000000781f00000, 0x0000000782000000|  0%| F|  |TAMS 0x0000000781f00000, 0x0000000781f00000| Untracked 
|  32|0x0000000782000000, 0x0000000782000000, 0x0000000782100000|  0%| F|  |TAMS 0x0000000782000000, 0x0000000782000000| Untracked 
|  33|0x0000000782100000, 0x0000000782200000, 0x0000000782200000|100%|HS|  |TAMS 0x0000000782200000, 0x0000000782100000| Complete 
|  34|0x0000000782200000, 0x0000000782300000, 0x0000000782300000|100%|HC|  |TAMS 0x0000000782300000, 0x0000000782200000| Complete 
|  35|0x0000000782300000, 0x0000000782400000, 0x0000000782400000|100%|HC|  |TAMS 0x0000000782400000, 0x0000000782300000| Complete 
|  36|0x0000000782400000, 0x0000000782500000, 0x0000000782500000|100%|HC|  |TAMS 0x0000000782500000, 0x0000000782400000| Complete 
|  37|0x0000000782500000, 0x0000000782600000, 0x0000000782600000|100%|HC|  |TAMS 0x0000000782600000, 0x0000000782500000| Complete 
|  38|0x0000000782600000, 0x0000000782700000, 0x0000000782700000|100%|HC|  |TAMS 0x0000000782700000, 0x0000000782600000| Complete 
|  39|0x0000000782700000, 0x0000000782800000, 0x0000000782800000|100%|HC|  |TAMS 0x0000000782800000, 0x0000000782700000| Complete 
|  40|0x0000000782800000, 0x0000000782900000, 0x0000000782900000|100%|HC|  |TAMS 0x0000000782900000, 0x0000000782800000| Complete 
|  41|0x0000000782900000, 0x0000000782a00000, 0x0000000782a00000|100%|HC|  |TAMS 0x0000000782a00000, 0x0000000782900000| Complete 
|  42|0x0000000782a00000, 0x0000000782b00000, 0x0000000782b00000|100%|HC|  |TAMS 0x0000000782b00000, 0x0000000782a00000| Complete 
|  43|0x0000000782b00000, 0x0000000782c00000, 0x0000000782c00000|100%|HC|  |TAMS 0x0000000782c00000, 0x0000000782b00000| Complete 
|  44|0x0000000782c00000, 0x0000000782d00000, 0x0000000782d00000|100%|HC|  |TAMS 0x0000000782d00000, 0x0000000782c00000| Complete 
|  45|0x0000000782d00000, 0x0000000782e00000, 0x0000000782e00000|100%|HC|  |TAMS 0x0000000782e00000, 0x0000000782d00000| Complete 
|  46|0x0000000782e00000, 0x0000000782f00000, 0x0000000782f00000|100%|HC|  |TAMS 0x0000000782f00000, 0x0000000782e00000| Complete 
|  47|0x0000000782f00000, 0x0000000783000000, 0x0000000783000000|100%|HC|  |TAMS 0x0000000783000000, 0x0000000782f00000| Complete 
|  48|0x0000000783000000, 0x0000000783100000, 0x0000000783100000|100%|HC|  |TAMS 0x0000000783100000, 0x0000000783000000| Complete 
|  49|0x0000000783100000, 0x0000000783200000, 0x0000000783200000|100%|HC|  |TAMS 0x0000000783200000, 0x0000000783100000| Complete 
|  50|0x0000000783200000, 0x0000000783300000, 0x0000000783300000|100%|HC|  |TAMS 0x0000000783300000, 0x0000000783200000| Complete 
|  51|0x0000000783300000, 0x0000000783400000, 0x0000000783400000|100%|HC|  |TAMS 0x0000000783400000, 0x0000000783300000| Complete 
|  52|0x0000000783400000, 0x0000000783500000, 0x0000000783500000|100%|HC|  |TAMS 0x0000000783500000, 0x0000000783400000| Complete 
|  53|0x0000000783500000, 0x0000000783600000, 0x0000000783600000|100%|HC|  |TAMS 0x0000000783600000, 0x0000000783500000| Complete 
|  54|0x0000000783600000, 0x0000000783700000, 0x0000000783700000|100%|HC|  |TAMS 0x0000000783700000, 0x0000000783600000| Complete 
|  55|0x0000000783700000, 0x0000000783800000, 0x0000000783800000|100%|HC|  |TAMS 0x0000000783800000, 0x0000000783700000| Complete 
|  56|0x0000000783800000, 0x0000000783900000, 0x0000000783900000|100%|HC|  |TAMS 0x0000000783900000, 0x0000000783800000| Complete 
|  57|0x0000000783900000, 0x0000000783a00000, 0x0000000783a00000|100%|HC|  |TAMS 0x0000000783a00000, 0x0000000783900000| Complete 
|  58|0x0000000783a00000, 0x0000000783b00000, 0x0000000783b00000|100%|HC|  |TAMS 0x0000000783b00000, 0x0000000783a00000| Complete 
|  59|0x0000000783b00000, 0x0000000783c00000, 0x0000000783c00000|100%|HC|  |TAMS 0x0000000783c00000, 0x0000000783b00000| Complete 
|  60|0x0000000783c00000, 0x0000000783d00000, 0x0000000783d00000|100%|HC|  |TAMS 0x0000000783d00000, 0x0000000783c00000| Complete 
|  61|0x0000000783d00000, 0x0000000783e00000, 0x0000000783e00000|100%|HC|  |TAMS 0x0000000783e00000, 0x0000000783d00000| Complete 
|  62|0x0000000783e00000, 0x0000000783f00000, 0x0000000783f00000|100%|HC|  |TAMS 0x0000000783f00000, 0x0000000783e00000| Complete 
|  63|0x0000000783f00000, 0x0000000784000000, 0x0000000784000000|100%|HC|  |TAMS 0x0000000784000000, 0x0000000783f00000| Complete 
|  64|0x0000000784000000, 0x0000000784100000, 0x0000000784100000|100%|HC|  |TAMS 0x0000000784100000, 0x0000000784000000| Complete 
|  65|0x0000000784100000, 0x0000000784200000, 0x0000000784200000|100%|HC|  |TAMS 0x0000000784200000, 0x0000000784100000| Complete 
|  66|0x0000000784200000, 0x0000000784300000, 0x0000000784300000|100%|HC|  |TAMS 0x0000000784300000, 0x0000000784200000| Complete 
|  67|0x0000000784300000, 0x0000000784400000, 0x0000000784400000|100%|HC|  |TAMS 0x0000000784400000, 0x0000000784300000| Complete 
|  68|0x0000000784400000, 0x0000000784500000, 0x0000000784500000|100%|HC|  |TAMS 0x0000000784500000, 0x0000000784400000| Complete 
|  69|0x0000000784500000, 0x0000000784600000, 0x0000000784600000|100%|HC|  |TAMS 0x0000000784600000, 0x0000000784500000| Complete 
|  70|0x0000000784600000, 0x0000000784700000, 0x0000000784700000|100%|HC|  |TAMS 0x0000000784700000, 0x0000000784600000| Complete 
|  71|0x0000000784700000, 0x0000000784800000, 0x0000000784800000|100%|HC|  |TAMS 0x0000000784800000, 0x0000000784700000| Complete 
|  72|0x0000000784800000, 0x0000000784900000, 0x0000000784900000|100%|HC|  |TAMS 0x0000000784900000, 0x0000000784800000| Complete 
|  73|0x0000000784900000, 0x0000000784a00000, 0x0000000784a00000|100%|HC|  |TAMS 0x0000000784a00000, 0x0000000784900000| Complete 
|  74|0x0000000784a00000, 0x0000000784b00000, 0x0000000784b00000|100%|HC|  |TAMS 0x0000000784b00000, 0x0000000784a00000| Complete 
|  75|0x0000000784b00000, 0x0000000784c00000, 0x0000000784c00000|100%|HC|  |TAMS 0x0000000784c00000, 0x0000000784b00000| Complete 
|  76|0x0000000784c00000, 0x0000000784d00000, 0x0000000784d00000|100%|HC|  |TAMS 0x0000000784d00000, 0x0000000784c00000| Complete 
|  77|0x0000000784d00000, 0x0000000784e00000, 0x0000000784e00000|100%|HC|  |TAMS 0x0000000784e00000, 0x0000000784d00000| Complete 
|  78|0x0000000784e00000, 0x0000000784f00000, 0x0000000784f00000|100%|HC|  |TAMS 0x0000000784f00000, 0x0000000784e00000| Complete 
|  79|0x0000000784f00000, 0x0000000785000000, 0x0000000785000000|100%|HC|  |TAMS 0x0000000785000000, 0x0000000784f00000| Complete 
|  80|0x0000000785000000, 0x0000000785100000, 0x0000000785100000|100%|HC|  |TAMS 0x0000000785100000, 0x0000000785000000| Complete 
|  81|0x0000000785100000, 0x0000000785200000, 0x0000000785200000|100%|HC|  |TAMS 0x0000000785200000, 0x0000000785100000| Complete 
|  82|0x0000000785200000, 0x0000000785300000, 0x0000000785300000|100%|HC|  |TAMS 0x0000000785300000, 0x0000000785200000| Complete 
|  83|0x0000000785300000, 0x0000000785400000, 0x0000000785400000|100%|HC|  |TAMS 0x0000000785400000, 0x0000000785300000| Complete 
|  84|0x0000000785400000, 0x0000000785500000, 0x0000000785500000|100%|HC|  |TAMS 0x0000000785500000, 0x0000000785400000| Complete 
|  85|0x0000000785500000, 0x0000000785500000, 0x0000000785600000|  0%| F|  |TAMS 0x0000000785500000, 0x0000000785500000| Untracked 
|  86|0x0000000785600000, 0x0000000785600000, 0x0000000785700000|  0%| F|  |TAMS 0x0000000785600000, 0x0000000785600000| Untracked 
|  87|0x0000000785700000, 0x0000000785700000, 0x0000000785800000|  0%| F|  |TAMS 0x0000000785700000, 0x0000000785700000| Untracked 
|  88|0x0000000785800000, 0x0000000785800000, 0x0000000785900000|  0%| F|  |TAMS 0x0000000785800000, 0x0000000785800000| Untracked 
|  89|0x0000000785900000, 0x0000000785900000, 0x0000000785a00000|  0%| F|  |TAMS 0x0000000785900000, 0x0000000785900000| Untracked 
|  90|0x0000000785a00000, 0x0000000785a00000, 0x0000000785b00000|  0%| F|  |TAMS 0x0000000785a00000, 0x0000000785a00000| Untracked 
|  91|0x0000000785b00000, 0x0000000785b00000, 0x0000000785c00000|  0%| F|  |TAMS 0x0000000785b00000, 0x0000000785b00000| Untracked 
|  92|0x0000000785c00000, 0x0000000785c00000, 0x0000000785d00000|  0%| F|  |TAMS 0x0000000785c00000, 0x0000000785c00000| Untracked 
|  93|0x0000000785d00000, 0x0000000785d00000, 0x0000000785e00000|  0%| F|  |TAMS 0x0000000785d00000, 0x0000000785d00000| Untracked 
|  94|0x0000000785e00000, 0x0000000785e00000, 0x0000000785f00000|  0%| F|  |TAMS 0x0000000785e00000, 0x0000000785e00000| Untracked 
|  95|0x0000000785f00000, 0x0000000785f00000, 0x0000000786000000|  0%| F|  |TAMS 0x0000000785f00000, 0x0000000785f00000| Untracked 
|  96|0x0000000786000000, 0x0000000786000000, 0x0000000786100000|  0%| F|  |TAMS 0x0000000786000000, 0x0000000786000000| Untracked 
|  97|0x0000000786100000, 0x0000000786100000, 0x0000000786200000|  0%| F|  |TAMS 0x0000000786100000, 0x0000000786100000| Untracked 
|  98|0x0000000786200000, 0x0000000786200000, 0x0000000786300000|  0%| F|  |TAMS 0x0000000786200000, 0x0000000786200000| Untracked 
|  99|0x0000000786300000, 0x0000000786300000, 0x0000000786400000|  0%| F|  |TAMS 0x0000000786300000, 0x0000000786300000| Untracked 
| 100|0x0000000786400000, 0x0000000786400000, 0x0000000786500000|  0%| F|  |TAMS 0x0000000786400000, 0x0000000786400000| Untracked 
| 101|0x0000000786500000, 0x0000000786500000, 0x0000000786600000|  0%| F|  |TAMS 0x0000000786500000, 0x0000000786500000| Untracked 
| 102|0x0000000786600000, 0x0000000786600000, 0x0000000786700000|  0%| F|  |TAMS 0x0000000786600000, 0x0000000786600000| Untracked 
| 103|0x0000000786700000, 0x0000000786700000, 0x0000000786800000|  0%| F|  |TAMS 0x0000000786700000, 0x0000000786700000| Untracked 
| 104|0x0000000786800000, 0x0000000786800000, 0x0000000786900000|  0%| F|  |TAMS 0x0000000786800000, 0x0000000786800000| Untracked 
| 105|0x0000000786900000, 0x0000000786900000, 0x0000000786a00000|  0%| F|  |TAMS 0x0000000786900000, 0x0000000786900000| Untracked 
| 106|0x0000000786a00000, 0x0000000786a00000, 0x0000000786b00000|  0%| F|  |TAMS 0x0000000786a00000, 0x0000000786a00000| Untracked 
| 107|0x0000000786b00000, 0x0000000786b00000, 0x0000000786c00000|  0%| F|  |TAMS 0x0000000786b00000, 0x0000000786b00000| Untracked 
| 108|0x0000000786c00000, 0x0000000786c00000, 0x0000000786d00000|  0%| F|  |TAMS 0x0000000786c00000, 0x0000000786c00000| Untracked 
| 109|0x0000000786d00000, 0x0000000786d00000, 0x0000000786e00000|  0%| F|  |TAMS 0x0000000786d00000, 0x0000000786d00000| Untracked 
| 110|0x0000000786e00000, 0x0000000786e00000, 0x0000000786f00000|  0%| F|  |TAMS 0x0000000786e00000, 0x0000000786e00000| Untracked 
| 111|0x0000000786f00000, 0x0000000786f00000, 0x0000000787000000|  0%| F|  |TAMS 0x0000000786f00000, 0x0000000786f00000| Untracked 
| 112|0x0000000787000000, 0x0000000787000000, 0x0000000787100000|  0%| F|  |TAMS 0x0000000787000000, 0x0000000787000000| Untracked 
| 113|0x0000000787100000, 0x0000000787100000, 0x0000000787200000|  0%| F|  |TAMS 0x0000000787100000, 0x0000000787100000| Untracked 
| 114|0x0000000787200000, 0x0000000787200000, 0x0000000787300000|  0%| F|  |TAMS 0x0000000787200000, 0x0000000787200000| Untracked 
| 115|0x0000000787300000, 0x0000000787300000, 0x0000000787400000|  0%| F|  |TAMS 0x0000000787300000, 0x0000000787300000| Untracked 
| 116|0x0000000787400000, 0x0000000787400000, 0x0000000787500000|  0%| F|  |TAMS 0x0000000787400000, 0x0000000787400000| Untracked 
| 117|0x0000000787500000, 0x0000000787500000, 0x0000000787600000|  0%| F|  |TAMS 0x0000000787500000, 0x0000000787500000| Untracked 
| 118|0x0000000787600000, 0x0000000787600000, 0x0000000787700000|  0%| F|  |TAMS 0x0000000787600000, 0x0000000787600000| Untracked 
| 119|0x0000000787700000, 0x0000000787700000, 0x0000000787800000|  0%| F|  |TAMS 0x0000000787700000, 0x0000000787700000| Untracked 
| 120|0x0000000787800000, 0x0000000787800000, 0x0000000787900000|  0%| F|  |TAMS 0x0000000787800000, 0x0000000787800000| Untracked 
| 121|0x0000000787900000, 0x0000000787900000, 0x0000000787a00000|  0%| F|  |TAMS 0x0000000787900000, 0x0000000787900000| Untracked 
| 122|0x0000000787a00000, 0x0000000787a00000, 0x0000000787b00000|  0%| F|  |TAMS 0x0000000787a00000, 0x0000000787a00000| Untracked 
| 123|0x0000000787b00000, 0x0000000787b00000, 0x0000000787c00000|  0%| F|  |TAMS 0x0000000787b00000, 0x0000000787b00000| Untracked 
| 124|0x0000000787c00000, 0x0000000787c00000, 0x0000000787d00000|  0%| F|  |TAMS 0x0000000787c00000, 0x0000000787c00000| Untracked 
| 125|0x0000000787d00000, 0x0000000787d00000, 0x0000000787e00000|  0%| F|  |TAMS 0x0000000787d00000, 0x0000000787d00000| Untracked 
| 126|0x0000000787e00000, 0x0000000787e00000, 0x0000000787f00000|  0%| F|  |TAMS 0x0000000787e00000, 0x0000000787e00000| Untracked 
| 127|0x0000000787f00000, 0x0000000787f00000, 0x0000000788000000|  0%| F|  |TAMS 0x0000000787f00000, 0x0000000787f00000| Untracked 
| 128|0x0000000788000000, 0x0000000788000000, 0x0000000788100000|  0%| F|  |TAMS 0x0000000788000000, 0x0000000788000000| Untracked 
| 129|0x0000000788100000, 0x0000000788100000, 0x0000000788200000|  0%| F|  |TAMS 0x0000000788100000, 0x0000000788100000| Untracked 
| 130|0x0000000788200000, 0x0000000788200000, 0x0000000788300000|  0%| F|  |TAMS 0x0000000788200000, 0x0000000788200000| Untracked 
| 131|0x0000000788300000, 0x0000000788300000, 0x0000000788400000|  0%| F|  |TAMS 0x0000000788300000, 0x0000000788300000| Untracked 
| 132|0x0000000788400000, 0x0000000788400000, 0x0000000788500000|  0%| F|  |TAMS 0x0000000788400000, 0x0000000788400000| Untracked 
| 133|0x0000000788500000, 0x0000000788500000, 0x0000000788600000|  0%| F|  |TAMS 0x0000000788500000, 0x0000000788500000| Untracked 
| 134|0x0000000788600000, 0x0000000788600000, 0x0000000788700000|  0%| F|  |TAMS 0x0000000788600000, 0x0000000788600000| Untracked 
| 135|0x0000000788700000, 0x000000078875cf58, 0x0000000788800000| 36%| S|CS|TAMS 0x0000000788700000, 0x0000000788700000| Complete 
| 136|0x0000000788800000, 0x0000000788800000, 0x0000000788900000|  0%| F|  |TAMS 0x0000000788800000, 0x0000000788800000| Untracked 
| 137|0x0000000788900000, 0x0000000788900000, 0x0000000788a00000|  0%| F|  |TAMS 0x0000000788900000, 0x0000000788900000| Untracked 
| 138|0x0000000788a00000, 0x0000000788a00000, 0x0000000788b00000|  0%| F|  |TAMS 0x0000000788a00000, 0x0000000788a00000| Untracked 
| 139|0x0000000788b00000, 0x0000000788b00000, 0x0000000788c00000|  0%| F|  |TAMS 0x0000000788b00000, 0x0000000788b00000| Untracked 
| 194|0x000000078c200000, 0x000000078c200000, 0x000000078c300000|  0%| F|  |TAMS 0x000000078c200000, 0x000000078c200000| Untracked 
| 199|0x000000078c700000, 0x000000078c7bb938, 0x000000078c800000| 73%| E|  |TAMS 0x000000078c700000, 0x000000078c700000| Complete 
| 200|0x000000078c800000, 0x000000078c900000, 0x000000078c900000|100%| E|CS|TAMS 0x000000078c800000, 0x000000078c800000| Complete 
|1022|0x00000007bfe00000, 0x00000007bfe51000, 0x00000007bff00000| 31%|OA|  |TAMS 0x00000007bfe51000, 0x00000007bfe00000| Untracked 
|1023|0x00000007bff00000, 0x00000007bff79000, 0x00000007c0000000| 47%|CA|  |TAMS 0x00000007bff79000, 0x00000007bff00000| Untracked 
|2046|0x00000007ffe00000, 0x00000007fff00000, 0x00000007fff00000|100%| O|  |TAMS 0x00000007fff00000, 0x00000007ffe00000| Untracked 
|2047|0x00000007fff00000, 0x0000000800000000, 0x0000000800000000|100%| O|  |TAMS 0x0000000800000000, 0x00000007fff00000| Untracked 

Card table byte_map: [0x00000001174d3000,0x00000001178d3000] _byte_map_base: 0x00000001138d3000

Marking Bits (Prev, Next): (CMBitMap*) 0x00007fd9f700ac10, (CMBitMap*) 0x00007fd9f700ac50
 Prev Bits: [0x0000000117cd3000, 0x0000000119cd3000)
 Next Bits: [0x0000000119cd3000, 0x000000011bcd3000)

Polling page: 0x000000010de8d000

Metaspace:

Usage:
  Non-class:     21.76 MB capacity,    21.60 MB (>99%) used,   132.39 KB ( <1%) free+waste,    31.50 KB ( <1%) overhead. 
      Class:      2.80 MB capacity,     2.74 MB ( 98%) used,    52.67 KB (  2%) free+waste,    11.44 KB ( <1%) overhead. 
       Both:     24.56 MB capacity,    24.33 MB (>99%) used,   185.06 KB ( <1%) free+waste,    42.94 KB ( <1%) overhead. 

Virtual space:
  Non-class space:       22.00 MB reserved,      22.00 MB (100%) committed 
      Class space:        1.00 GB reserved,       2.88 MB ( <1%) committed 
             Both:        1.02 GB reserved,      24.88 MB (  2%) committed 

Chunk freelists:
   Non-Class:  218.00 KB
       Class:  11.00 KB
        Both:  229.00 KB

MaxMetaspaceSize: 17179869184.00 GB
CompressedClassSpaceSize: 1.00 GB

CodeHeap 'non-profiled nmethods': size=120032Kb used=1316Kb max_used=1316Kb free=118715Kb
 bounds [0x0000000123cab000, 0x0000000123f1b000, 0x000000012b1e3000]
CodeHeap 'profiled nmethods': size=120028Kb used=5480Kb max_used=5480Kb free=114547Kb
 bounds [0x000000011c774000, 0x000000011ccd4000, 0x0000000123cab000]
CodeHeap 'non-nmethods': size=5700Kb used=1942Kb max_used=1991Kb free=3757Kb
 bounds [0x000000011c1e3000, 0x000000011c453000, 0x000000011c774000]
 total_blobs=4586 nmethods=3203 adapters=1296
 compilation: enabled
              stopped_count=0, restarted_count=0
 full_count=0

Compilation events (20 events):
Event: 17.913 Thread 0x00007fd9f783fa00 nmethod 3217 0x000000011ccca810 code [0x000000011cccaa20, 0x000000011cccb350]
Event: 17.913 Thread 0x00007fd9f783fa00 3218       3       javafx.scene.Node::hasProperties (25 bytes)
Event: 17.913 Thread 0x00007fd9f783fa00 nmethod 3218 0x000000011cccb610 code [0x000000011cccb7c0, 0x000000011cccba20]
Event: 17.913 Thread 0x00007fd9f783fa00 3215       3       javafx.scene.Parent::prefHeight (89 bytes)
Event: 17.914 Thread 0x00007fd9f783fa00 nmethod 3215 0x000000011cccbb10 code [0x000000011cccbd20, 0x000000011cccc3b0]
Event: 17.914 Thread 0x00007fd9f783fa00 3211       3       javafx.scene.layout.Region::maxWidth (52 bytes)
Event: 17.914 Thread 0x00007fd9f783fa00 nmethod 3211 0x000000011cccc510 code [0x000000011cccc720, 0x000000011cccce80]
Event: 17.914 Thread 0x00007fd9f783fa00 3212       3       javafx.scene.layout.Region::getMaxWidth (22 bytes)
Event: 17.915 Thread 0x00007fd9f783fa00 nmethod 3212 0x000000011cccd090 code [0x000000011cccd240, 0x000000011cccd5c0]
Event: 17.915 Thread 0x00007fd9f783fa00 3220       3       java.nio.Buffer::rewind (12 bytes)
Event: 17.915 Thread 0x00007fd9f783fa00 nmethod 3220 0x000000011cccd710 code [0x000000011cccd8a0, 0x000000011cccd9b0]
Event: 17.915 Thread 0x00007fd9f783fa00 3221       3       com.sun.prism.impl.BaseGraphics::setTransform3D (34 bytes)
Event: 17.915 Thread 0x00007fd9f783fa00 nmethod 3221 0x000000011cccda10 code [0x000000011cccdbc0, 0x000000011cccdd70]
Event: 17.917 Thread 0x00007fd9f6826000 nmethod 3208 0x0000000123df3510 code [0x0000000123df36a0, 0x0000000123df3898]
Event: 17.917 Thread 0x00007fd9f6826000 3219       4       com.sun.javafx.geom.RectBounds::isEmpty (30 bytes)
Event: 17.917 Thread 0x00007fd9f6826000 nmethod 3219 0x0000000123df3a10 code [0x0000000123df3b80, 0x0000000123df3c38]
Event: 18.263 Thread 0x00007fd9f6826000 3222       4       java.util.concurrent.locks.AbstractQueuedSynchronizer::signalNext (34 bytes)
Event: 18.265 Thread 0x00007fd9f6826000 nmethod 3222 0x0000000123df3d10 code [0x0000000123df3ea0, 0x0000000123df3fa8]
Event: 18.608 Thread 0x00007fd9f783fa00 3223       3       java.util.Formatter$Conversion::isText (32 bytes)
Event: 18.608 Thread 0x00007fd9f783fa00 nmethod 3223 0x000000011cccdf10 code [0x000000011ccce0a0, 0x000000011ccce1f0]

GC Heap History (20 events):
Event: 13.963 GC heap before
{Heap before GC invocations=63 (full 0):
 garbage-first heap   total 209920K, used 89588K [0x0000000780000000, 0x0000000800000000)
  region size 1024K, 4 young (4096K), 1 survivors (1024K)
 Metaspace       used 24708K, capacity 24952K, committed 25472K, reserved 1071104K
  class space    used 2802K, capacity 2869K, committed 2944K, reserved 1048576K
}
Event: 13.964 GC heap after
{Heap after GC invocations=64 (full 0):
 garbage-first heap   total 209920K, used 26194K [0x0000000780000000, 0x0000000800000000)
  region size 1024K, 1 young (1024K), 1 survivors (1024K)
 Metaspace       used 24708K, capacity 24952K, committed 25472K, reserved 1071104K
  class space    used 2802K, capacity 2869K, committed 2944K, reserved 1048576K
}
Event: 14.460 GC heap before
{Heap before GC invocations=65 (full 0):
 garbage-first heap   total 209920K, used 94802K [0x0000000780000000, 0x0000000800000000)
  region size 1024K, 6 young (6144K), 1 survivors (1024K)
 Metaspace       used 24714K, capacity 25016K, committed 25472K, reserved 1071104K
  class space    used 2802K, capacity 2869K, committed 2944K, reserved 1048576K
}
Event: 14.461 GC heap after
{Heap after GC invocations=66 (full 0):
 garbage-first heap   total 209920K, used 79575K [0x0000000780000000, 0x0000000800000000)
  region size 1024K, 1 young (1024K), 1 survivors (1024K)
 Metaspace       used 24714K, capacity 25016K, committed 25472K, reserved 1071104K
  class space    used 2802K, capacity 2869K, committed 2944K, reserved 1048576K
}
Event: 14.968 GC heap before
{Heap before GC invocations=67 (full 0):
 garbage-first heap   total 209920K, used 94935K [0x0000000780000000, 0x0000000800000000)
  region size 1024K, 6 young (6144K), 1 survivors (1024K)
 Metaspace       used 24725K, capacity 25016K, committed 25472K, reserved 1071104K
  class space    used 2802K, capacity 2869K, committed 2944K, reserved 1048576K
}
Event: 14.974 GC heap after
{Heap after GC invocations=68 (full 0):
 garbage-first heap   total 209920K, used 79579K [0x0000000780000000, 0x0000000800000000)
  region size 1024K, 1 young (1024K), 1 survivors (1024K)
 Metaspace       used 24725K, capacity 25016K, committed 25472K, reserved 1071104K
  class space    used 2802K, capacity 2869K, committed 2944K, reserved 1048576K
}
Event: 15.456 GC heap before
{Heap before GC invocations=69 (full 0):
 garbage-first heap   total 209920K, used 94939K [0x0000000780000000, 0x0000000800000000)
  region size 1024K, 6 young (6144K), 1 survivors (1024K)
 Metaspace       used 24735K, capacity 25016K, committed 25472K, reserved 1071104K
  class space    used 2802K, capacity 2869K, committed 2944K, reserved 1048576K
}
Event: 15.458 GC heap after
{Heap after GC invocations=70 (full 0):
 garbage-first heap   total 209920K, used 79572K [0x0000000780000000, 0x0000000800000000)
  region size 1024K, 1 young (1024K), 1 survivors (1024K)
 Metaspace       used 24735K, capacity 25016K, committed 25472K, reserved 1071104K
  class space    used 2802K, capacity 2869K, committed 2944K, reserved 1048576K
}
Event: 15.959 GC heap before
{Heap before GC invocations=71 (full 0):
 garbage-first heap   total 209920K, used 94932K [0x0000000780000000, 0x0000000800000000)
  region size 1024K, 6 young (6144K), 1 survivors (1024K)
 Metaspace       used 24736K, capacity 25016K, committed 25472K, reserved 1071104K
  class space    used 2802K, capacity 2869K, committed 2944K, reserved 1048576K
}
Event: 15.963 GC heap after
{Heap after GC invocations=72 (full 0):
 garbage-first heap   total 209920K, used 79575K [0x0000000780000000, 0x0000000800000000)
  region size 1024K, 1 young (1024K), 1 survivors (1024K)
 Metaspace       used 24736K, capacity 25016K, committed 25472K, reserved 1071104K
  class space    used 2802K, capacity 2869K, committed 2944K, reserved 1048576K
}
Event: 16.461 GC heap before
{Heap before GC invocations=73 (full 0):
 garbage-first heap   total 209920K, used 94935K [0x0000000780000000, 0x0000000800000000)
  region size 1024K, 6 young (6144K), 1 survivors (1024K)
 Metaspace       used 24739K, capacity 25016K, committed 25472K, reserved 1071104K
  class space    used 2802K, capacity 2869K, committed 2944K, reserved 1048576K
}
Event: 16.463 GC heap after
{Heap after GC invocations=74 (full 0):
 garbage-first heap   total 209920K, used 26154K [0x0000000780000000, 0x0000000800000000)
  region size 1024K, 1 young (1024K), 1 survivors (1024K)
 Metaspace       used 24739K, capacity 25016K, committed 25472K, reserved 1071104K
  class space    used 2802K, capacity 2869K, committed 2944K, reserved 1048576K
}
Event: 16.981 GC heap before
{Heap before GC invocations=75 (full 0):
 garbage-first heap   total 116736K, used 45610K [0x0000000780000000, 0x0000000800000000)
  region size 1024K, 7 young (7168K), 1 survivors (1024K)
 Metaspace       used 24798K, capacity 25082K, committed 25472K, reserved 1071104K
  class space    used 2802K, capacity 2869K, committed 2944K, reserved 1048576K
}
Event: 16.986 GC heap after
{Heap after GC invocations=76 (full 0):
 garbage-first heap   total 116736K, used 29304K [0x0000000780000000, 0x0000000800000000)
  region size 1024K, 1 young (1024K), 1 survivors (1024K)
 Metaspace       used 24798K, capacity 25082K, committed 25472K, reserved 1071104K
  class space    used 2802K, capacity 2869K, committed 2944K, reserved 1048576K
}
Event: 17.096 GC heap before
{Heap before GC invocations=77 (full 0):
 garbage-first heap   total 148480K, used 85624K [0x0000000780000000, 0x0000000800000000)
  region size 1024K, 5 young (5120K), 1 survivors (1024K)
 Metaspace       used 24801K, capacity 25082K, committed 25472K, reserved 1071104K
  class space    used 2802K, capacity 2869K, committed 2944K, reserved 1048576K
}
Event: 17.097 GC heap after
{Heap after GC invocations=78 (full 0):
 garbage-first heap   total 148480K, used 75488K [0x0000000780000000, 0x0000000800000000)
  region size 1024K, 1 young (1024K), 1 survivors (1024K)
 Metaspace       used 24801K, capacity 25082K, committed 25472K, reserved 1071104K
  class space    used 2802K, capacity 2869K, committed 2944K, reserved 1048576K
}
Event: 17.533 GC heap before
{Heap before GC invocations=79 (full 0):
 garbage-first heap   total 148480K, used 84704K [0x0000000780000000, 0x0000000800000000)
  region size 1024K, 3 young (3072K), 1 survivors (1024K)
 Metaspace       used 24871K, capacity 25147K, committed 25472K, reserved 1071104K
  class space    used 2802K, capacity 2869K, committed 2944K, reserved 1048576K
}
Event: 17.534 GC heap after
{Heap after GC invocations=80 (full 0):
 garbage-first heap   total 148480K, used 79576K [0x0000000780000000, 0x0000000800000000)
  region size 1024K, 1 young (1024K), 1 survivors (1024K)
 Metaspace       used 24871K, capacity 25147K, committed 25472K, reserved 1071104K
  class space    used 2802K, capacity 2869K, committed 2944K, reserved 1048576K
}
Event: 17.593 GC heap before
{Heap before GC invocations=81 (full 0):
 garbage-first heap   total 148480K, used 85720K [0x0000000780000000, 0x0000000800000000)
  region size 1024K, 5 young (5120K), 1 survivors (1024K)
 Metaspace       used 24874K, capacity 25147K, committed 25472K, reserved 1071104K
  class space    used 2802K, capacity 2869K, committed 2944K, reserved 1048576K
}
Event: 17.594 GC heap after
{Heap after GC invocations=82 (full 0):
 garbage-first heap   total 148480K, used 75495K [0x0000000780000000, 0x0000000800000000)
  region size 1024K, 1 young (1024K), 1 survivors (1024K)
 Metaspace       used 24874K, capacity 25147K, committed 25472K, reserved 1071104K
  class space    used 2802K, capacity 2869K, committed 2944K, reserved 1048576K
}

Deoptimization events (20 events):
Event: 7.707 Thread 0x00007fd9f67f5c00 Uncommon trap: trap_request=0xffffff45 fr.pc=0x0000000123db2b3c relative=0x000000000000129c
Event: 7.707 Thread 0x00007fd9f67f5c00 Uncommon trap: reason=unstable_if action=reinterpret pc=0x0000000123db2b3c method=com.sun.javafx.image.impl.IntTo4ByteSameConverter.doConvert([III[BIIII)V @ 29 c2
Event: 7.707 Thread 0x00007fd9f67f5c00 DEOPT PACKING pc=0x0000000123db2b3c sp=0x000070000a4f3250
Event: 7.708 Thread 0x00007fd9f67f5c00 DEOPT UNPACKING pc=0x000000011c231125 sp=0x000070000a4f33b8 mode 2
Event: 7.888 Thread 0x00007fd9f67f5c00 DEOPT PACKING pc=0x000000011cbed02f sp=0x000070000a4f33b0
Event: 7.888 Thread 0x00007fd9f67f5c00 DEOPT UNPACKING pc=0x000000011c230f2b sp=0x000070000a4f28e8 mode 0
Event: 7.948 Thread 0x00007fd9f67f5c00 DEOPT PACKING pc=0x000000011cbed02f sp=0x000070000a4f3420
Event: 7.948 Thread 0x00007fd9f67f5c00 DEOPT UNPACKING pc=0x000000011c230f2b sp=0x000070000a4f2958 mode 0
Event: 7.993 Thread 0x00007fd9f68e7a00 DEOPT PACKING pc=0x000000011cabb990 sp=0x00007000099489e0
Event: 7.993 Thread 0x00007fd9f68e7a00 DEOPT UNPACKING pc=0x000000011c230f2b sp=0x0000700009947e20 mode 0
Event: 8.162 Thread 0x00007fd9f67f5c00 DEOPT PACKING pc=0x000000011cbed02f sp=0x000070000a4f33b0
Event: 8.162 Thread 0x00007fd9f67f5c00 DEOPT UNPACKING pc=0x000000011c230f2b sp=0x000070000a4f28e8 mode 0
Event: 8.225 Thread 0x00007fd9f67f5c00 DEOPT PACKING pc=0x000000011cbed02f sp=0x000070000a4f3420
Event: 8.225 Thread 0x00007fd9f67f5c00 DEOPT UNPACKING pc=0x000000011c230f2b sp=0x000070000a4f2958 mode 0
Event: 8.424 Thread 0x00007fd9f67f5c00 DEOPT PACKING pc=0x000000011cbed02f sp=0x000070000a4f33b0
Event: 8.424 Thread 0x00007fd9f67f5c00 DEOPT UNPACKING pc=0x000000011c230f2b sp=0x000070000a4f28e8 mode 0
Event: 8.991 Thread 0x00007fd9f68e7a00 DEOPT PACKING pc=0x000000011ca7a83d sp=0x00007000099489a0
Event: 8.991 Thread 0x00007fd9f68e7a00 DEOPT UNPACKING pc=0x000000011c230f2b sp=0x0000700009947e50 mode 0
Event: 16.971 Thread 0x00007fd9f67f6200 DEOPT PACKING pc=0x000000011cc451b3 sp=0x000070000a5f6660
Event: 16.971 Thread 0x00007fd9f67f6200 DEOPT UNPACKING pc=0x000000011c230f2b sp=0x000070000a5f5b60 mode 0

Classes unloaded (0 events):
No events

Classes redefined (0 events):
No events

Internal exceptions (20 events):
Event: 1.699 Thread 0x00007fd9f78f5c00 Exception <a 'java/lang/ClassNotFoundException'{0x000000078726bfb0}: com/sun/javafx/scene/control/skin/resources/controls_fr> (0x000000078726bfb0) 
thrown [./src/hotspot/share/prims/jni.cpp, line 599]
Event: 1.700 Thread 0x00007fd9f78f5c00 Exception <a 'java/lang/ClassNotFoundException'{0x0000000787279838}: com/sun/javafx/scene/control/skin/resources/controls_fr_FR> (0x0000000787279838) 
thrown [./src/hotspot/share/prims/jni.cpp, line 599]
Event: 1.752 Thread 0x00007fd9f78f5c00 Exception <a 'java/lang/NoSuchMethodError'{0x000000078705a6c8}: 'void java.lang.invoke.DirectMethodHandle$Holder.invokeSpecial(java.lang.Object, java.lang.Object, java.lang.Object, java.lang.Object, java.lang.Object, java.lang.Object)'> (0x000000078705a6c8) 
thrown [./src/hotspot/share/interpreter/linkResolver.cpp, line 782]
Event: 2.036 Thread 0x00007fd9f78f5c00 Exception <a 'java/lang/NoSuchMethodError'{0x00000007866168e8}: 'java.lang.Object java.lang.invoke.DirectMethodHandle$Holder.newInvokeSpecial(java.lang.Object, java.lang.Object, int)'> (0x00000007866168e8) 
thrown [./src/hotspot/share/interpreter/linkResolver.cpp, line 782]
Event: 2.153 Thread 0x00007fd9f68e7a00 Exception <a 'java/lang/NoSuchMethodError'{0x0000000786565ca8}: 'int java.lang.invoke.DirectMethodHandle$Holder.invokeStaticInit(java.lang.Object, java.lang.Object)'> (0x0000000786565ca8) 
thrown [./src/hotspot/share/interpreter/linkResolver.cpp, line 782]
Event: 2.482 Thread 0x00007fd9f78f5c00 Exception <a 'java/lang/NoSuchMethodError'{0x0000000786671ae8}: 'long java.lang.invoke.DirectMethodHandle$Holder.invokeStatic(java.lang.Object, java.lang.Object, java.lang.Object)'> (0x0000000786671ae8) 
thrown [./src/hotspot/share/interpreter/linkResolver.cpp, line 782]
Event: 2.483 Thread 0x00007fd9f78f5c00 Exception <a 'java/lang/NoSuchMethodError'{0x0000000786675498}: 'long java.lang.invoke.DirectMethodHandle$Holder.invokeStaticInit(java.lang.Object, java.lang.Object, java.lang.Object)'> (0x0000000786675498) 
thrown [./src/hotspot/share/interpreter/linkResolver.cpp, line 782]
Event: 2.488 Thread 0x00007fd9f78f5c00 Exception <a 'java/lang/NoSuchMethodError'{0x000000078628d920}: 'java.lang.Object java.lang.invoke.DirectMethodHandle$Holder.newInvokeSpecial(java.lang.Object, java.lang.Object, long)'> (0x000000078628d920) 
thrown [./src/hotspot/share/interpreter/linkResolver.cpp, line 782]
Event: 2.488 Thread 0x00007fd9f78f5c00 Exception <a 'java/lang/NoSuchMethodError'{0x00000007862913e8}: 'java.lang.Object java.lang.invoke.Invokers$Holder.linkToTargetMethod(java.lang.Object, long, java.lang.Object)'> (0x00000007862913e8) 
thrown [./src/hotspot/share/interpreter/linkResolver.cpp, line 782]
Event: 3.827 Thread 0x00007fd9f78f5c00 Exception <a 'java/lang/NoSuchMethodError'{0x00000007862f5c88}: 'java.lang.Object java.lang.invoke.DirectMethodHandle$Holder.newInvokeSpecial(java.lang.Object, java.lang.Object, long, int, int, int)'> (0x00000007862f5c88) 
thrown [./src/hotspot/share/interpreter/linkResolver.cpp, line 782]
Event: 3.829 Thread 0x00007fd9f78f5c00 Exception <a 'java/lang/NoSuchMethodError'{0x000000078600d128}: 'java.lang.Object java.lang.invoke.DirectMethodHandle$Holder.newInvokeSpecial(java.lang.Object, java.lang.Object, int, java.lang.Object, long, int, int, int, int)'> (0x000000078600d128) 
thrown [./src/hotspot/share/interpreter/linkResolver.cpp, line 782]
Event: 4.710 Thread 0x00007fd9f78f5c00 Exception <a 'java/lang/NoSuchMethodError'{0x00000007860a8ba8}: 'java.lang.Object java.lang.invoke.DirectMethodHandle$Holder.newInvokeSpecial(java.lang.Object, java.lang.Object, int, int, int, int, int, java.lang.Object)'> (0x00000007860a8ba8) 
thrown [./src/hotspot/share/interpreter/linkResolver.cpp, line 782]
Event: 4.711 Thread 0x00007fd9f78f5c00 Exception <a 'java/lang/NoSuchMethodError'{0x00000007860bc718}: 'java.lang.Object java.lang.invoke.DirectMethodHandle$Holder.newInvokeSpecial(java.lang.Object, java.lang.Object, java.lang.Object, int, int, int, int, int)'> (0x00000007860bc718) 
thrown [./src/hotspot/share/interpreter/linkResolver.cpp, line 782]
Event: 4.714 Thread 0x00007fd9f78f5c00 Exception <a 'java/lang/NoSuchMethodError'{0x00000007860c4278}: 'java.lang.Object java.lang.invoke.Invokers$Holder.linkToTargetMethod(java.lang.Object, java.lang.Object, int, int, int, int, int, java.lang.Object)'> (0x00000007860c4278) 
thrown [./src/hotspot/share/interpreter/linkResolver.cpp, line 782]
Event: 4.837 Thread 0x00007fd9f78f5c00 Exception <a 'java/lang/NoSuchMethodError'{0x0000000785e67db0}: 'int java.lang.invoke.DirectMethodHandle$Holder.invokeStaticInit(java.lang.Object, java.lang.Object, java.lang.Object, java.lang.Object)'> (0x0000000785e67db0) 
thrown [./src/hotspot/share/interpreter/linkResolver.cpp, line 782]
Event: 4.838 Thread 0x00007fd9f78f5c00 Exception <a 'java/lang/NoSuchMethodError'{0x0000000785e71e60}: 'java.lang.Object java.lang.invoke.DirectMethodHandle$Holder.invokeInterface(java.lang.Object, java.lang.Object)'> (0x0000000785e71e60) 
thrown [./src/hotspot/share/interpreter/linkResolver.cpp, line 782]
Event: 4.838 Thread 0x00007fd9f78f5c00 Exception <a 'java/lang/IncompatibleClassChangeError'{0x0000000785e75b00}: Found class java.lang.Object, but interface was expected> (0x0000000785e75b00) 
thrown [./src/hotspot/share/interpreter/linkResolver.cpp, line 848]
Event: 5.565 Thread 0x00007fd9f78f5c00 Exception <a 'java/lang/NoSuchMethodError'{0x00000007833cbb80}: 'java.lang.Object java.lang.invoke.DirectMethodHandle$Holder.newInvokeSpecial(java.lang.Object, java.lang.Object, java.lang.Object, java.lang.Object, java.lang.Object, java.lang.Object, java.lang.Object)'> (0x00000007833cbb80) 
thrown [./src/hotspot/share/interpreter/linkResolver.cpp, line 782]
Event: 5.566 Thread 0x00007fd9f78f5c00 Exception <a 'java/lang/NoSuchMethodError'{0x00000007833d0938}: 'java.lang.Object java.lang.invoke.Invokers$Holder.linkToTargetMethod(java.lang.Object, java.lang.Object, java.lang.Object, java.lang.Object, java.lang.Object, java.lang.Object, java.lang.Object)'> (0x00000007833d0938) 
thrown [./src/hotspot/share/interpreter/linkResolver.cpp, line 782]
Event: 9.037 Thread 0x00007fd9f67f6200 Exception <a 'java/lang/UnsatisfiedLinkError'{0x0000000784d817e0}: 'java.lang.String org.tensorflow.TensorFlow.version()'> (0x0000000784d817e0) 
thrown [./src/hotspot/share/prims/nativeLookup.cpp, line 530]

Events (20 events):
Event: 17.555 Executing VM operation: G1Concurrent
Event: 17.557 Executing VM operation: G1Concurrent done
Event: 17.568 Executing VM operation: G1Concurrent
Event: 17.568 Executing VM operation: G1Concurrent done
Event: 17.593 Executing VM operation: G1TryInitiateConcMark
Event: 17.594 Executing VM operation: G1TryInitiateConcMark done
Event: 17.594 Executing VM operation: HandshakeAllThreads
Event: 17.595 Executing VM operation: HandshakeAllThreads done
Event: 17.618 Executing VM operation: G1Concurrent
Event: 17.621 Executing VM operation: G1Concurrent done
Event: 17.621 Executing VM operation: HandshakeAllThreads
Event: 17.621 Executing VM operation: HandshakeAllThreads done
Event: 17.636 Executing VM operation: G1Concurrent
Event: 17.636 Executing VM operation: G1Concurrent done
Event: 17.636 Executing VM operation: HandshakeAllThreads
Event: 17.636 Executing VM operation: HandshakeAllThreads done
Event: 18.194 Protecting memory [0x000070000a803000,0x000070000a807000] with protection modes 3
Event: 18.194 Thread 0x00007fd9fa94cc00 Thread exited: 0x00007fd9fa94cc00
Event: 18.641 Executing VM operation: HandshakeAllThreads
Event: 18.641 Executing VM operation: HandshakeAllThreads done


Dynamic libraries:
0x00007fff5ed52000 	/usr/lib/libz.1.dylib
0x000000010cd8e000 	/Library/Java/JavaVirtualMachines/adoptopenjdk-15.jdk/Contents/Home/lib/libjli.dylib
0x00007fff32ec3000 	/System/Library/Frameworks/Cocoa.framework/Versions/A/Cocoa
0x00007fff3ec67000 	/System/Library/Frameworks/Security.framework/Versions/A/Security
0x00007fff31b56000 	/System/Library/Frameworks/ApplicationServices.framework/Versions/A/ApplicationServices
0x00007fff5c6ac000 	/usr/lib/libSystem.B.dylib
0x00007fff5f548000 	/usr/lib/system/libcache.dylib
0x00007fff5f54d000 	/usr/lib/system/libcommonCrypto.dylib
0x00007fff5f558000 	/usr/lib/system/libcompiler_rt.dylib
0x00007fff5f560000 	/usr/lib/system/libcopyfile.dylib
0x00007fff5f56a000 	/usr/lib/system/libcorecrypto.dylib
0x00007fff5f675000 	/usr/lib/system/libdispatch.dylib
0x00007fff5f6af000 	/usr/lib/system/libdyld.dylib
0x00007fff5f6dc000 	/usr/lib/system/libkeymgr.dylib
0x00007fff5f6ea000 	/usr/lib/system/liblaunch.dylib
0x00007fff5f6eb000 	/usr/lib/system/libmacho.dylib
0x00007fff5f6f1000 	/usr/lib/system/libquarantine.dylib
0x00007fff5f6f4000 	/usr/lib/system/libremovefile.dylib
0x00007fff5f6f6000 	/usr/lib/system/libsystem_asl.dylib
0x00007fff5f70e000 	/usr/lib/system/libsystem_blocks.dylib
0x00007fff5f70f000 	/usr/lib/system/libsystem_c.dylib
0x00007fff5f797000 	/usr/lib/system/libsystem_configuration.dylib
0x00007fff5f79b000 	/usr/lib/system/libsystem_coreservices.dylib
0x00007fff5f79f000 	/usr/lib/system/libsystem_darwin.dylib
0x00007fff5f7a6000 	/usr/lib/system/libsystem_dnssd.dylib
0x00007fff5f7ad000 	/usr/lib/system/libsystem_info.dylib
0x00007fff5f822000 	/usr/lib/system/libsystem_m.dylib
0x00007fff5f86e000 	/usr/lib/system/libsystem_malloc.dylib
0x00007fff5f899000 	/usr/lib/system/libsystem_networkextension.dylib
0x00007fff5f8a4000 	/usr/lib/system/libsystem_notify.dylib
0x00007fff5f8c1000 	/usr/lib/system/libsystem_sandbox.dylib
0x00007fff5f8c5000 	/usr/lib/system/libsystem_secinit.dylib
0x00007fff5f7f9000 	/usr/lib/system/libsystem_kernel.dylib
0x00007fff5f8ac000 	/usr/lib/system/libsystem_platform.dylib
0x00007fff5f8b6000 	/usr/lib/system/libsystem_pthread.dylib
0x00007fff5f8c8000 	/usr/lib/system/libsystem_symptoms.dylib
0x00007fff5f8d0000 	/usr/lib/system/libsystem_trace.dylib
0x00007fff5f8e7000 	/usr/lib/system/libunwind.dylib
0x00007fff5f8ed000 	/usr/lib/system/libxpc.dylib
0x00007fff5dee3000 	/usr/lib/libobjc.A.dylib
0x00007fff5c943000 	/usr/lib/libc++abi.dylib
0x00007fff5c8ef000 	/usr/lib/libc++.1.dylib
0x00007fff33738000 	/System/Library/Frameworks/CoreFoundation.framework/Versions/A/CoreFoundation
0x00007fff359ba000 	/System/Library/Frameworks/Foundation.framework/Versions/C/Foundation
0x00007fff30d4f000 	/System/Library/Frameworks/AppKit.framework/Versions/C/AppKit
0x00007fff332c1000 	/System/Library/Frameworks/CoreData.framework/Versions/A/CoreData
0x00007fff56172000 	/System/Library/PrivateFrameworks/RemoteViewServices.framework/Versions/A/RemoteViewServices
0x00007fff5a3e9000 	/System/Library/PrivateFrameworks/UIFoundation.framework/Versions/A/UIFoundation
0x00007fff5bacd000 	/System/Library/PrivateFrameworks/XCTTargetBootstrap.framework/Versions/A/XCTTargetBootstrap
0x00007fff33647000 	/System/Library/Frameworks/CoreDisplay.framework/Versions/A/CoreDisplay
0x00007fff50eac000 	/System/Library/PrivateFrameworks/IconServices.framework/Versions/A/IconServices
0x00007fff382db000 	/System/Library/Frameworks/Metal.framework/Versions/A/Metal
0x00007fff483f1000 	/System/Library/PrivateFrameworks/DesktopServicesPriv.framework/Versions/A/DesktopServicesPriv
0x00007fff5d246000 	/usr/lib/libenergytrace.dylib
0x00007fff588d0000 	/System/Library/PrivateFrameworks/SkyLight.framework/Versions/A/SkyLight
0x00007fff33b7e000 	/System/Library/Frameworks/CoreGraphics.framework/Versions/A/CoreGraphics
0x00007fff2fb1b000 	/System/Library/Frameworks/Accelerate.framework/Versions/A/Accelerate
0x00007fff36103000 	/System/Library/Frameworks/IOSurface.framework/Versions/A/IOSurface
0x00007fff4825d000 	/System/Library/PrivateFrameworks/DFRFoundation.framework/Versions/A/DFRFoundation
0x00007fff32039000 	/System/Library/Frameworks/AudioToolbox.framework/Versions/A/AudioToolbox
0x00007fff322b2000 	/System/Library/Frameworks/AudioUnit.framework/Versions/A/AudioUnit
0x00007fff482f2000 	/System/Library/PrivateFrameworks/DataDetectorsCore.framework/Versions/A/DataDetectorsCore
0x00007fff329c6000 	/System/Library/Frameworks/Carbon.framework/Versions/A/Frameworks/HIToolbox.framework/Versions/A/HIToolbox
0x00007fff5d39f000 	/usr/lib/libicucore.A.dylib
0x00007fff3e1da000 	/System/Library/Frameworks/QuartzCore.framework/Versions/A/QuartzCore
0x00007fff32d9b000 	/System/Library/Frameworks/Carbon.framework/Versions/A/Frameworks/SpeechRecognition.framework/Versions/A/SpeechRecognition
0x00007fff5c800000 	/usr/lib/libauto.dylib
0x00007fff5ec46000 	/usr/lib/libxml2.2.dylib
0x00007fff47e38000 	/System/Library/PrivateFrameworks/CoreUI.framework/Versions/A/CoreUI
0x00007fff331ac000 	/System/Library/Frameworks/CoreAudio.framework/Versions/A/CoreAudio
0x00007fff357ef000 	/System/Library/Frameworks/DiskArbitration.framework/Versions/A/DiskArbitration
0x00007fff5d64d000 	/usr/lib/liblangid.dylib
0x00007fff522b7000 	/System/Library/PrivateFrameworks/MultitouchSupport.framework/Versions/A/MultitouchSupport
0x00007fff36072000 	/System/Library/Frameworks/IOKit.framework/Versions/A/IOKit
0x00007fff5c26c000 	/usr/lib/libDiagnosticMessagesClient.dylib
0x00007fff3498d000 	/System/Library/Frameworks/CoreServices.framework/Versions/A/CoreServices
0x00007fff53f71000 	/System/Library/PrivateFrameworks/PerformanceAnalysis.framework/Versions/A/PerformanceAnalysis
0x00007fff3d3c8000 	/System/Library/Frameworks/OpenGL.framework/Versions/A/OpenGL
0x00007fff32ed1000 	/System/Library/Frameworks/ColorSync.framework/Versions/A/ColorSync
0x00007fff3420f000 	/System/Library/Frameworks/CoreImage.framework/Versions/A/CoreImage
0x00007fff35365000 	/System/Library/Frameworks/CoreText.framework/Versions/A/CoreText
0x00007fff36166000 	/System/Library/Frameworks/ImageIO.framework/Versions/A/ImageIO
0x00007fff4448a000 	/System/Library/PrivateFrameworks/Backup.framework/Versions/A/Backup
0x00007fff5c753000 	/usr/lib/libarchive.2.dylib
0x00007fff3260b000 	/System/Library/Frameworks/CFNetwork.framework/Versions/A/CFNetwork
0x00007fff3f3c3000 	/System/Library/Frameworks/SystemConfiguration.framework/Versions/A/SystemConfiguration
0x00007fff5c19d000 	/usr/lib/libCRFSuite.dylib
0x00007fff5c8d0000 	/usr/lib/libbsm.0.dylib
0x00007fff5f6dd000 	/usr/lib/system/libkxld.dylib
0x00007fff4387b000 	/System/Library/PrivateFrameworks/AppleFSCompression.framework/Versions/A/AppleFSCompression
0x00007fff5c56c000 	/usr/lib/libOpenScriptingUtil.dylib
0x00007fff5cbf8000 	/usr/lib/libcoretls.dylib
0x00007fff5cc0f000 	/usr/lib/libcoretls_cfhelpers.dylib
0x00007fff5e67a000 	/usr/lib/libpam.2.dylib
0x00007fff5e83a000 	/usr/lib/libsqlite3.dylib
0x00007fff5ec34000 	/usr/lib/libxar.1.dylib
0x00007fff5c8e1000 	/usr/lib/libbz2.1.0.dylib
0x00007fff5d64f000 	/usr/lib/liblzma.5.dylib
0x00007fff5db00000 	/usr/lib/libnetwork.dylib
0x00007fff5c73c000 	/usr/lib/libapple_nghttp2.dylib
0x00007fff5e681000 	/usr/lib/libpcap.A.dylib
0x00007fff34d2c000 	/System/Library/Frameworks/CoreServices.framework/Versions/A/Frameworks/FSEvents.framework/Versions/A/FSEvents
0x00007fff34a0b000 	/System/Library/Frameworks/CoreServices.framework/Versions/A/Frameworks/CarbonCore.framework/Versions/A/CarbonCore
0x00007fff34ee7000 	/System/Library/Frameworks/CoreServices.framework/Versions/A/Frameworks/Metadata.framework/Versions/A/Metadata
0x00007fff34f86000 	/System/Library/Frameworks/CoreServices.framework/Versions/A/Frameworks/OSServices.framework/Versions/A/OSServices
0x00007fff34fd1000 	/System/Library/Frameworks/CoreServices.framework/Versions/A/Frameworks/SearchKit.framework/Versions/A/SearchKit
0x00007fff3498e000 	/System/Library/Frameworks/CoreServices.framework/Versions/A/Frameworks/AE.framework/Versions/A/AE
0x00007fff34d35000 	/System/Library/Frameworks/CoreServices.framework/Versions/A/Frameworks/LaunchServices.framework/Versions/A/LaunchServices
0x00007fff34ce3000 	/System/Library/Frameworks/CoreServices.framework/Versions/A/Frameworks/DictionaryServices.framework/Versions/A/DictionaryServices
0x00007fff35039000 	/System/Library/Frameworks/CoreServices.framework/Versions/A/Frameworks/SharedFileList.framework/Versions/A/SharedFileList
0x00007fff393a3000 	/System/Library/Frameworks/NetFS.framework/Versions/A/NetFS
0x00007fff5251d000 	/System/Library/PrivateFrameworks/NetAuth.framework/Versions/A/NetAuth
0x00007fff5bed1000 	/System/Library/PrivateFrameworks/login.framework/Versions/A/Frameworks/loginsupport.framework/Versions/A/loginsupport
0x00007fff59ff2000 	/System/Library/PrivateFrameworks/TCC.framework/Versions/A/TCC
0x00007fff47495000 	/System/Library/PrivateFrameworks/CoreNLP.framework/Versions/A/CoreNLP
0x00007fff51fb2000 	/System/Library/PrivateFrameworks/MetadataUtilities.framework/Versions/A/MetadataUtilities
0x00007fff5d724000 	/usr/lib/libmecabra.dylib
0x00007fff31b57000 	/System/Library/Frameworks/ApplicationServices.framework/Versions/A/Frameworks/ATS.framework/Versions/A/ATS
0x00007fff31ea6000 	/System/Library/Frameworks/ApplicationServices.framework/Versions/A/Frameworks/ColorSyncLegacy.framework/Versions/A/ColorSyncLegacy
0x00007fff31f45000 	/System/Library/Frameworks/ApplicationServices.framework/Versions/A/Frameworks/HIServices.framework/Versions/A/HIServices
0x00007fff31f98000 	/System/Library/Frameworks/ApplicationServices.framework/Versions/A/Frameworks/LangAnalysis.framework/Versions/A/LangAnalysis
0x00007fff31fa8000 	/System/Library/Frameworks/ApplicationServices.framework/Versions/A/Frameworks/PrintCore.framework/Versions/A/PrintCore
0x00007fff31ff2000 	/System/Library/Frameworks/ApplicationServices.framework/Versions/A/Frameworks/QD.framework/Versions/A/QD
0x00007fff3202c000 	/System/Library/Frameworks/ApplicationServices.framework/Versions/A/Frameworks/SpeechSynthesis.framework/Versions/A/SpeechSynthesis
0x00007fff5c96b000 	/usr/lib/libcompression.dylib
0x00007fff385ab000 	/System/Library/Frameworks/MetalPerformanceShaders.framework/Versions/A/MetalPerformanceShaders
0x00007fff2fb33000 	/System/Library/Frameworks/Accelerate.framework/Versions/A/Frameworks/vImage.framework/Versions/A/vImage
0x00007fff30bad000 	/System/Library/Frameworks/Accelerate.framework/Versions/A/Frameworks/vecLib.framework/Versions/A/vecLib
0x00007fff30af9000 	/System/Library/Frameworks/Accelerate.framework/Versions/A/Frameworks/vecLib.framework/Versions/A/libvMisc.dylib
0x00007fff30911000 	/System/Library/Frameworks/Accelerate.framework/Versions/A/Frameworks/vecLib.framework/Versions/A/libvDSP.dylib
0x00007fff301cd000 	/System/Library/Frameworks/Accelerate.framework/Versions/A/Frameworks/vecLib.framework/Versions/A/libBLAS.dylib
0x00007fff304ba000 	/System/Library/Frameworks/Accelerate.framework/Versions/A/Frameworks/vecLib.framework/Versions/A/libLAPACK.dylib
0x00007fff30864000 	/System/Library/Frameworks/Accelerate.framework/Versions/A/Frameworks/vecLib.framework/Versions/A/libLinearAlgebra.dylib
0x00007fff308fd000 	/System/Library/Frameworks/Accelerate.framework/Versions/A/Frameworks/vecLib.framework/Versions/A/libSparseBLAS.dylib
0x00007fff3087a000 	/System/Library/Frameworks/Accelerate.framework/Versions/A/Frameworks/vecLib.framework/Versions/A/libQuadrature.dylib
0x00007fff30447000 	/System/Library/Frameworks/Accelerate.framework/Versions/A/Frameworks/vecLib.framework/Versions/A/libBNNS.dylib
0x00007fff30880000 	/System/Library/Frameworks/Accelerate.framework/Versions/A/Frameworks/vecLib.framework/Versions/A/libSparse.dylib
0x00007fff4e7e3000 	/System/Library/PrivateFrameworks/GPUWrangler.framework/Versions/A/GPUWrangler
0x00007fff50ae1000 	/System/Library/PrivateFrameworks/IOAccelerator.framework/Versions/A/IOAccelerator
0x00007fff50aec000 	/System/Library/PrivateFrameworks/IOPresentment.framework/Versions/A/IOPresentment
0x00007fff4826d000 	/System/Library/PrivateFrameworks/DSExternalDisplay.framework/Versions/A/DSExternalDisplay
0x00007fff3c81f000 	/System/Library/Frameworks/OpenGL.framework/Versions/A/Libraries/libCoreFSCache.dylib
0x00007fff3839f000 	/System/Library/Frameworks/MetalPerformanceShaders.framework/Frameworks/MPSCore.framework/Versions/A/MPSCore
0x00007fff383bf000 	/System/Library/Frameworks/MetalPerformanceShaders.framework/Frameworks/MPSImage.framework/Versions/A/MPSImage
0x00007fff38464000 	/System/Library/Frameworks/MetalPerformanceShaders.framework/Frameworks/MPSNeuralNetwork.framework/Versions/A/MPSNeuralNetwork
0x00007fff3843c000 	/System/Library/Frameworks/MetalPerformanceShaders.framework/Frameworks/MPSMatrix.framework/Versions/A/MPSMatrix
0x00007fff38590000 	/System/Library/Frameworks/MetalPerformanceShaders.framework/Frameworks/MPSRayIntersector.framework/Versions/A/MPSRayIntersector
0x00007fff51fdb000 	/System/Library/PrivateFrameworks/MetalTools.framework/Versions/A/MetalTools
0x00007fff43125000 	/System/Library/PrivateFrameworks/AggregateDictionary.framework/Versions/A/AggregateDictionary
0x00007fff5c54c000 	/usr/lib/libMobileGestalt.dylib
0x00007fff354c8000 	/System/Library/Frameworks/CoreVideo.framework/Versions/A/CoreVideo
0x00007fff4f5f4000 	/System/Library/PrivateFrameworks/GraphVisualizer.framework/Versions/A/GraphVisualizer
0x00007fff49473000 	/System/Library/PrivateFrameworks/FaceCore.framework/Versions/A/FaceCore
0x00007fff3be4d000 	/System/Library/Frameworks/OpenCL.framework/Versions/A/OpenCL
0x00007fff5c2a4000 	/usr/lib/libFosl_dynamic.dylib
0x00007fff52d88000 	/System/Library/PrivateFrameworks/OTSVG.framework/Versions/A/OTSVG
0x00007fff31c5b000 	/System/Library/Frameworks/ApplicationServices.framework/Versions/A/Frameworks/ATS.framework/Versions/A/Resources/libFontParser.dylib
0x00007fff31d73000 	/System/Library/Frameworks/ApplicationServices.framework/Versions/A/Frameworks/ATS.framework/Versions/A/Resources/libFontRegistry.dylib
0x00007fff363d4000 	/System/Library/Frameworks/ImageIO.framework/Versions/A/Resources/libJPEG.dylib
0x00007fff366e6000 	/System/Library/Frameworks/ImageIO.framework/Versions/A/Resources/libTIFF.dylib
0x00007fff366bc000 	/System/Library/Frameworks/ImageIO.framework/Versions/A/Resources/libPng.dylib
0x00007fff362f2000 	/System/Library/Frameworks/ImageIO.framework/Versions/A/Resources/libGIF.dylib
0x00007fff362f7000 	/System/Library/Frameworks/ImageIO.framework/Versions/A/Resources/libJP2.dylib
0x00007fff366e3000 	/System/Library/Frameworks/ImageIO.framework/Versions/A/Resources/libRadiance.dylib
0x00007fff439d2000 	/System/Library/PrivateFrameworks/AppleJPEG.framework/Versions/A/AppleJPEG
0x00007fff3c82a000 	/System/Library/Frameworks/OpenGL.framework/Versions/A/Libraries/libGFXShared.dylib
0x00007fff3c9ed000 	/System/Library/Frameworks/OpenGL.framework/Versions/A/Libraries/libGLU.dylib
0x00007fff3c833000 	/System/Library/Frameworks/OpenGL.framework/Versions/A/Libraries/libGL.dylib
0x00007fff3c83f000 	/System/Library/Frameworks/OpenGL.framework/Versions/A/Libraries/libGLImage.dylib
0x00007fff3c81c000 	/System/Library/Frameworks/OpenGL.framework/Versions/A/Libraries/libCVMSPluginSupport.dylib
0x00007fff3c825000 	/System/Library/Frameworks/OpenGL.framework/Versions/A/Libraries/libCoreVMClient.dylib
0x00007fff5d0bc000 	/usr/lib/libcups.2.dylib
0x00007fff378a6000 	/System/Library/Frameworks/Kerberos.framework/Versions/A/Kerberos
0x00007fff35dd6000 	/System/Library/Frameworks/GSS.framework/Versions/A/GSS
0x00007fff5e7cf000 	/usr/lib/libresolv.9.dylib
0x00007fff5d2ae000 	/usr/lib/libiconv.2.dylib
0x00007fff4f769000 	/System/Library/PrivateFrameworks/Heimdal.framework/Versions/A/Heimdal
0x00007fff5d27e000 	/usr/lib/libheimdal-asn1.dylib
0x00007fff3bec1000 	/System/Library/Frameworks/OpenDirectory.framework/Versions/A/OpenDirectory
0x00007fff461f8000 	/System/Library/PrivateFrameworks/CommonAuth.framework/Versions/A/CommonAuth
0x00007fff3bea5000 	/System/Library/Frameworks/OpenDirectory.framework/Versions/A/Frameworks/CFOpenDirectory.framework/Versions/A/CFOpenDirectory
0x00007fff3ef68000 	/System/Library/Frameworks/SecurityFoundation.framework/Versions/A/SecurityFoundation
0x00007fff4266c000 	/System/Library/PrivateFrameworks/APFS.framework/Versions/A/APFS
0x00007fff5ec30000 	/usr/lib/libutil.dylib
0x00007fff5c959000 	/usr/lib/libcharset.1.dylib
0x00007fff43c6f000 	/System/Library/PrivateFrameworks/AppleSauce.framework/Versions/A/AppleSauce
0x00007fff43df0000 	/System/Library/PrivateFrameworks/AssertionServices.framework/Versions/A/AssertionServices
0x00007fff44520000 	/System/Library/PrivateFrameworks/BaseBoard.framework/Versions/A/BaseBoard
0x00007fff5d67f000 	/usr/lib/libmecab.1.0.0.dylib
0x00007fff5d278000 	/usr/lib/libgermantok.dylib
0x00007fff5c729000 	/usr/lib/libThaiTokenizer.dylib
0x00007fff5c1d4000 	/usr/lib/libChineseTokenizer.dylib
0x00007fff51199000 	/System/Library/PrivateFrameworks/LanguageModeling.framework/Versions/A/LanguageModeling
0x00007fff46eda000 	/System/Library/PrivateFrameworks/CoreEmoji.framework/Versions/A/CoreEmoji
0x00007fff51275000 	/System/Library/PrivateFrameworks/Lexicon.framework/Versions/A/Lexicon
0x00007fff512b8000 	/System/Library/PrivateFrameworks/LinguisticData.framework/Versions/A/LinguisticData
0x00007fff5c95a000 	/usr/lib/libcmph.dylib
0x00007fff3f026000 	/System/Library/Frameworks/ServiceManagement.framework/Versions/A/ServiceManagement
0x00007fff44481000 	/System/Library/PrivateFrameworks/BackgroundTaskManagement.framework/Versions/A/BackgroundTaskManagement
0x00007fff5ed29000 	/usr/lib/libxslt.1.dylib
0x00007fff32cc8000 	/System/Library/Frameworks/Carbon.framework/Versions/A/Frameworks/Ink.framework/Versions/A/Ink
0x00007fff5a264000 	/System/Library/PrivateFrameworks/TextureIO.framework/Versions/A/TextureIO
0x00007fff5c77d000 	/usr/lib/libate.dylib
0x00007fff481bc000 	/System/Library/PrivateFrameworks/CrashReporterSupport.framework/Versions/A/CrashReporterSupport
0x00007fff5799e000 	/System/Library/PrivateFrameworks/Sharing.framework/Versions/A/Sharing
0x00007fff441d3000 	/System/Library/PrivateFrameworks/AuthKit.framework/Versions/A/AuthKit
0x00007fff43727000 	/System/Library/PrivateFrameworks/Apple80211.framework/Versions/A/Apple80211
0x00007fff47f64000 	/System/Library/PrivateFrameworks/CoreUtils.framework/Versions/A/CoreUtils
0x00007fff35509000 	/System/Library/Frameworks/CoreWLAN.framework/Versions/A/CoreWLAN
0x00007fff35f05000 	/System/Library/Frameworks/IOBluetooth.framework/Versions/A/IOBluetooth
0x00007fff55e12000 	/System/Library/PrivateFrameworks/ProtocolBuffer.framework/Versions/A/ProtocolBuffer
0x00007fff52213000 	/System/Library/PrivateFrameworks/MobileKeyBag.framework/Versions/A/MobileKeyBag
0x00007fff477a8000 	/System/Library/PrivateFrameworks/CorePhoneNumbers.framework/Versions/A/CorePhoneNumbers
0x00007fff43986000 	/System/Library/PrivateFrameworks/AppleIDAuthSupport.framework/Versions/A/AppleIDAuthSupport
0x00007fff5116c000 	/System/Library/PrivateFrameworks/KeychainCircle.framework/Versions/A/KeychainCircle
0x00007fff55fc8000 	/System/Library/PrivateFrameworks/ROCKit.framework/Versions/A/ROCKit
0x00007fff48158000 	/System/Library/PrivateFrameworks/CoreWiFi.framework/Versions/A/CoreWiFi
0x00007fff33296000 	/System/Library/Frameworks/CoreBluetooth.framework/Versions/A/CoreBluetooth
0x00007fff483b3000 	/System/Library/PrivateFrameworks/DebugSymbols.framework/Versions/A/DebugSymbols
0x00007fff47d24000 	/System/Library/PrivateFrameworks/CoreSymbolication.framework/Versions/A/CoreSymbolication
0x00007fff59a7f000 	/System/Library/PrivateFrameworks/Symbolication.framework/Versions/A/Symbolication
0x00007fff59322000 	/System/Library/PrivateFrameworks/SpeechRecognitionCore.framework/Versions/A/SpeechRecognitionCore
0x000000010cdb8000 	/Library/Java/JavaVirtualMachines/adoptopenjdk-15.jdk/Contents/Home/lib/server/libjvm.dylib
0x000000010de81000 	/Library/Java/JavaVirtualMachines/adoptopenjdk-15.jdk/Contents/Home/lib/libjimage.dylib
0x000000010ded7000 	/Library/Java/JavaVirtualMachines/adoptopenjdk-15.jdk/Contents/Home/lib/libjava.dylib
0x000000012db73000 	/Library/Java/JavaVirtualMachines/adoptopenjdk-15.jdk/Contents/Home/lib/libnio.dylib
0x000000012db87000 	/Library/Java/JavaVirtualMachines/adoptopenjdk-15.jdk/Contents/Home/lib/./libnet.dylib
0x000000012dc36000 	/Library/Java/JavaVirtualMachines/adoptopenjdk-15.jdk/Contents/Home/lib/libzip.dylib
0x000000012dce9000 	/Users/marinebijon/.openjfx/cache/15.0.1/libprism_es2.dylib
0x00007fff4792c000 	/System/Library/PrivateFrameworks/CoreServicesInternal.framework/Versions/A/CoreServicesInternal
0x00007fff3d3d8000 	/System/Library/Frameworks/OpenGL.framework/Versions/A/Resources/GLEngine.bundle/GLEngine
0x00007fff3c87a000 	/System/Library/Frameworks/OpenGL.framework/Versions/A/Libraries/libGLProgrammability.dylib
0x00007fff2bf08000 	/System/Library/Extensions/AppleIntelKBLGraphicsGLDriver.bundle/Contents/MacOS/AppleIntelKBLGraphicsGLDriver
0x00007fff4e7d7000 	/System/Library/PrivateFrameworks/GPUSupport.framework/Versions/A/Libraries/libGPUSupportMercury.dylib
0x00007fff3d570000 	/System/Library/Frameworks/OpenGL.framework/Versions/A/Resources/GLRendererFloat.bundle/GLRendererFloat
0x00007fff3be44000 	/System/Library/Frameworks/OpenCL.framework/Versions/A/Libraries/libcldcpuengine.dylib
0x00007fff5cdae000 	/usr/lib/libcrypto.35.dylib
0x00007fff5a3e2000 	/System/Library/PrivateFrameworks/TrustEvaluationAgent.framework/Versions/A/TrustEvaluationAgent
0x000000012e529000 	/Users/marinebijon/.openjfx/cache/15.0.1/libglass.dylib
0x00007fff27e9a000 	/System/Library/CoreServices/RawCamera.bundle/Contents/MacOS/RawCamera
0x00007fff5207f000 	/System/Library/PrivateFrameworks/MobileAsset.framework/Versions/A/MobileAsset
0x00007fff599cd000 	/System/Library/PrivateFrameworks/StreamingZip.framework/Versions/A/StreamingZip
0x00007fff37c33000 	/System/Library/Frameworks/MediaToolbox.framework/Versions/A/MediaToolbox
0x00007fff46a7e000 	/System/Library/PrivateFrameworks/CoreAVCHD.framework/Versions/A/CoreAVCHD
0x00007fff37b79000 	/System/Library/Frameworks/MediaAccessibility.framework/Versions/A/MediaAccessibility
0x00007fff51adb000 	/System/Library/PrivateFrameworks/Mangrove.framework/Versions/A/Mangrove
0x00007fff3482c000 	/System/Library/Frameworks/CoreMedia.framework/Versions/A/CoreMedia
0x00007fff3f68f000 	/System/Library/Frameworks/VideoToolbox.framework/Versions/A/VideoToolbox
0x00007fff4669a000 	/System/Library/PrivateFrameworks/CoreAUC.framework/Versions/A/CoreAUC
0x00007fff5e838000 	/usr/lib/libspindump.dylib
0x00007fff43d55000 	/System/Library/PrivateFrameworks/AppleVA.framework/Versions/A/AppleVA
0x00007fff2fb1c000 	/System/Library/Frameworks/Accelerate.framework/Versions/A/Frameworks/vImage.framework/Versions/A/Libraries/libCGInterfaces.dylib
0x00007fff5b21c000 	/System/Library/PrivateFrameworks/ViewBridge.framework/Versions/A/ViewBridge
0x00000001321f3000 	/Library/Java/JavaVirtualMachines/adoptopenjdk-15.jdk/Contents/Home/lib/libawt.dylib
0x00000001322aa000 	/Library/Java/JavaVirtualMachines/adoptopenjdk-15.jdk/Contents/Home/lib/./libmlib_image.dylib
0x00007fff3788f000 	/System/Library/Frameworks/JavaVM.framework/Versions/A/Frameworks/JavaNativeFoundation.framework/Versions/A/JavaNativeFoundation
0x00007fff37898000 	/System/Library/Frameworks/JavaVM.framework/Versions/A/Frameworks/JavaRuntimeSupport.framework/Versions/A/JavaRuntimeSupport
0x00007fff378a1000 	/System/Library/Frameworks/JavaVM.framework/Versions/A/JavaVM
0x00007fff5108b000 	/System/Library/PrivateFrameworks/JavaLaunching.framework/Versions/A/JavaLaunching
0x00007fff329c1000 	/System/Library/Frameworks/Carbon.framework/Versions/A/Carbon
0x00007fff329c2000 	/System/Library/Frameworks/Carbon.framework/Versions/A/Frameworks/CommonPanels.framework/Versions/A/CommonPanels
0x00007fff32cbe000 	/System/Library/Frameworks/Carbon.framework/Versions/A/Frameworks/Help.framework/Versions/A/Help
0x00007fff32cc2000 	/System/Library/Frameworks/Carbon.framework/Versions/A/Frameworks/ImageCapture.framework/Versions/A/ImageCapture
0x00007fff32d5e000 	/System/Library/Frameworks/Carbon.framework/Versions/A/Frameworks/OpenScripting.framework/Versions/A/OpenScripting
0x00007fff32d96000 	/System/Library/Frameworks/Carbon.framework/Versions/A/Frameworks/Print.framework/Versions/A/Print
0x00007fff32d98000 	/System/Library/Frameworks/Carbon.framework/Versions/A/Frameworks/SecurityHI.framework/Versions/A/SecurityHI
0x0000000132364000 	/Library/Java/JavaVirtualMachines/adoptopenjdk-15.jdk/Contents/Home/lib/libawt_lwawt.dylib
0x0000000132414000 	/Library/Java/JavaVirtualMachines/adoptopenjdk-15.jdk/Contents/Home/lib/./libosxapp.dylib
0x00007fff35993000 	/System/Library/Frameworks/ExceptionHandling.framework/Versions/A/ExceptionHandling
0x000000013243b000 	/Library/Java/JavaVirtualMachines/adoptopenjdk-15.jdk/Contents/Home/lib/libfontmanager.dylib
0x0000000132565000 	/Library/Java/JavaVirtualMachines/adoptopenjdk-15.jdk/Contents/Home/lib/./libfreetype.dylib
0x000000013260a000 	/Users/marinebijon/.openjfx/cache/15.0.1/libjavafx_font.dylib
0x00007fff31e0f000 	/System/Library/Frameworks/ApplicationServices.framework/Versions/A/Frameworks/ATS.framework/Versions/A/Resources/libTrueTypeScaler.dylib
0x000000012dfc8000 	/usr/lib/libobjc-trampolines.dylib
0x00007fff2ccdd000 	/System/Library/Extensions/AppleIntelKBLGraphicsMTLDriver.bundle/Contents/MacOS/AppleIntelKBLGraphicsMTLDriver
0x00007fff4d142000 	/System/Library/PrivateFrameworks/GPUCompiler.framework/Versions/3902/Libraries/libmetal_timestamp.dylib
0x000000012dd52000 	/Users/marinebijon/.javacpp/cache/javacpp-1.5.4-macosx-x86_64.jar/org/bytedeco/javacpp/macosx-x86_64/libjnijavacpp.dylib
0x0000000132d17000 	/Users/marinebijon/.javacpp/cache/openblas-0.3.10-1.5.4-macosx-x86_64.jar/org/bytedeco/openblas/macosx-x86_64/libgcc_s.1.dylib
0x0000000132d36000 	/Users/marinebijon/.javacpp/cache/openblas-0.3.10-1.5.4-macosx-x86_64.jar/org/bytedeco/openblas/macosx-x86_64/libquadmath.0.dylib
0x0000000137e03000 	/Users/marinebijon/.javacpp/cache/openblas-0.3.10-1.5.4-macosx-x86_64.jar/org/bytedeco/openblas/macosx-x86_64/libgfortran.4.dylib
0x0000000137ffe000 	/Users/marinebijon/.javacpp/cache/openblas-0.3.10-1.5.4-macosx-x86_64.jar/org/bytedeco/openblas/macosx-x86_64/libopenblas_nolapack.0.dylib
0x0000000132da1000 	/Users/marinebijon/.javacpp/cache/openblas-0.3.10-1.5.4-macosx-x86_64.jar/org/bytedeco/openblas/macosx-x86_64/libjniopenblas_nolapack.dylib
0x000000013dd90000 	/Users/marinebijon/.javacpp/cache/openblas-0.3.10-1.5.4-macosx-x86_64.jar/org/bytedeco/openblas/macosx-x86_64/libopenblas.0.dylib
0x0000000143920000 	/Users/marinebijon/.javacpp/cache/openblas-0.3.10-1.5.4-macosx-x86_64.jar/org/bytedeco/openblas/macosx-x86_64/libjniopenblas.dylib
0x0000000145123000 	/Users/marinebijon/.javacpp/cache/opencv-4.4.0-1.5.4-macosx-x86_64.jar/org/bytedeco/opencv/macosx-x86_64/libopencv_core.4.4.dylib
0x000000014557f000 	/Users/marinebijon/.javacpp/cache/opencv-4.4.0-1.5.4-macosx-x86_64.jar/org/bytedeco/opencv/macosx-x86_64/libopencv_imgproc.4.4.dylib
0x0000000145b43000 	/Users/marinebijon/.javacpp/cache/opencv-4.4.0-1.5.4-macosx-x86_64.jar/org/bytedeco/opencv/macosx-x86_64/libjniopencv_core.dylib
0x00000001480d8000 	/Users/marinebijon/.javacpp/cache/opencv-4.4.0-1.5.4-macosx-x86_64.jar/org/bytedeco/opencv/macosx-x86_64/libjniopencv_imgproc.dylib
0x00000001488b3000 	/Users/marinebijon/.javacpp/cache/opencv-4.4.0-1.5.4-macosx-x86_64.jar/org/bytedeco/opencv/macosx-x86_64/libopencv_imgcodecs.4.4.dylib
0x0000000133fe4000 	/Users/marinebijon/.javacpp/cache/opencv-4.4.0-1.5.4-macosx-x86_64.jar/org/bytedeco/opencv/macosx-x86_64/libjniopencv_imgcodecs.dylib
0x00000001332c9000 	/Users/marinebijon/.javacpp/cache/opencv-4.4.0-1.5.4-macosx-x86_64.jar/org/bytedeco/opencv/macosx-x86_64/libopencv_videoio.4.4.dylib
0x00007fff2f771000 	/System/Library/Frameworks/AVFoundation.framework/Versions/A/AVFoundation
0x00007fff2f94e000 	/System/Library/Frameworks/AVFoundation.framework/Versions/A/Frameworks/AVFAudio.framework/Versions/A/AVFAudio
0x00007fff51003000 	/System/Library/PrivateFrameworks/InternationalSupport.framework/Versions/A/InternationalSupport
0x00007fff34931000 	/System/Library/Frameworks/CoreMediaIO.framework/Versions/A/CoreMediaIO
0x00007fff56154000 	/System/Library/PrivateFrameworks/RemoteServiceDiscovery.framework/Versions/A/RemoteServiceDiscovery
0x00007fff56195000 	/System/Library/PrivateFrameworks/RemoteXPC.framework/Versions/A/RemoteXPC
0x000000013338a000 	/Users/marinebijon/.javacpp/cache/opencv-4.4.0-1.5.4-macosx-x86_64.jar/org/bytedeco/opencv/macosx-x86_64/libjniopencv_videoio.dylib
0x000000013285f000 	/System/Library/Extensions/AppleHDA.kext/Contents/PlugIns/AppleHDAHALPlugIn.bundle/Contents/MacOS/AppleHDAHALPlugIn
0x00000001333b4000 	/Library/CoreMediaIO/Plug-Ins/DAL/AppleCamera.plugin/Contents/MacOS/AppleCamera
0x0000000146643000 	/System/Library/Frameworks/CoreMediaIO.framework/Resources/CMIOUnits.bundle/Contents/MacOS/CMIOUnits
0x00007fff4944a000 	/System/Library/PrivateFrameworks/FWAVC.framework/Versions/A/FWAVC
0x0000000137c18000 	/System/Library/Frameworks/CoreMediaIO.framework/Resources/BaseUnits/CMIOBaseUnits.bundle/Contents/MacOS/CMIOBaseUnits
0x00007fff4388b000 	/System/Library/PrivateFrameworks/AppleGVA.framework/Versions/A/AppleGVA
0x0000000133714000 	/Library/Java/JavaVirtualMachines/adoptopenjdk-15.jdk/Contents/Home/lib/libjavajpeg.dylib
0x000000014f7b7000 	/private/var/folders/st/lv34qckd381_q97q3zz3vv6h0000gq/T/tensorflow_native_libraries-1611306826569-0/libtensorflow_jni.dylib
0x0000000160709000 	/private/var/folders/st/lv34qckd381_q97q3zz3vv6h0000gq/T/tensorflow_native_libraries-1611306826569-0/libtensorflow_framework.1.dylib


VM Arguments:
jvm_args: --add-modules=javafx.controls,javafx.swing --module-path=/Users/marinebijon/.gradle/caches/modules-2/files-2.1/org.openjfx/javafx-controls/15.0.1/cb743a50156d7eca281bfc3547aff4d146972e02/javafx-controls-15.0.1-mac.jar:/Users/marinebijon/.gradle/caches/modules-2/files-2.1/org.openjfx/javafx-swing/15.0.1/1dcabb4f0d50c00fc9cc92306131762fc4977abd/javafx-swing-15.0.1-mac.jar:/Users/marinebijon/.gradle/caches/modules-2/files-2.1/org.openjfx/javafx-graphics/15.0.1/98ced13a06ad705ce0014df60794cedbf297080b/javafx-graphics-15.0.1-mac.jar:/Users/marinebijon/.gradle/caches/modules-2/files-2.1/org.openjfx/javafx-base/15.0.1/b91bc3dfc230b46f11146686648a42921de0c23/javafx-base-15.0.1-mac.jar -Dfile.encoding=UTF-8 -Duser.country=FR -Duser.language=fr -Duser.variant 
java_command: Main
java_class_path (initial): /Users/marinebijon/Desktop/smart_webcam/build/classes/java/main:/Users/marinebijon/Desktop/smart_webcam/build/resources/main:/Users/marinebijon/.gradle/caches/modules-2/files-2.1/org.tensorflow/tensorflow/1.15.0/e6a186dca82681e1e28615167e38859b99f82235/tensorflow-1.15.0.jar:/Users/marinebijon/.gradle/caches/modules-2/files-2.1/org.openjfx/javafx-controls/15.0.1/cb743a50156d7eca281bfc3547aff4d146972e02/javafx-controls-15.0.1-mac.jar:/Users/marinebijon/.gradle/caches/modules-2/files-2.1/org.openjfx/javafx-swing/15.0.1/1dcabb4f0d50c00fc9cc92306131762fc4977abd/javafx-swing-15.0.1-mac.jar:/Users/marinebijon/.gradle/caches/modules-2/files-2.1/org.openjfx/javafx-graphics/15.0.1/98ced13a06ad705ce0014df60794cedbf297080b/javafx-graphics-15.0.1-mac.jar:/Users/marinebijon/.gradle/caches/modules-2/files-2.1/org.openjfx/javafx-graphics/15.0.1/55565f47d9d4e295f8bdeb8a6577e29b8bc29267/javafx-graphics-15.0.1.jar:/Users/marinebijon/.gradle/caches/modules-2/files-2.1/org.openjfx/javafx-base/15.0.1/b91bc3dfc230b46f11146686648a42921de0c23/javafx-base-15.0.1-mac.jar:/Users/marinebijon/.gradle/caches/modules-2/files-2.1/org.openjfx/javafx-base/15.0.1/88d5d4ad546e17904516fd05be69243e54144af4/javafx-base-15.0.1.jar:/Users/marinebijon/.gradle/caches/modules-2/files-2.1/org.bytedeco/javacv-platform/1.5.4/6f61de317a592703d302247951140e0057055bd9/javacv-platform-1.5.4.jar:/Users/marinebijon/.gradle/caches/modules-2/files-2.1/org.bytedeco/javacv/1.5.4/84a401a2bcf3f041c150046e0c51d6fcdbd39792/javacv-1.5.4.jar:/Users/marinebijon/.gradle/caches/modules-2/files-2.1/org.bytedeco/flandmark-platform/1.07-1.5.4/6292288e98299185e341e9e07192c945f3a10aa9/flandmark-platform-1.07-1.5.4.jar:/Users/marinebijon/.gradle/caches/modules-2/files-2.1/org.bytedeco/flandmark/1.07-1.5.4/b0fef8a4fdf87ae8f592fc5d31c0854641fee1d8/flandmark-1.07-1.5.4.jar:/Users/marinebijon/.gradle/caches/modules-2/files-2.1/org.bytedeco/flandmark/1.07-1.5.4/64da4fc158f18119acef9a473729d15b8fd7cf38/flandmark-1.
Launcher Type: SUN_STANDARD

[Global flags]
     intx CICompilerCount                          = 3                                         {product} {ergonomic}
     uint ConcGCThreads                            = 1                                         {product} {ergonomic}
     uint G1ConcRefinementThreads                  = 4                                         {product} {ergonomic}
   size_t G1HeapRegionSize                         = 1048576                                   {product} {ergonomic}
    uintx GCDrainStackTargetSize                   = 64                                        {product} {ergonomic}
   size_t InitialHeapSize                          = 134217728                                 {product} {ergonomic}
   size_t MarkStackSize                            = 4194304                                   {product} {ergonomic}
   size_t MaxHeapSize                              = 2147483648                                {product} {ergonomic}
   size_t MaxNewSize                               = 1287651328                                {product} {ergonomic}
   size_t MinHeapDeltaBytes                        = 1048576                                   {product} {ergonomic}
   size_t MinHeapSize                              = 8388608                                   {product} {ergonomic}
    uintx NonNMethodCodeHeapSize                   = 5832780                                {pd product} {ergonomic}
    uintx NonProfiledCodeHeapSize                  = 122912730                              {pd product} {ergonomic}
    uintx ProfiledCodeHeapSize                     = 122912730                              {pd product} {ergonomic}
    uintx ReservedCodeCacheSize                    = 251658240                              {pd product} {ergonomic}
     bool SegmentedCodeCache                       = true                                      {product} {ergonomic}
   size_t SoftMaxHeapSize                          = 2147483648                             {manageable} {ergonomic}
     bool UseCompressedClassPointers               = true                                 {lp64_product} {ergonomic}
     bool UseCompressedOops                        = true                                 {lp64_product} {ergonomic}
     bool UseG1GC                                  = true                                      {product} {ergonomic}
     bool UseNUMA                                  = false                                     {product} {ergonomic}
     bool UseNUMAInterleaving                      = false                                     {product} {ergonomic}

Logging:
Log output configuration:
 #0: stdout all=warning uptime,level,tags
 #1: stderr all=off uptime,level,tags

Environment Variables:
CLASSPATH=/Library/Java/JUNIT/junit-4.12.jar:/Library/Java/JUNIT/hamcrest-all-1.3.jar:/Library/Java/JUNIT/chromedriver:/Library/Java/JUNIT/client-combined-3.8.1.jar:/Library/Java/JUNIT/client-combined-3.8.1-sources.jar:/Library/Java/JUNIT/selenium-server-standalone-3.8.1.jar:/Library/Java/JUNIT/cucumber-java-1.2.5.jar:/Library/Java/JUNIT/cucumber-junit-1.2.5.jar:/Library/Java/JUNIT/cucumber-core-1.2.5.jar:/Library/Java/JUNIT/gherkin-2.12.2.jar:/Library/Java/JUNIT/cucumber-jvm-deps-1.0.5.jar:.
PATH=/usr/local/bin:/usr/bin:/bin:/usr/sbin:/sbin
SHELL=/bin/bash
LC_CTYPE=fr_FR.UTF-8

Signal Handlers:
SIGSEGV: [libjvm.dylib+0xa87930], sa_mask[0]=11111111011111110111111111111111, sa_flags=SA_ONSTACK|SA_RESTART|SA_SIGINFO
SIGBUS: [libjvm.dylib+0xa87930], sa_mask[0]=11111111011111110111111111111111, sa_flags=SA_RESTART|SA_SIGINFO
SIGFPE: [libjvm.dylib+0xa87930], sa_mask[0]=11111111011111110111111111111111, sa_flags=SA_RESTART|SA_SIGINFO
SIGPIPE: [libjvm.dylib+0x841e70], sa_mask[0]=11111111011111110111111111111111, sa_flags=SA_RESTART|SA_SIGINFO
SIGXFSZ: [libjvm.dylib+0x841e70], sa_mask[0]=11111111011111110111111111111111, sa_flags=SA_RESTART|SA_SIGINFO
SIGILL: [libjvm.dylib+0xa87930], sa_mask[0]=11111111011111110111111111111111, sa_flags=SA_RESTART|SA_SIGINFO
SIGUSR2: [libjvm.dylib+0x842990], sa_mask[0]=00100000000000000000000000000000, sa_flags=SA_RESTART|SA_SIGINFO
SIGHUP: [libjvm.dylib+0x841070], sa_mask[0]=11111111011111110111111111111111, sa_flags=SA_RESTART|SA_SIGINFO
SIGINT: [libjvm.dylib+0x841070], sa_mask[0]=11111111011111110111111111111111, sa_flags=SA_RESTART|SA_SIGINFO
SIGTERM: [libjvm.dylib+0x841070], sa_mask[0]=11111111011111110111111111111111, sa_flags=SA_RESTART|SA_SIGINFO
SIGQUIT: [libjvm.dylib+0x841070], sa_mask[0]=11111111011111110111111111111111, sa_flags=SA_RESTART|SA_SIGINFO


---------------  S Y S T E M  ---------------

OS:uname: Darwin 18.7.0 Darwin Kernel Version 18.7.0: Thu Jun 20 18:42:21 PDT 2019; root:xnu-4903.270.47~4/RELEASE_X86_64 x86_64
OS uptime: 45 days 16:31 hours
rlimit (soft/hard): STACK 8192k/65532k , CORE 0k/infinity , NPROC 709/1064 , NOFILE 10240/infinity , AS infinity/infinity , CPU infinity/infinity , DATA infinity/infinity , FSIZE infinity/infinity , MEMLOCK infinity/infinity , RSS infinity/infinity
load average: 5.04 4.22 4.06

CPU: total 4 (initial active 4) (2 cores per cpu, 2 threads per core) family 6 model 142 stepping 9 microcode 0xb4, cmov, cx8, fxsr, mmx, sse, sse2, sse3, ssse3, sse4.1, sse4.2, popcnt, vzeroupper, avx, avx2, aes, clmul, erms, rtm, 3dnowpref, lzcnt, ht, tsc, tscinvbit, bmi1, bmi2, adx, fma, clflush, clflushopt

Memory: 4k page, physical 8388608k(658984k free), swap 5242880k(482816k free)

vm_info: OpenJDK 64-Bit Server VM (15.0.1+9) for bsd-amd64 JRE (15.0.1+9), built on Nov 30 2020 15:31:38 by "jenkins" with clang 4.2.1 Compatible Apple LLVM 10.0.1 (clang-1001.0.46.4)

END.
